# JRE version: OpenJDK Runtime Environment Temurin-21.0.9+10 (21.0.9+10) (build 21.0.9+10-LTS)
# Java VM: OpenJDK 64-Bit Server VM Temurin-21.0.9+10 (21.0.9+10-LTS, mixed mode, sharing, tiered, compressed oops, compressed class ptrs, parallel gc, windows-amd64)
GC Precious Log:
 CardTable entry size: 512
 CPUs: 12 total, 12 available
 Memory: 7521M
 Large Page Support: Disabled
 NUMA Support: Disabled
 Compressed Oops: Enabled (32-bit)
 Alignments: Space 512K, Generation 512K, Heap 2M
 Heap Min Capacity: 100M
 Heap Initial Capacity: 100M
 Heap Max Capacity: 2G
 Pre-touch: Disabled
 Parallel Workers: 10
Heap:
 PSYoungGen      total 10752K, used 10305K [0x00000000d5580000, 0x00000000d6500000, 0x0000000100000000)
  eden space 7168K, 99% used [0x00000000d5580000,0x00000000d5c7fff0,0x00000000d5c80000)
  from space 3584K, 87% used [0x00000000d6180000,0x00000000d6490700,0x00000000d6500000)
  to   space 3584K, 0% used [0x00000000d5e00000,0x00000000d5e00000,0x00000000d6180000)
 ParOldGen       total 307712K, used 307579K [0x0000000080000000, 0x0000000092c80000, 0x00000000d5580000)
  object space 307712K, 99% used [0x0000000080000000,0x0000000092c5ef78,0x0000000092c80000)
 Metaspace       used 78992K, committed 80704K, reserved 1179648K
  class space    used 8087K, committed 8832K, reserved 1048576K
GC Heap History (20 events):
Event: 482.797 GC heap before
{Heap before GC invocations=687 (full 4):
 PSYoungGen      total 9728K, used 9719K [0x00000000d5580000, 0x00000000d6780000, 0x0000000100000000)
  eden space 7168K, 100% used [0x00000000d5580000,0x00000000d5c80000,0x00000000d5c80000)
  from space 2560K, 99% used [0x00000000d6100000,0x00000000d637ddd0,0x00000000d6380000)
  to   space 4608K, 0% used [0x00000000d5c80000,0x00000000d5c80000,0x00000000d6100000)
 ParOldGen       total 302592K, used 302462K [0x0000000080000000, 0x0000000092780000, 0x00000000d5580000)
  object space 302592K, 99% used [0x0000000080000000,0x000000009275f958,0x0000000092780000)
 Metaspace       used 78961K, committed 80640K, reserved 1179648K
  class space    used 8087K, committed 8832K, reserved 1048576K
}
Event: 482.799 GC heap after
{Heap after GC invocations=687 (full 4):
 PSYoungGen      total 7680K, used 276K [0x00000000d5580000, 0x00000000d6180000, 0x0000000100000000)
  eden space 7168K, 0% used [0x00000000d5580000,0x00000000d5580000,0x00000000d5c80000)
  from space 512K, 54% used [0x00000000d5c80000,0x00000000d5cc5200,0x00000000d5d00000)
  to   space 2048K, 0% used [0x00000000d5f80000,0x00000000d5f80000,0x00000000d6180000)
 ParOldGen       total 302592K, used 302526K [0x0000000080000000, 0x0000000092780000, 0x00000000d5580000)
  object space 302592K, 99% used [0x0000000080000000,0x000000009276f958,0x0000000092780000)
 Metaspace       used 78961K, committed 80640K, reserved 1179648K
  class space    used 8087K, committed 8832K, reserved 1048576K
}
Event: 482.855 GC heap before
{Heap before GC invocations=688 (full 4):
 PSYoungGen      total 7680K, used 7444K [0x00000000d5580000, 0x00000000d6180000, 0x0000000100000000)
  eden space 7168K, 100% used [0x00000000d5580000,0x00000000d5c80000,0x00000000d5c80000)
  from space 512K, 54% used [0x00000000d5c80000,0x00000000d5cc5200,0x00000000d5d00000)
  to   space 2048K, 0% used [0x00000000d5f80000,0x00000000d5f80000,0x00000000d6180000)
 ParOldGen       total 302592K, used 302526K [0x0000000080000000, 0x0000000092780000, 0x00000000d5580000)
  object space 302592K, 99% used [0x0000000080000000,0x000000009276f958,0x0000000092780000)
 Metaspace       used 78961K, committed 80640K, reserved 1179648K
  class space    used 8087K, committed 8832K, reserved 1048576K
}
Event: 482.868 GC heap after
{Heap after GC invocations=688 (full 4):
 PSYoungGen      total 7680K, used 288K [0x00000000d5580000, 0x00000000d6000000, 0x0000000100000000)
  eden space 7168K, 0% used [0x00000000d5580000,0x00000000d5580000,0x00000000d5c80000)
  from space 512K, 56% used [0x00000000d5f80000,0x00000000d5fc8000,0x00000000d6000000)
  to   space 512K, 0% used [0x00000000d5c80000,0x00000000d5c80000,0x00000000d5d00000)
 ParOldGen       total 302592K, used 302582K [0x0000000080000000, 0x0000000092780000, 0x00000000d5580000)
  object space 302592K, 99% used [0x0000000080000000,0x000000009277d958,0x0000000092780000)
 Metaspace       used 78961K, committed 80640K, reserved 1179648K
  class space    used 8087K, committed 8832K, reserved 1048576K
}
Event: 483.080 GC heap before
{Heap before GC invocations=689 (full 4):
 PSYoungGen      total 7680K, used 7456K [0x00000000d5580000, 0x00000000d6000000, 0x0000000100000000)
  eden space 7168K, 100% used [0x00000000d5580000,0x00000000d5c80000,0x00000000d5c80000)
  from space 512K, 56% used [0x00000000d5f80000,0x00000000d5fc8000,0x00000000d6000000)
  to   space 512K, 0% used [0x00000000d5c80000,0x00000000d5c80000,0x00000000d5d00000)
 ParOldGen       total 302592K, used 302582K [0x0000000080000000, 0x0000000092780000, 0x00000000d5580000)
  object space 302592K, 99% used [0x0000000080000000,0x000000009277d958,0x0000000092780000)
 Metaspace       used 78962K, committed 80640K, reserved 1179648K
  class space    used 8087K, committed 8832K, reserved 1048576K
}
Event: 483.082 GC heap after
{Heap after GC invocations=689 (full 4):
 PSYoungGen      total 7680K, used 450K [0x00000000d5580000, 0x00000000d6000000, 0x0000000100000000)
  eden space 7168K, 0% used [0x00000000d5580000,0x00000000d5580000,0x00000000d5c80000)
  from space 512K, 87% used [0x00000000d5c80000,0x00000000d5cf0890,0x00000000d5d00000)
  to   space 512K, 0% used [0x00000000d5f80000,0x00000000d5f80000,0x00000000d6000000)
 ParOldGen       total 303104K, used 303045K [0x0000000080000000, 0x0000000092800000, 0x00000000d5580000)
  object space 303104K, 99% used [0x0000000080000000,0x00000000927f1798,0x0000000092800000)
 Metaspace       used 78962K, committed 80640K, reserved 1179648K
  class space    used 8087K, committed 8832K, reserved 1048576K
}
Event: 483.162 GC heap before
{Heap before GC invocations=690 (full 4):
 PSYoungGen      total 7680K, used 7618K [0x00000000d5580000, 0x00000000d6000000, 0x0000000100000000)
  eden space 7168K, 100% used [0x00000000d5580000,0x00000000d5c80000,0x00000000d5c80000)
  from space 512K, 87% used [0x00000000d5c80000,0x00000000d5cf0890,0x00000000d5d00000)
  to   space 512K, 0% used [0x00000000d5f80000,0x00000000d5f80000,0x00000000d6000000)
 ParOldGen       total 303104K, used 303045K [0x0000000080000000, 0x0000000092800000, 0x00000000d5580000)
  object space 303104K, 99% used [0x0000000080000000,0x00000000927f1798,0x0000000092800000)
 Metaspace       used 78962K, committed 80640K, reserved 1179648K
  class space    used 8087K, committed 8832K, reserved 1048576K
}
Event: 483.163 GC heap after
{Heap after GC invocations=690 (full 4):
 PSYoungGen      total 7680K, used 484K [0x00000000d5580000, 0x00000000d6000000, 0x0000000100000000)
  eden space 7168K, 0% used [0x00000000d5580000,0x00000000d5580000,0x00000000d5c80000)
  from space 512K, 94% used [0x00000000d5f80000,0x00000000d5ff9120,0x00000000d6000000)
  to   space 1024K, 0% used [0x00000000d5e00000,0x00000000d5e00000,0x00000000d5f00000)
 ParOldGen       total 303616K, used 303149K [0x0000000080000000, 0x0000000092880000, 0x00000000d5580000)
  object space 303616K, 99% used [0x0000000080000000,0x000000009280b798,0x0000000092880000)
 Metaspace       used 78962K, committed 80640K, reserved 1179648K
  class space    used 8087K, committed 8832K, reserved 1048576K
}
Event: 483.208 GC heap before
{Heap before GC invocations=691 (full 4):
 PSYoungGen      total 7680K, used 7652K [0x00000000d5580000, 0x00000000d6000000, 0x0000000100000000)
  eden space 7168K, 100% used [0x00000000d5580000,0x00000000d5c80000,0x00000000d5c80000)
  from space 512K, 94% used [0x00000000d5f80000,0x00000000d5ff9120,0x00000000d6000000)
  to   space 1024K, 0% used [0x00000000d5e00000,0x00000000d5e00000,0x00000000d5f00000)
 ParOldGen       total 303616K, used 303149K [0x0000000080000000, 0x0000000092880000, 0x00000000d5580000)
  object space 303616K, 99% used [0x0000000080000000,0x000000009280b798,0x0000000092880000)
 Metaspace       used 78970K, committed 80640K, reserved 1179648K
  class space    used 8087K, committed 8832K, reserved 1048576K
}
Event: 483.209 GC heap after
{Heap after GC invocations=691 (full 4):
 PSYoungGen      total 8192K, used 753K [0x00000000d5580000, 0x00000000d6000000, 0x0000000100000000)
  eden space 7168K, 0% used [0x00000000d5580000,0x00000000d5580000,0x00000000d5c80000)
  from space 1024K, 73% used [0x00000000d5e00000,0x00000000d5ebc7b0,0x00000000d5f00000)
  to   space 1024K, 0% used [0x00000000d5f00000,0x00000000d5f00000,0x00000000d6000000)
 ParOldGen       total 303616K, used 303205K [0x0000000080000000, 0x0000000092880000, 0x00000000d5580000)
  object space 303616K, 99% used [0x0000000080000000,0x0000000092819798,0x0000000092880000)
 Metaspace       used 78970K, committed 80640K, reserved 1179648K
  class space    used 8087K, committed 8832K, reserved 1048576K
}
Event: 483.453 GC heap before
{Heap before GC invocations=692 (full 4):
 PSYoungGen      total 8192K, used 7844K [0x00000000d5580000, 0x00000000d6000000, 0x0000000100000000)
  eden space 7168K, 98% used [0x00000000d5580000,0x00000000d5c6c938,0x00000000d5c80000)
  from space 1024K, 73% used [0x00000000d5e00000,0x00000000d5ebc7b0,0x00000000d5f00000)
  to   space 1024K, 0% used [0x00000000d5f00000,0x00000000d5f00000,0x00000000d6000000)
 ParOldGen       total 303616K, used 303205K [0x0000000080000000, 0x0000000092880000, 0x00000000d5580000)
  object space 303616K, 99% used [0x0000000080000000,0x0000000092819798,0x0000000092880000)
 Metaspace       used 78973K, committed 80640K, reserved 1179648K
  class space    used 8087K, committed 8832K, reserved 1048576K
}
Event: 483.455 GC heap after
{Heap after GC invocations=692 (full 4):
 PSYoungGen      total 8192K, used 780K [0x00000000d5580000, 0x00000000d6000000, 0x0000000100000000)
  eden space 7168K, 0% used [0x00000000d5580000,0x00000000d5580000,0x00000000d5c80000)
  from space 1024K, 76% used [0x00000000d5f00000,0x00000000d5fc30b0,0x00000000d6000000)
  to   space 1024K, 0% used [0x00000000d5e00000,0x00000000d5e00000,0x00000000d5f00000)
 ParOldGen       total 303616K, used 303277K [0x0000000080000000, 0x0000000092880000, 0x00000000d5580000)
  object space 303616K, 99% used [0x0000000080000000,0x000000009282b798,0x0000000092880000)
 Metaspace       used 78973K, committed 80640K, reserved 1179648K
  class space    used 8087K, committed 8832K, reserved 1048576K
}
Event: 483.588 GC heap before
{Heap before GC invocations=693 (full 4):
 PSYoungGen      total 8192K, used 7948K [0x00000000d5580000, 0x00000000d6000000, 0x0000000100000000)
  eden space 7168K, 100% used [0x00000000d5580000,0x00000000d5c80000,0x00000000d5c80000)
  from space 1024K, 76% used [0x00000000d5f00000,0x00000000d5fc30b0,0x00000000d6000000)
  to   space 1024K, 0% used [0x00000000d5e00000,0x00000000d5e00000,0x00000000d5f00000)
 ParOldGen       total 303616K, used 303277K [0x0000000080000000, 0x0000000092880000, 0x00000000d5580000)
  object space 303616K, 99% used [0x0000000080000000,0x000000009282b798,0x0000000092880000)
 Metaspace       used 78974K, committed 80640K, reserved 1179648K
  class space    used 8087K, committed 8832K, reserved 1048576K
}
Event: 483.590 GC heap after
{Heap after GC invocations=693 (full 4):
 PSYoungGen      total 8192K, used 841K [0x00000000d5580000, 0x00000000d5f80000, 0x0000000100000000)
  eden space 7168K, 0% used [0x00000000d5580000,0x00000000d5580000,0x00000000d5c80000)
  from space 1024K, 82% used [0x00000000d5e00000,0x00000000d5ed2630,0x00000000d5f00000)
  to   space 512K, 0% used [0x00000000d5f00000,0x00000000d5f00000,0x00000000d5f80000)
 ParOldGen       total 303616K, used 303410K [0x0000000080000000, 0x0000000092880000, 0x00000000d5580000)
  object space 303616K, 99% used [0x0000000080000000,0x000000009284ca28,0x0000000092880000)
 Metaspace       used 78974K, committed 80640K, reserved 1179648K
  class space    used 8087K, committed 8832K, reserved 1048576K
}
Event: 483.720 GC heap before
{Heap before GC invocations=694 (full 4):
 PSYoungGen      total 8192K, used 8009K [0x00000000d5580000, 0x00000000d5f80000, 0x0000000100000000)
  eden space 7168K, 100% used [0x00000000d5580000,0x00000000d5c80000,0x00000000d5c80000)
  from space 1024K, 82% used [0x00000000d5e00000,0x00000000d5ed2630,0x00000000d5f00000)
  to   space 512K, 0% used [0x00000000d5f00000,0x00000000d5f00000,0x00000000d5f80000)
 ParOldGen       total 303616K, used 303410K [0x0000000080000000, 0x0000000092880000, 0x00000000d5580000)
  object space 303616K, 99% used [0x0000000080000000,0x000000009284ca28,0x0000000092880000)
 Metaspace       used 78977K, committed 80640K, reserved 1179648K
  class space    used 8087K, committed 8832K, reserved 1048576K
}
Event: 483.723 GC heap after
{Heap after GC invocations=694 (full 4):
 PSYoungGen      total 7680K, used 490K [0x00000000d5580000, 0x00000000d5f80000, 0x0000000100000000)
  eden space 7168K, 0% used [0x00000000d5580000,0x00000000d5580000,0x00000000d5c80000)
  from space 512K, 95% used [0x00000000d5f00000,0x00000000d5f7a820,0x00000000d5f80000)
  to   space 1024K, 0% used [0x00000000d5d80000,0x00000000d5d80000,0x00000000d5e80000)
 ParOldGen       total 304128K, used 303903K [0x0000000080000000, 0x0000000092900000, 0x00000000d5580000)
  object space 304128K, 99% used [0x0000000080000000,0x00000000928c7cc8,0x0000000092900000)
 Metaspace       used 78977K, committed 80640K, reserved 1179648K
  class space    used 8087K, committed 8832K, reserved 1048576K
}
Event: 484.031 GC heap before
{Heap before GC invocations=695 (full 4):
 PSYoungGen      total 7680K, used 7657K [0x00000000d5580000, 0x00000000d5f80000, 0x0000000100000000)
  eden space 7168K, 99% used [0x00000000d5580000,0x00000000d5c7ffd0,0x00000000d5c80000)
  from space 512K, 95% used [0x00000000d5f00000,0x00000000d5f7a820,0x00000000d5f80000)
  to   space 1024K, 0% used [0x00000000d5d80000,0x00000000d5d80000,0x00000000d5e80000)
 ParOldGen       total 304128K, used 303903K [0x0000000080000000, 0x0000000092900000, 0x00000000d5580000)
  object space 304128K, 99% used [0x0000000080000000,0x00000000928c7cc8,0x0000000092900000)
 Metaspace       used 78984K, committed 80640K, reserved 1179648K
  class space    used 8087K, committed 8832K, reserved 1048576K
}
Event: 484.036 GC heap after
{Heap after GC invocations=695 (full 4):
 PSYoungGen      total 8192K, used 994K [0x00000000d5580000, 0x00000000d6680000, 0x0000000100000000)
  eden space 7168K, 0% used [0x00000000d5580000,0x00000000d5580000,0x00000000d5c80000)
  from space 1024K, 97% used [0x00000000d5d80000,0x00000000d5e78950,0x00000000d5e80000)
  to   space 5120K, 0% used [0x00000000d6180000,0x00000000d6180000,0x00000000d6680000)
 ParOldGen       total 307200K, used 307008K [0x0000000080000000, 0x0000000092c00000, 0x00000000d5580000)
  object space 307200K, 99% used [0x0000000080000000,0x0000000092bd0100,0x0000000092c00000)
 Metaspace       used 78984K, committed 80640K, reserved 1179648K
  class space    used 8087K, committed 8832K, reserved 1048576K
}
Event: 484.194 GC heap before
{Heap before GC invocations=696 (full 4):
 PSYoungGen      total 8192K, used 8162K [0x00000000d5580000, 0x00000000d6680000, 0x0000000100000000)
  eden space 7168K, 100% used [0x00000000d5580000,0x00000000d5c80000,0x00000000d5c80000)
  from space 1024K, 97% used [0x00000000d5d80000,0x00000000d5e78950,0x00000000d5e80000)
  to   space 5120K, 0% used [0x00000000d6180000,0x00000000d6180000,0x00000000d6680000)
 ParOldGen       total 307200K, used 307008K [0x0000000080000000, 0x0000000092c00000, 0x00000000d5580000)
  object space 307200K, 99% used [0x0000000080000000,0x0000000092bd0100,0x0000000092c00000)
 Metaspace       used 78989K, committed 80640K, reserved 1179648K
  class space    used 8087K, committed 8832K, reserved 1048576K
}
Event: 484.201 GC heap after
{Heap after GC invocations=696 (full 4):
 PSYoungGen      total 10752K, used 3137K [0x00000000d5580000, 0x00000000d6500000, 0x0000000100000000)
  eden space 7168K, 0% used [0x00000000d5580000,0x00000000d5580000,0x00000000d5c80000)
  from space 3584K, 87% used [0x00000000d6180000,0x00000000d6490700,0x00000000d6500000)
  to   space 3584K, 0% used [0x00000000d5e00000,0x00000000d5e00000,0x00000000d6180000)
 ParOldGen       total 307712K, used 307579K [0x0000000080000000, 0x0000000092c80000, 0x00000000d5580000)
  object space 307712K, 99% used [0x0000000080000000,0x0000000092c5ef78,0x0000000092c80000)
 Metaspace       used 78989K, committed 80640K, reserved 1179648K
  class space    used 8087K, committed 8832K, reserved 1048576K
}

