# JRE version: OpenJDK Runtime Environment Temurin-21.0.9+10 (21.0.9+10) (build 21.0.9+10-LTS)
# Java VM: OpenJDK 64-Bit Server VM Temurin-21.0.9+10 (21.0.9+10-LTS, mixed mode, sharing, tiered, compressed oops, compressed class ptrs, parallel gc, windows-amd64)
GC Precious Log:
 CardTable entry size: 512
 CPUs: 12 total, 12 available
 Memory: 7521M
 Large Page Support: Disabled
 NUMA Support: Disabled
 Compressed Oops: Enabled (32-bit)
 Alignments: Space 512K, Generation 512K, Heap 2M
 Heap Min Capacity: 100M
 Heap Initial Capacity: 100M
 Heap Max Capacity: 2G
 Pre-touch: Disabled
 Parallel Workers: 10
Heap:
 PSYoungGen      total 20992K, used 11042K [0x00000000d5580000, 0x00000000d6b80000, 0x0000000100000000)
  eden space 20480K, 51% used [0x00000000d5580000,0x00000000d5fd0920,0x00000000d6980000)
  from space 512K, 93% used [0x00000000d6b00000,0x00000000d6b78000,0x00000000d6b80000)
  to   space 512K, 0% used [0x00000000d6a80000,0x00000000d6a80000,0x00000000d6b00000)
 ParOldGen       total 79360K, used 75206K [0x0000000080000000, 0x0000000084d80000, 0x00000000d5580000)
  object space 79360K, 94% used [0x0000000080000000,0x00000000849719e8,0x0000000084d80000)
 Metaspace       used 59972K, committed 61504K, reserved 1114112K
  class space    used 6433K, committed 7104K, reserved 1048576K
GC Heap History (20 events):
Event: 25.475 GC heap before
{Heap before GC invocations=66 (full 2):
 PSYoungGen      total 23040K, used 22688K [0x00000000d5580000, 0x00000000d6d00000, 0x0000000100000000)
  eden space 22016K, 100% used [0x00000000d5580000,0x00000000d6b00000,0x00000000d6b00000)
  from space 1024K, 65% used [0x00000000d6b00000,0x00000000d6ba8000,0x00000000d6c00000)
  to   space 1024K, 0% used [0x00000000d6c00000,0x00000000d6c00000,0x00000000d6d00000)
 ParOldGen       total 76288K, used 75994K [0x0000000080000000, 0x0000000084a80000, 0x00000000d5580000)
  object space 76288K, 99% used [0x0000000080000000,0x0000000084a369e8,0x0000000084a80000)
 Metaspace       used 57763K, committed 59200K, reserved 1114112K
  class space    used 6248K, committed 6912K, reserved 1048576K
}
Event: 25.477 GC heap after
{Heap after GC invocations=66 (full 2):
 PSYoungGen      total 23040K, used 704K [0x00000000d5580000, 0x00000000d6d00000, 0x0000000100000000)
  eden space 22016K, 0% used [0x00000000d5580000,0x00000000d5580000,0x00000000d6b00000)
  from space 1024K, 68% used [0x00000000d6c00000,0x00000000d6cb0000,0x00000000d6d00000)
  to   space 1024K, 0% used [0x00000000d6b00000,0x00000000d6b00000,0x00000000d6c00000)
 ParOldGen       total 76800K, used 76354K [0x0000000080000000, 0x0000000084b00000, 0x00000000d5580000)
  object space 76800K, 99% used [0x0000000080000000,0x0000000084a909e8,0x0000000084b00000)
 Metaspace       used 57763K, committed 59200K, reserved 1114112K
  class space    used 6248K, committed 6912K, reserved 1048576K
}
Event: 25.514 GC heap before
{Heap before GC invocations=67 (full 2):
 PSYoungGen      total 23040K, used 22720K [0x00000000d5580000, 0x00000000d6d00000, 0x0000000100000000)
  eden space 22016K, 100% used [0x00000000d5580000,0x00000000d6b00000,0x00000000d6b00000)
  from space 1024K, 68% used [0x00000000d6c00000,0x00000000d6cb0000,0x00000000d6d00000)
  to   space 1024K, 0% used [0x00000000d6b00000,0x00000000d6b00000,0x00000000d6c00000)
 ParOldGen       total 76800K, used 76354K [0x0000000080000000, 0x0000000084b00000, 0x00000000d5580000)
  object space 76800K, 99% used [0x0000000080000000,0x0000000084a909e8,0x0000000084b00000)
 Metaspace       used 57786K, committed 59200K, reserved 1114112K
  class space    used 6248K, committed 6912K, reserved 1048576K
}
Event: 25.515 GC heap after
{Heap after GC invocations=67 (full 2):
 PSYoungGen      total 23040K, used 546K [0x00000000d5580000, 0x00000000d6d00000, 0x0000000100000000)
  eden space 22016K, 0% used [0x00000000d5580000,0x00000000d5580000,0x00000000d6b00000)
  from space 1024K, 53% used [0x00000000d6b00000,0x00000000d6b88800,0x00000000d6c00000)
  to   space 1024K, 0% used [0x00000000d6c00000,0x00000000d6c00000,0x00000000d6d00000)
 ParOldGen       total 77312K, used 76935K [0x0000000080000000, 0x0000000084b80000, 0x00000000d5580000)
  object space 77312K, 99% used [0x0000000080000000,0x0000000084b21ce8,0x0000000084b80000)
 Metaspace       used 57786K, committed 59200K, reserved 1114112K
  class space    used 6248K, committed 6912K, reserved 1048576K
}
Event: 25.585 GC heap before
{Heap before GC invocations=68 (full 2):
 PSYoungGen      total 23040K, used 22562K [0x00000000d5580000, 0x00000000d6d00000, 0x0000000100000000)
  eden space 22016K, 100% used [0x00000000d5580000,0x00000000d6b00000,0x00000000d6b00000)
  from space 1024K, 53% used [0x00000000d6b00000,0x00000000d6b88800,0x00000000d6c00000)
  to   space 1024K, 0% used [0x00000000d6c00000,0x00000000d6c00000,0x00000000d6d00000)
 ParOldGen       total 77312K, used 76935K [0x0000000080000000, 0x0000000084b80000, 0x00000000d5580000)
  object space 77312K, 99% used [0x0000000080000000,0x0000000084b21ce8,0x0000000084b80000)
 Metaspace       used 57933K, committed 59456K, reserved 1114112K
  class space    used 6259K, committed 6912K, reserved 1048576K
}
Event: 25.594 GC heap after
{Heap after GC invocations=68 (full 2):
 PSYoungGen      total 21504K, used 992K [0x00000000d5580000, 0x00000000d7000000, 0x0000000100000000)
  eden space 20480K, 0% used [0x00000000d5580000,0x00000000d5580000,0x00000000d6980000)
  from space 1024K, 96% used [0x00000000d6c00000,0x00000000d6cf8010,0x00000000d6d00000)
  to   space 2560K, 0% used [0x00000000d6980000,0x00000000d6980000,0x00000000d6c00000)
 ParOldGen       total 78336K, used 78041K [0x0000000080000000, 0x0000000084c80000, 0x00000000d5580000)
  object space 78336K, 99% used [0x0000000080000000,0x0000000084c364e8,0x0000000084c80000)
 Metaspace       used 57933K, committed 59456K, reserved 1114112K
  class space    used 6259K, committed 6912K, reserved 1048576K
}
Event: 25.647 GC heap before
{Heap before GC invocations=69 (full 2):
 PSYoungGen      total 21504K, used 8979K [0x00000000d5580000, 0x00000000d7000000, 0x0000000100000000)
  eden space 20480K, 38% used [0x00000000d5580000,0x00000000d5d4ccb8,0x00000000d6980000)
  from space 1024K, 96% used [0x00000000d6c00000,0x00000000d6cf8010,0x00000000d6d00000)
  to   space 2560K, 0% used [0x00000000d6980000,0x00000000d6980000,0x00000000d6c00000)
 ParOldGen       total 78336K, used 78041K [0x0000000080000000, 0x0000000084c80000, 0x00000000d5580000)
  object space 78336K, 99% used [0x0000000080000000,0x0000000084c364e8,0x0000000084c80000)
 Metaspace       used 58303K, committed 59776K, reserved 1114112K
  class space    used 6305K, committed 6976K, reserved 1048576K
}
Event: 25.668 GC heap after
{Heap after GC invocations=69 (full 2):
 PSYoungGen      total 23040K, used 480K [0x00000000d5580000, 0x00000000d6e00000, 0x0000000100000000)
  eden space 20480K, 0% used [0x00000000d5580000,0x00000000d5580000,0x00000000d6980000)
  from space 2560K, 18% used [0x00000000d6980000,0x00000000d69f8000,0x00000000d6c00000)
  to   space 1536K, 0% used [0x00000000d6c80000,0x00000000d6c80000,0x00000000d6e00000)
 ParOldGen       total 79360K, used 79017K [0x0000000080000000, 0x0000000084d80000, 0x00000000d5580000)
  object space 79360K, 99% used [0x0000000080000000,0x0000000084d2a4f8,0x0000000084d80000)
 Metaspace       used 58303K, committed 59776K, reserved 1114112K
  class space    used 6305K, committed 6976K, reserved 1048576K
}
Event: 25.668 GC heap before
{Heap before GC invocations=70 (full 3):
 PSYoungGen      total 23040K, used 480K [0x00000000d5580000, 0x00000000d6e00000, 0x0000000100000000)
  eden space 20480K, 0% used [0x00000000d5580000,0x00000000d5580000,0x00000000d6980000)
  from space 2560K, 18% used [0x00000000d6980000,0x00000000d69f8000,0x00000000d6c00000)
  to   space 1536K, 0% used [0x00000000d6c80000,0x00000000d6c80000,0x00000000d6e00000)
 ParOldGen       total 79360K, used 79017K [0x0000000080000000, 0x0000000084d80000, 0x00000000d5580000)
  object space 79360K, 99% used [0x0000000080000000,0x0000000084d2a4f8,0x0000000084d80000)
 Metaspace       used 58303K, committed 59776K, reserved 1114112K
  class space    used 6305K, committed 6976K, reserved 1048576K
}
Event: 25.897 GC heap after
{Heap after GC invocations=70 (full 3):
 PSYoungGen      total 23040K, used 0K [0x00000000d5580000, 0x00000000d6e00000, 0x0000000100000000)
  eden space 20480K, 0% used [0x00000000d5580000,0x00000000d5580000,0x00000000d6980000)
  from space 2560K, 0% used [0x00000000d6980000,0x00000000d6980000,0x00000000d6c00000)
  to   space 1536K, 0% used [0x00000000d6c80000,0x00000000d6c80000,0x00000000d6e00000)
 ParOldGen       total 79360K, used 71381K [0x0000000080000000, 0x0000000084d80000, 0x00000000d5580000)
  object space 79360K, 89% used [0x0000000080000000,0x00000000845b56c0,0x0000000084d80000)
 Metaspace       used 58303K, committed 59776K, reserved 1114112K
  class space    used 6305K, committed 6976K, reserved 1048576K
}
Event: 26.304 GC heap before
{Heap before GC invocations=71 (full 3):
 PSYoungGen      total 23040K, used 20480K [0x00000000d5580000, 0x00000000d6e00000, 0x0000000100000000)
  eden space 20480K, 100% used [0x00000000d5580000,0x00000000d6980000,0x00000000d6980000)
  from space 2560K, 0% used [0x00000000d6980000,0x00000000d6980000,0x00000000d6c00000)
  to   space 1536K, 0% used [0x00000000d6c80000,0x00000000d6c80000,0x00000000d6e00000)
 ParOldGen       total 79360K, used 71381K [0x0000000080000000, 0x0000000084d80000, 0x00000000d5580000)
  object space 79360K, 89% used [0x0000000080000000,0x00000000845b56c0,0x0000000084d80000)
 Metaspace       used 59392K, committed 60928K, reserved 1114112K
  class space    used 6428K, committed 7104K, reserved 1048576K
}
Event: 26.306 GC heap after
{Heap after GC invocations=71 (full 3):
 PSYoungGen      total 22016K, used 1523K [0x00000000d5580000, 0x00000000d6f80000, 0x0000000100000000)
  eden space 20480K, 0% used [0x00000000d5580000,0x00000000d5580000,0x00000000d6980000)
  from space 1536K, 99% used [0x00000000d6c80000,0x00000000d6dfce18,0x00000000d6e00000)
  to   space 3072K, 0% used [0x00000000d6980000,0x00000000d6980000,0x00000000d6c80000)
 ParOldGen       total 79360K, used 72224K [0x0000000080000000, 0x0000000084d80000, 0x00000000d5580000)
  object space 79360K, 91% used [0x0000000080000000,0x00000000846883d0,0x0000000084d80000)
 Metaspace       used 59392K, committed 60928K, reserved 1114112K
  class space    used 6428K, committed 7104K, reserved 1048576K
}
Event: 26.952 GC heap before
{Heap before GC invocations=72 (full 3):
 PSYoungGen      total 22016K, used 22003K [0x00000000d5580000, 0x00000000d6f80000, 0x0000000100000000)
  eden space 20480K, 100% used [0x00000000d5580000,0x00000000d6980000,0x00000000d6980000)
  from space 1536K, 99% used [0x00000000d6c80000,0x00000000d6dfce18,0x00000000d6e00000)
  to   space 3072K, 0% used [0x00000000d6980000,0x00000000d6980000,0x00000000d6c80000)
 ParOldGen       total 79360K, used 72224K [0x0000000080000000, 0x0000000084d80000, 0x00000000d5580000)
  object space 79360K, 91% used [0x0000000080000000,0x00000000846883d0,0x0000000084d80000)
 Metaspace       used 59653K, committed 61184K, reserved 1114112K
  class space    used 6431K, committed 7104K, reserved 1048576K
}
Event: 26.954 GC heap after
{Heap after GC invocations=72 (full 3):
 PSYoungGen      total 22016K, used 1376K [0x00000000d5580000, 0x00000000d6d80000, 0x0000000100000000)
  eden space 20480K, 0% used [0x00000000d5580000,0x00000000d5580000,0x00000000d6980000)
  from space 1536K, 89% used [0x00000000d6980000,0x00000000d6ad8000,0x00000000d6b00000)
  to   space 2048K, 0% used [0x00000000d6b80000,0x00000000d6b80000,0x00000000d6d80000)
 ParOldGen       total 79360K, used 73622K [0x0000000080000000, 0x0000000084d80000, 0x00000000d5580000)
  object space 79360K, 92% used [0x0000000080000000,0x00000000847e59c8,0x0000000084d80000)
 Metaspace       used 59653K, committed 61184K, reserved 1114112K
  class space    used 6431K, committed 7104K, reserved 1048576K
}
Event: 28.050 GC heap before
{Heap before GC invocations=73 (full 3):
 PSYoungGen      total 22016K, used 21856K [0x00000000d5580000, 0x00000000d6d80000, 0x0000000100000000)
  eden space 20480K, 100% used [0x00000000d5580000,0x00000000d6980000,0x00000000d6980000)
  from space 1536K, 89% used [0x00000000d6980000,0x00000000d6ad8000,0x00000000d6b00000)
  to   space 2048K, 0% used [0x00000000d6b80000,0x00000000d6b80000,0x00000000d6d80000)
 ParOldGen       total 79360K, used 73622K [0x0000000080000000, 0x0000000084d80000, 0x00000000d5580000)
  object space 79360K, 92% used [0x0000000080000000,0x00000000847e59c8,0x0000000084d80000)
 Metaspace       used 59802K, committed 61312K, reserved 1114112K
  class space    used 6432K, committed 7104K, reserved 1048576K
}
Event: 28.051 GC heap after
{Heap after GC invocations=73 (full 3):
 PSYoungGen      total 20992K, used 384K [0x00000000d5580000, 0x00000000d6c00000, 0x0000000100000000)
  eden space 20480K, 0% used [0x00000000d5580000,0x00000000d5580000,0x00000000d6980000)
  from space 512K, 75% used [0x00000000d6b80000,0x00000000d6be0000,0x00000000d6c00000)
  to   space 1024K, 0% used [0x00000000d6a00000,0x00000000d6a00000,0x00000000d6b00000)
 ParOldGen       total 79360K, used 74782K [0x0000000080000000, 0x0000000084d80000, 0x00000000d5580000)
  object space 79360K, 94% used [0x0000000080000000,0x00000000849079e8,0x0000000084d80000)
 Metaspace       used 59802K, committed 61312K, reserved 1114112K
  class space    used 6432K, committed 7104K, reserved 1048576K
}
Event: 28.778 GC heap before
{Heap before GC invocations=74 (full 3):
 PSYoungGen      total 20992K, used 20864K [0x00000000d5580000, 0x00000000d6c00000, 0x0000000100000000)
  eden space 20480K, 100% used [0x00000000d5580000,0x00000000d6980000,0x00000000d6980000)
  from space 512K, 75% used [0x00000000d6b80000,0x00000000d6be0000,0x00000000d6c00000)
  to   space 1024K, 0% used [0x00000000d6a00000,0x00000000d6a00000,0x00000000d6b00000)
 ParOldGen       total 79360K, used 74782K [0x0000000080000000, 0x0000000084d80000, 0x00000000d5580000)
  object space 79360K, 94% used [0x0000000080000000,0x00000000849079e8,0x0000000084d80000)
 Metaspace       used 59883K, committed 61440K, reserved 1114112K
  class space    used 6432K, committed 7104K, reserved 1048576K
}
Event: 28.779 GC heap after
{Heap after GC invocations=74 (full 3):
 PSYoungGen      total 21504K, used 480K [0x00000000d5580000, 0x00000000d6c00000, 0x0000000100000000)
  eden space 20480K, 0% used [0x00000000d5580000,0x00000000d5580000,0x00000000d6980000)
  from space 1024K, 46% used [0x00000000d6a00000,0x00000000d6a78000,0x00000000d6b00000)
  to   space 1024K, 0% used [0x00000000d6b00000,0x00000000d6b00000,0x00000000d6c00000)
 ParOldGen       total 79360K, used 74990K [0x0000000080000000, 0x0000000084d80000, 0x00000000d5580000)
  object space 79360K, 94% used [0x0000000080000000,0x000000008493b9e8,0x0000000084d80000)
 Metaspace       used 59883K, committed 61440K, reserved 1114112K
  class space    used 6432K, committed 7104K, reserved 1048576K
}
Event: 29.370 GC heap before
{Heap before GC invocations=75 (full 3):
 PSYoungGen      total 21504K, used 20960K [0x00000000d5580000, 0x00000000d6c00000, 0x0000000100000000)
  eden space 20480K, 100% used [0x00000000d5580000,0x00000000d6980000,0x00000000d6980000)
  from space 1024K, 46% used [0x00000000d6a00000,0x00000000d6a78000,0x00000000d6b00000)
  to   space 1024K, 0% used [0x00000000d6b00000,0x00000000d6b00000,0x00000000d6c00000)
 ParOldGen       total 79360K, used 74990K [0x0000000080000000, 0x0000000084d80000, 0x00000000d5580000)
  object space 79360K, 94% used [0x0000000080000000,0x000000008493b9e8,0x0000000084d80000)
 Metaspace       used 59971K, committed 61504K, reserved 1114112K
  class space    used 6433K, committed 7104K, reserved 1048576K
}
Event: 29.371 GC heap after
{Heap after GC invocations=75 (full 3):
 PSYoungGen      total 20992K, used 480K [0x00000000d5580000, 0x00000000d6b80000, 0x0000000100000000)
  eden space 20480K, 0% used [0x00000000d5580000,0x00000000d5580000,0x00000000d6980000)
  from space 512K, 93% used [0x00000000d6b00000,0x00000000d6b78000,0x00000000d6b80000)
  to   space 512K, 0% used [0x00000000d6a80000,0x00000000d6a80000,0x00000000d6b00000)
 ParOldGen       total 79360K, used 75206K [0x0000000080000000, 0x0000000084d80000, 0x00000000d5580000)
  object space 79360K, 94% used [0x0000000080000000,0x00000000849719e8,0x0000000084d80000)
 Metaspace       used 59971K, committed 61504K, reserved 1114112K
  class space    used 6433K, committed 7104K, reserved 1048576K
}

