# JRE version: OpenJDK Runtime Environment Temurin-21.0.9+10 (21.0.9+10) (build 21.0.9+10-LTS)
# Java VM: OpenJDK 64-Bit Server VM Temurin-21.0.9+10 (21.0.9+10-LTS, mixed mode, sharing, tiered, compressed oops, compressed class ptrs, parallel gc, windows-amd64)
GC Precious Log:
 CardTable entry size: 512
 CPUs: 12 total, 12 available
 Memory: 7521M
 Large Page Support: Disabled
 NUMA Support: Disabled
 Compressed Oops: Enabled (32-bit)
 Alignments: Space 512K, Generation 512K, Heap 2M
 Heap Min Capacity: 100M
 Heap Initial Capacity: 100M
 Heap Max Capacity: 2G
 Pre-touch: Disabled
 Parallel Workers: 10
Heap:
 PSYoungGen      total 19456K, used 5540K [0x00000000d5580000, 0x00000000d8200000, 0x0000000100000000)
  eden space 14848K, 6% used [0x00000000d5580000,0x00000000d566ae70,0x00000000d6400000)
  from space 4608K, 99% used [0x00000000d6f80000,0x00000000d73fe1e0,0x00000000d7400000)
  to   space 11776K, 0% used [0x00000000d6400000,0x00000000d6400000,0x00000000d6f80000)
 ParOldGen       total 68608K, used 30804K [0x0000000080000000, 0x0000000084300000, 0x00000000d5580000)
  object space 68608K, 44% used [0x0000000080000000,0x0000000081e15220,0x0000000084300000)
 Metaspace       used 46998K, committed 48320K, reserved 1114112K
  class space    used 5100K, committed 5696K, reserved 1048576K
GC Heap History (20 events):
Event: 25.587 GC heap after
{Heap after GC invocations=12 (full 1):
 PSYoungGen      total 24576K, used 704K [0x00000000d5580000, 0x00000000d7080000, 0x0000000100000000)
  eden space 22528K, 0% used [0x00000000d5580000,0x00000000d5580000,0x00000000d6b80000)
  from space 2048K, 34% used [0x00000000d6d80000,0x00000000d6e30000,0x00000000d6f80000)
  to   space 1024K, 0% used [0x00000000d6f80000,0x00000000d6f80000,0x00000000d7080000)
 ParOldGen       total 68608K, used 14895K [0x0000000080000000, 0x0000000084300000, 0x00000000d5580000)
  object space 68608K, 21% used [0x0000000080000000,0x0000000080e8bc48,0x0000000084300000)
 Metaspace       used 30415K, committed 31488K, reserved 1114112K
  class space    used 3240K, committed 3712K, reserved 1048576K
}
Event: 26.095 GC heap before
{Heap before GC invocations=13 (full 1):
 PSYoungGen      total 24576K, used 23232K [0x00000000d5580000, 0x00000000d7080000, 0x0000000100000000)
  eden space 22528K, 100% used [0x00000000d5580000,0x00000000d6b80000,0x00000000d6b80000)
  from space 2048K, 34% used [0x00000000d6d80000,0x00000000d6e30000,0x00000000d6f80000)
  to   space 1024K, 0% used [0x00000000d6f80000,0x00000000d6f80000,0x00000000d7080000)
 ParOldGen       total 68608K, used 14895K [0x0000000080000000, 0x0000000084300000, 0x00000000d5580000)
  object space 68608K, 21% used [0x0000000080000000,0x0000000080e8bc48,0x0000000084300000)
 Metaspace       used 32795K, committed 33856K, reserved 1114112K
  class space    used 3466K, committed 3968K, reserved 1048576K
}
Event: 26.098 GC heap after
{Heap after GC invocations=13 (full 1):
 PSYoungGen      total 23040K, used 846K [0x00000000d5580000, 0x00000000d7080000, 0x0000000100000000)
  eden space 22016K, 0% used [0x00000000d5580000,0x00000000d5580000,0x00000000d6b00000)
  from space 1024K, 82% used [0x00000000d6f80000,0x00000000d7053890,0x00000000d7080000)
  to   space 1024K, 0% used [0x00000000d6e80000,0x00000000d6e80000,0x00000000d6f80000)
 ParOldGen       total 68608K, used 16903K [0x0000000080000000, 0x0000000084300000, 0x00000000d5580000)
  object space 68608K, 24% used [0x0000000080000000,0x0000000081081f20,0x0000000084300000)
 Metaspace       used 32795K, committed 33856K, reserved 1114112K
  class space    used 3466K, committed 3968K, reserved 1048576K
}
Event: 26.492 GC heap before
{Heap before GC invocations=14 (full 1):
 PSYoungGen      total 23040K, used 22862K [0x00000000d5580000, 0x00000000d7080000, 0x0000000100000000)
  eden space 22016K, 100% used [0x00000000d5580000,0x00000000d6b00000,0x00000000d6b00000)
  from space 1024K, 82% used [0x00000000d6f80000,0x00000000d7053890,0x00000000d7080000)
  to   space 1024K, 0% used [0x00000000d6e80000,0x00000000d6e80000,0x00000000d6f80000)
 ParOldGen       total 68608K, used 16903K [0x0000000080000000, 0x0000000084300000, 0x00000000d5580000)
  object space 68608K, 24% used [0x0000000080000000,0x0000000081081f20,0x0000000084300000)
 Metaspace       used 34247K, committed 35328K, reserved 1114112K
  class space    used 3649K, committed 4096K, reserved 1048576K
}
Event: 26.494 GC heap after
{Heap after GC invocations=14 (full 1):
 PSYoungGen      total 23040K, used 992K [0x00000000d5580000, 0x00000000d7000000, 0x0000000100000000)
  eden space 22016K, 0% used [0x00000000d5580000,0x00000000d5580000,0x00000000d6b00000)
  from space 1024K, 96% used [0x00000000d6e80000,0x00000000d6f78010,0x00000000d6f80000)
  to   space 512K, 0% used [0x00000000d6f80000,0x00000000d6f80000,0x00000000d7000000)
 ParOldGen       total 68608K, used 17613K [0x0000000080000000, 0x0000000084300000, 0x00000000d5580000)
  object space 68608K, 25% used [0x0000000080000000,0x0000000081133700,0x0000000084300000)
 Metaspace       used 34247K, committed 35328K, reserved 1114112K
  class space    used 3649K, committed 4096K, reserved 1048576K
}
Event: 26.631 GC heap before
{Heap before GC invocations=15 (full 1):
 PSYoungGen      total 23040K, used 6253K [0x00000000d5580000, 0x00000000d7000000, 0x0000000100000000)
  eden space 22016K, 23% used [0x00000000d5580000,0x00000000d5aa34a0,0x00000000d6b00000)
  from space 1024K, 96% used [0x00000000d6e80000,0x00000000d6f78010,0x00000000d6f80000)
  to   space 512K, 0% used [0x00000000d6f80000,0x00000000d6f80000,0x00000000d7000000)
 ParOldGen       total 68608K, used 17613K [0x0000000080000000, 0x0000000084300000, 0x00000000d5580000)
  object space 68608K, 25% used [0x0000000080000000,0x0000000081133700,0x0000000084300000)
 Metaspace       used 34873K, committed 35840K, reserved 1114112K
  class space    used 3724K, committed 4160K, reserved 1048576K
}
Event: 26.633 GC heap after
{Heap after GC invocations=15 (full 1):
 PSYoungGen      total 22528K, used 352K [0x00000000d5580000, 0x00000000d7000000, 0x0000000100000000)
  eden space 22016K, 0% used [0x00000000d5580000,0x00000000d5580000,0x00000000d6b00000)
  from space 512K, 68% used [0x00000000d6f80000,0x00000000d6fd8000,0x00000000d7000000)
  to   space 1024K, 0% used [0x00000000d6e00000,0x00000000d6e00000,0x00000000d6f00000)
 ParOldGen       total 68608K, used 18481K [0x0000000080000000, 0x0000000084300000, 0x00000000d5580000)
  object space 68608K, 26% used [0x0000000080000000,0x000000008120c750,0x0000000084300000)
 Metaspace       used 34873K, committed 35840K, reserved 1114112K
  class space    used 3724K, committed 4160K, reserved 1048576K
}
Event: 26.633 GC heap before
{Heap before GC invocations=16 (full 2):
 PSYoungGen      total 22528K, used 352K [0x00000000d5580000, 0x00000000d7000000, 0x0000000100000000)
  eden space 22016K, 0% used [0x00000000d5580000,0x00000000d5580000,0x00000000d6b00000)
  from space 512K, 68% used [0x00000000d6f80000,0x00000000d6fd8000,0x00000000d7000000)
  to   space 1024K, 0% used [0x00000000d6e00000,0x00000000d6e00000,0x00000000d6f00000)
 ParOldGen       total 68608K, used 18481K [0x0000000080000000, 0x0000000084300000, 0x00000000d5580000)
  object space 68608K, 26% used [0x0000000080000000,0x000000008120c750,0x0000000084300000)
 Metaspace       used 34873K, committed 35840K, reserved 1114112K
  class space    used 3724K, committed 4160K, reserved 1048576K
}
Event: 26.714 GC heap after
{Heap after GC invocations=16 (full 2):
 PSYoungGen      total 22528K, used 0K [0x00000000d5580000, 0x00000000d7000000, 0x0000000100000000)
  eden space 22016K, 0% used [0x00000000d5580000,0x00000000d5580000,0x00000000d6b00000)
  from space 512K, 0% used [0x00000000d6f80000,0x00000000d6f80000,0x00000000d7000000)
  to   space 1024K, 0% used [0x00000000d6e00000,0x00000000d6e00000,0x00000000d6f00000)
 ParOldGen       total 68608K, used 18074K [0x0000000080000000, 0x0000000084300000, 0x00000000d5580000)
  object space 68608K, 26% used [0x0000000080000000,0x00000000811a6830,0x0000000084300000)
 Metaspace       used 34873K, committed 35840K, reserved 1114112K
  class space    used 3724K, committed 4160K, reserved 1048576K
}
Event: 29.205 GC heap before
{Heap before GC invocations=17 (full 2):
 PSYoungGen      total 22528K, used 22016K [0x00000000d5580000, 0x00000000d7000000, 0x0000000100000000)
  eden space 22016K, 100% used [0x00000000d5580000,0x00000000d6b00000,0x00000000d6b00000)
  from space 512K, 0% used [0x00000000d6f80000,0x00000000d6f80000,0x00000000d7000000)
  to   space 1024K, 0% used [0x00000000d6e00000,0x00000000d6e00000,0x00000000d6f00000)
 ParOldGen       total 68608K, used 18074K [0x0000000080000000, 0x0000000084300000, 0x00000000d5580000)
  object space 68608K, 26% used [0x0000000080000000,0x00000000811a6830,0x0000000084300000)
 Metaspace       used 37381K, committed 38464K, reserved 1114112K
  class space    used 4020K, committed 4480K, reserved 1048576K
}
Event: 29.328 GC heap after
{Heap after GC invocations=17 (full 2):
 PSYoungGen      total 23040K, used 1000K [0x00000000d5580000, 0x00000000d7000000, 0x0000000100000000)
  eden space 22016K, 0% used [0x00000000d5580000,0x00000000d5580000,0x00000000d6b00000)
  from space 1024K, 97% used [0x00000000d6e00000,0x00000000d6efa3f0,0x00000000d6f00000)
  to   space 1024K, 0% used [0x00000000d6f00000,0x00000000d6f00000,0x00000000d7000000)
 ParOldGen       total 68608K, used 18730K [0x0000000080000000, 0x0000000084300000, 0x00000000d5580000)
  object space 68608K, 27% used [0x0000000080000000,0x000000008124a830,0x0000000084300000)
 Metaspace       used 37381K, committed 38464K, reserved 1114112K
  class space    used 4020K, committed 4480K, reserved 1048576K
}
Event: 30.731 GC heap before
{Heap before GC invocations=18 (full 2):
 PSYoungGen      total 23040K, used 23016K [0x00000000d5580000, 0x00000000d7000000, 0x0000000100000000)
  eden space 22016K, 100% used [0x00000000d5580000,0x00000000d6b00000,0x00000000d6b00000)
  from space 1024K, 97% used [0x00000000d6e00000,0x00000000d6efa3f0,0x00000000d6f00000)
  to   space 1024K, 0% used [0x00000000d6f00000,0x00000000d6f00000,0x00000000d7000000)
 ParOldGen       total 68608K, used 18730K [0x0000000080000000, 0x0000000084300000, 0x00000000d5580000)
  object space 68608K, 27% used [0x0000000080000000,0x000000008124a830,0x0000000084300000)
 Metaspace       used 40381K, committed 41600K, reserved 1114112K
  class space    used 4360K, committed 4928K, reserved 1048576K
}
Event: 30.734 GC heap after
{Heap after GC invocations=18 (full 2):
 PSYoungGen      total 23040K, used 1019K [0x00000000d5580000, 0x00000000d7100000, 0x0000000100000000)
  eden space 22016K, 0% used [0x00000000d5580000,0x00000000d5580000,0x00000000d6b00000)
  from space 1024K, 99% used [0x00000000d6f00000,0x00000000d6ffef78,0x00000000d7000000)
  to   space 3072K, 0% used [0x00000000d6b00000,0x00000000d6b00000,0x00000000d6e00000)
 ParOldGen       total 68608K, used 20477K [0x0000000080000000, 0x0000000084300000, 0x00000000d5580000)
  object space 68608K, 29% used [0x0000000080000000,0x00000000813ff6a8,0x0000000084300000)
 Metaspace       used 40381K, committed 41600K, reserved 1114112K
  class space    used 4360K, committed 4928K, reserved 1048576K
}
Event: 31.293 GC heap before
{Heap before GC invocations=19 (full 2):
 PSYoungGen      total 23040K, used 23035K [0x00000000d5580000, 0x00000000d7100000, 0x0000000100000000)
  eden space 22016K, 100% used [0x00000000d5580000,0x00000000d6b00000,0x00000000d6b00000)
  from space 1024K, 99% used [0x00000000d6f00000,0x00000000d6ffef78,0x00000000d7000000)
  to   space 3072K, 0% used [0x00000000d6b00000,0x00000000d6b00000,0x00000000d6e00000)
 ParOldGen       total 68608K, used 20477K [0x0000000080000000, 0x0000000084300000, 0x00000000d5580000)
  object space 68608K, 29% used [0x0000000080000000,0x00000000813ff6a8,0x0000000084300000)
 Metaspace       used 42897K, committed 44160K, reserved 1114112K
  class space    used 4670K, committed 5248K, reserved 1048576K
}
Event: 31.296 GC heap after
{Heap after GC invocations=19 (full 2):
 PSYoungGen      total 24576K, used 2208K [0x00000000d5580000, 0x00000000d7000000, 0x0000000100000000)
  eden space 22016K, 0% used [0x00000000d5580000,0x00000000d5580000,0x00000000d6b00000)
  from space 2560K, 86% used [0x00000000d6b00000,0x00000000d6d28000,0x00000000d6d80000)
  to   space 2560K, 0% used [0x00000000d6d80000,0x00000000d6d80000,0x00000000d7000000)
 ParOldGen       total 68608K, used 21490K [0x0000000080000000, 0x0000000084300000, 0x00000000d5580000)
  object space 68608K, 31% used [0x0000000080000000,0x00000000814fca60,0x0000000084300000)
 Metaspace       used 42897K, committed 44160K, reserved 1114112K
  class space    used 4670K, committed 5248K, reserved 1048576K
}
Event: 32.125 GC heap before
{Heap before GC invocations=20 (full 2):
 PSYoungGen      total 24576K, used 24224K [0x00000000d5580000, 0x00000000d7000000, 0x0000000100000000)
  eden space 22016K, 100% used [0x00000000d5580000,0x00000000d6b00000,0x00000000d6b00000)
  from space 2560K, 86% used [0x00000000d6b00000,0x00000000d6d28000,0x00000000d6d80000)
  to   space 2560K, 0% used [0x00000000d6d80000,0x00000000d6d80000,0x00000000d7000000)
 ParOldGen       total 68608K, used 21490K [0x0000000080000000, 0x0000000084300000, 0x00000000d5580000)
  object space 68608K, 31% used [0x0000000080000000,0x00000000814fca60,0x0000000084300000)
 Metaspace       used 44651K, committed 45888K, reserved 1114112K
  class space    used 4882K, committed 5440K, reserved 1048576K
}
Event: 32.128 GC heap after
{Heap after GC invocations=20 (full 2):
 PSYoungGen      total 24576K, used 2208K [0x00000000d5580000, 0x00000000d7000000, 0x0000000100000000)
  eden space 22016K, 0% used [0x00000000d5580000,0x00000000d5580000,0x00000000d6b00000)
  from space 2560K, 86% used [0x00000000d6d80000,0x00000000d6fa8130,0x00000000d7000000)
  to   space 2560K, 0% used [0x00000000d6b00000,0x00000000d6b00000,0x00000000d6d80000)
 ParOldGen       total 68608K, used 23542K [0x0000000080000000, 0x0000000084300000, 0x00000000d5580000)
  object space 68608K, 34% used [0x0000000080000000,0x00000000816fd8e8,0x0000000084300000)
 Metaspace       used 44651K, committed 45888K, reserved 1114112K
  class space    used 4882K, committed 5440K, reserved 1048576K
}
Event: 37.220 GC heap before
{Heap before GC invocations=21 (full 2):
 PSYoungGen      total 24576K, used 24224K [0x00000000d5580000, 0x00000000d7000000, 0x0000000100000000)
  eden space 22016K, 100% used [0x00000000d5580000,0x00000000d6b00000,0x00000000d6b00000)
  from space 2560K, 86% used [0x00000000d6d80000,0x00000000d6fa8130,0x00000000d7000000)
  to   space 2560K, 0% used [0x00000000d6b00000,0x00000000d6b00000,0x00000000d6d80000)
 ParOldGen       total 68608K, used 23542K [0x0000000080000000, 0x0000000084300000, 0x00000000d5580000)
  object space 68608K, 34% used [0x0000000080000000,0x00000000816fd8e8,0x0000000084300000)
 Metaspace       used 45687K, committed 46976K, reserved 1114112K
  class space    used 4958K, committed 5568K, reserved 1048576K
}
Event: 37.225 GC heap after
{Heap after GC invocations=21 (full 2):
 PSYoungGen      total 24576K, used 2543K [0x00000000d5580000, 0x00000000d7400000, 0x0000000100000000)
  eden space 22016K, 0% used [0x00000000d5580000,0x00000000d5580000,0x00000000d6b00000)
  from space 2560K, 99% used [0x00000000d6b00000,0x00000000d6d7bf48,0x00000000d6d80000)
  to   space 4608K, 0% used [0x00000000d6f80000,0x00000000d6f80000,0x00000000d7400000)
 ParOldGen       total 68608K, used 24971K [0x0000000080000000, 0x0000000084300000, 0x00000000d5580000)
  object space 68608K, 36% used [0x0000000080000000,0x0000000081862c60,0x0000000084300000)
 Metaspace       used 45687K, committed 46976K, reserved 1114112K
  class space    used 4958K, committed 5568K, reserved 1048576K
}
Event: 38.979 GC heap before
{Heap before GC invocations=22 (full 2):
 PSYoungGen      total 24576K, used 24559K [0x00000000d5580000, 0x00000000d7400000, 0x0000000100000000)
  eden space 22016K, 100% used [0x00000000d5580000,0x00000000d6b00000,0x00000000d6b00000)
  from space 2560K, 99% used [0x00000000d6b00000,0x00000000d6d7bf48,0x00000000d6d80000)
  to   space 4608K, 0% used [0x00000000d6f80000,0x00000000d6f80000,0x00000000d7400000)
 ParOldGen       total 68608K, used 24971K [0x0000000080000000, 0x0000000084300000, 0x00000000d5580000)
  object space 68608K, 36% used [0x0000000080000000,0x0000000081862c60,0x0000000084300000)
 Metaspace       used 46964K, committed 48256K, reserved 1114112K
  class space    used 5100K, committed 5696K, reserved 1048576K
}

