# JRE version: OpenJDK Runtime Environment Temurin-21.0.8+9 (21.0.8+9) (build 21.0.8+9-LTS)
# Java VM: OpenJDK 64-Bit Server VM Temurin-21.0.8+9 (21.0.8+9-LTS, mixed mode, sharing, tiered, compressed oops, compressed class ptrs, parallel gc, windows-amd64)
GC Precious Log:
 CardTable entry size: 512
 CPUs: 12 total, 12 available
 Memory: 7521M
 Large Page Support: Disabled
 NUMA Support: Disabled
 Compressed Oops: Enabled (32-bit)
 Alignments: Space 512K, Generation 512K, Heap 2M
 Heap Min Capacity: 100M
 Heap Initial Capacity: 100M
 Heap Max Capacity: 2G
 Pre-touch: Disabled
 Parallel Workers: 10
Heap:
 PSYoungGen      total 9728K, used 5542K [0x00000000d5580000, 0x00000000d6000000, 0x0000000100000000)
  eden space 8192K, 63% used [0x00000000d5580000,0x00000000d5a91a50,0x00000000d5d80000)
  from space 1536K, 22% used [0x00000000d5d80000,0x00000000d5dd8000,0x00000000d5f00000)
  to   space 1024K, 0% used [0x00000000d5f00000,0x00000000d5f00000,0x00000000d6000000)
 ParOldGen       total 860672K, used 860292K [0x0000000080000000, 0x00000000b4880000, 0x00000000d5580000)
  object space 860672K, 99% used [0x0000000080000000,0x00000000b4821060,0x00000000b4880000)
 Metaspace       used 88432K, committed 89984K, reserved 1179648K
  class space    used 8803K, committed 9536K, reserved 1048576K
GC Heap History (20 events):
Event: 17569.446 GC heap before
{Heap before GC invocations=2037 (full 7):
 PSYoungGen      total 12800K, used 9390K [0x00000000d5580000, 0x00000000d6580000, 0x0000000100000000)
  eden space 8192K, 100% used [0x00000000d5580000,0x00000000d5d80000,0x00000000d5d80000)
  from space 4608K, 26% used [0x00000000d5e80000,0x00000000d5fab968,0x00000000d6300000)
  to   space 2048K, 0% used [0x00000000d6380000,0x00000000d6380000,0x00000000d6580000)
 ParOldGen       total 851968K, used 851191K [0x0000000080000000, 0x00000000b4000000, 0x00000000d5580000)
  object space 851968K, 99% used [0x0000000080000000,0x00000000b3f3dc88,0x00000000b4000000)
 Metaspace       used 88367K, committed 89920K, reserved 1179648K
  class space    used 8803K, committed 9536K, reserved 1048576K
}
Event: 17569.450 GC heap after
{Heap after GC invocations=2037 (full 7):
 PSYoungGen      total 8704K, used 282K [0x00000000d5580000, 0x00000000d6400000, 0x0000000100000000)
  eden space 8192K, 0% used [0x00000000d5580000,0x00000000d5580000,0x00000000d5d80000)
  from space 512K, 55% used [0x00000000d6380000,0x00000000d63c6900,0x00000000d6400000)
  to   space 1024K, 0% used [0x00000000d6200000,0x00000000d6200000,0x00000000d6300000)
 ParOldGen       total 852480K, used 852179K [0x0000000080000000, 0x00000000b4080000, 0x00000000d5580000)
  object space 852480K, 99% used [0x0000000080000000,0x00000000b4034e98,0x00000000b4080000)
 Metaspace       used 88367K, committed 89920K, reserved 1179648K
  class space    used 8803K, committed 9536K, reserved 1048576K
}
Event: 17569.534 GC heap before
{Heap before GC invocations=2038 (full 7):
 PSYoungGen      total 8704K, used 8474K [0x00000000d5580000, 0x00000000d6400000, 0x0000000100000000)
  eden space 8192K, 100% used [0x00000000d5580000,0x00000000d5d80000,0x00000000d5d80000)
  from space 512K, 55% used [0x00000000d6380000,0x00000000d63c6900,0x00000000d6400000)
  to   space 1024K, 0% used [0x00000000d6200000,0x00000000d6200000,0x00000000d6300000)
 ParOldGen       total 852480K, used 852179K [0x0000000080000000, 0x00000000b4080000, 0x00000000d5580000)
  object space 852480K, 99% used [0x0000000080000000,0x00000000b4034e98,0x00000000b4080000)
 Metaspace       used 88369K, committed 89920K, reserved 1179648K
  class space    used 8803K, committed 9536K, reserved 1048576K
}
Event: 17569.538 GC heap after
{Heap after GC invocations=2038 (full 7):
 PSYoungGen      total 9216K, used 1010K [0x00000000d5580000, 0x00000000d6400000, 0x0000000100000000)
  eden space 8192K, 0% used [0x00000000d5580000,0x00000000d5580000,0x00000000d5d80000)
  from space 1024K, 98% used [0x00000000d6200000,0x00000000d62fcbc8,0x00000000d6300000)
  to   space 1024K, 0% used [0x00000000d6300000,0x00000000d6300000,0x00000000d6400000)
 ParOldGen       total 852992K, used 852504K [0x0000000080000000, 0x00000000b4100000, 0x00000000d5580000)
  object space 852992K, 99% used [0x0000000080000000,0x00000000b40860a8,0x00000000b4100000)
 Metaspace       used 88369K, committed 89920K, reserved 1179648K
  class space    used 8803K, committed 9536K, reserved 1048576K
}
Event: 17569.625 GC heap before
{Heap before GC invocations=2039 (full 7):
 PSYoungGen      total 9216K, used 9202K [0x00000000d5580000, 0x00000000d6400000, 0x0000000100000000)
  eden space 8192K, 99% used [0x00000000d5580000,0x00000000d5d7ffe0,0x00000000d5d80000)
  from space 1024K, 98% used [0x00000000d6200000,0x00000000d62fcbc8,0x00000000d6300000)
  to   space 1024K, 0% used [0x00000000d6300000,0x00000000d6300000,0x00000000d6400000)
 ParOldGen       total 852992K, used 852504K [0x0000000080000000, 0x00000000b4100000, 0x00000000d5580000)
  object space 852992K, 99% used [0x0000000080000000,0x00000000b40860a8,0x00000000b4100000)
 Metaspace       used 88369K, committed 89920K, reserved 1179648K
  class space    used 8803K, committed 9536K, reserved 1048576K
}
Event: 17569.629 GC heap after
{Heap after GC invocations=2039 (full 7):
 PSYoungGen      total 9216K, used 1024K [0x00000000d5580000, 0x00000000d6400000, 0x0000000100000000)
  eden space 8192K, 0% used [0x00000000d5580000,0x00000000d5580000,0x00000000d5d80000)
  from space 1024K, 100% used [0x00000000d6300000,0x00000000d6400000,0x00000000d6400000)
  to   space 2560K, 0% used [0x00000000d5f00000,0x00000000d5f00000,0x00000000d6180000)
 ParOldGen       total 854016K, used 853756K [0x0000000080000000, 0x00000000b4200000, 0x00000000d5580000)
  object space 854016K, 99% used [0x0000000080000000,0x00000000b41bf3a8,0x00000000b4200000)
 Metaspace       used 88369K, committed 89920K, reserved 1179648K
  class space    used 8803K, committed 9536K, reserved 1048576K
}
Event: 17569.670 GC heap before
{Heap before GC invocations=2040 (full 7):
 PSYoungGen      total 9216K, used 9216K [0x00000000d5580000, 0x00000000d6400000, 0x0000000100000000)
  eden space 8192K, 100% used [0x00000000d5580000,0x00000000d5d80000,0x00000000d5d80000)
  from space 1024K, 100% used [0x00000000d6300000,0x00000000d6400000,0x00000000d6400000)
  to   space 2560K, 0% used [0x00000000d5f00000,0x00000000d5f00000,0x00000000d6180000)
 ParOldGen       total 854016K, used 853756K [0x0000000080000000, 0x00000000b4200000, 0x00000000d5580000)
  object space 854016K, 99% used [0x0000000080000000,0x00000000b41bf3a8,0x00000000b4200000)
 Metaspace       used 88378K, committed 89920K, reserved 1179648K
  class space    used 8803K, committed 9536K, reserved 1048576K
}
Event: 17569.674 GC heap after
{Heap after GC invocations=2040 (full 7):
 PSYoungGen      total 10752K, used 1814K [0x00000000d5580000, 0x00000000d6380000, 0x0000000100000000)
  eden space 8192K, 0% used [0x00000000d5580000,0x00000000d5580000,0x00000000d5d80000)
  from space 2560K, 70% used [0x00000000d5f00000,0x00000000d60c5968,0x00000000d6180000)
  to   space 2048K, 0% used [0x00000000d6180000,0x00000000d6180000,0x00000000d6380000)
 ParOldGen       total 855040K, used 854536K [0x0000000080000000, 0x00000000b4300000, 0x00000000d5580000)
  object space 855040K, 99% used [0x0000000080000000,0x00000000b42823b8,0x00000000b4300000)
 Metaspace       used 88378K, committed 89920K, reserved 1179648K
  class space    used 8803K, committed 9536K, reserved 1048576K
}
Event: 17570.765 GC heap before
{Heap before GC invocations=2041 (full 7):
 PSYoungGen      total 10752K, used 10006K [0x00000000d5580000, 0x00000000d6380000, 0x0000000100000000)
  eden space 8192K, 100% used [0x00000000d5580000,0x00000000d5d80000,0x00000000d5d80000)
  from space 2560K, 70% used [0x00000000d5f00000,0x00000000d60c5968,0x00000000d6180000)
  to   space 2048K, 0% used [0x00000000d6180000,0x00000000d6180000,0x00000000d6380000)
 ParOldGen       total 855040K, used 854536K [0x0000000080000000, 0x00000000b4300000, 0x00000000d5580000)
  object space 855040K, 99% used [0x0000000080000000,0x00000000b42823b8,0x00000000b4300000)
 Metaspace       used 88378K, committed 89920K, reserved 1179648K
  class space    used 8803K, committed 9536K, reserved 1048576K
}
Event: 17570.767 GC heap after
{Heap after GC invocations=2041 (full 7):
 PSYoungGen      total 8704K, used 218K [0x00000000d5580000, 0x00000000d6200000, 0x0000000100000000)
  eden space 8192K, 0% used [0x00000000d5580000,0x00000000d5580000,0x00000000d5d80000)
  from space 512K, 42% used [0x00000000d6180000,0x00000000d61b6900,0x00000000d6200000)
  to   space 1024K, 0% used [0x00000000d6000000,0x00000000d6000000,0x00000000d6100000)
 ParOldGen       total 855552K, used 855106K [0x0000000080000000, 0x00000000b4380000, 0x00000000d5580000)
  object space 855552K, 99% used [0x0000000080000000,0x00000000b4310978,0x00000000b4380000)
 Metaspace       used 88378K, committed 89920K, reserved 1179648K
  class space    used 8803K, committed 9536K, reserved 1048576K
}
Event: 17570.777 GC heap before
{Heap before GC invocations=2042 (full 7):
 PSYoungGen      total 8704K, used 8410K [0x00000000d5580000, 0x00000000d6200000, 0x0000000100000000)
  eden space 8192K, 99% used [0x00000000d5580000,0x00000000d5d7ffe0,0x00000000d5d80000)
  from space 512K, 42% used [0x00000000d6180000,0x00000000d61b6900,0x00000000d6200000)
  to   space 1024K, 0% used [0x00000000d6000000,0x00000000d6000000,0x00000000d6100000)
 ParOldGen       total 855552K, used 855106K [0x0000000080000000, 0x00000000b4380000, 0x00000000d5580000)
  object space 855552K, 99% used [0x0000000080000000,0x00000000b4310978,0x00000000b4380000)
 Metaspace       used 88378K, committed 89920K, reserved 1179648K
  class space    used 8803K, committed 9536K, reserved 1048576K
}
Event: 17570.778 GC heap after
{Heap after GC invocations=2042 (full 7):
 PSYoungGen      total 9216K, used 994K [0x00000000d5580000, 0x00000000d6200000, 0x0000000100000000)
  eden space 8192K, 0% used [0x00000000d5580000,0x00000000d5580000,0x00000000d5d80000)
  from space 1024K, 97% used [0x00000000d6000000,0x00000000d60f8bd8,0x00000000d6100000)
  to   space 1024K, 0% used [0x00000000d6100000,0x00000000d6100000,0x00000000d6200000)
 ParOldGen       total 855552K, used 855446K [0x0000000080000000, 0x00000000b4380000, 0x00000000d5580000)
  object space 855552K, 99% used [0x0000000080000000,0x00000000b4365b78,0x00000000b4380000)
 Metaspace       used 88378K, committed 89920K, reserved 1179648K
  class space    used 8803K, committed 9536K, reserved 1048576K
}
Event: 17570.803 GC heap before
{Heap before GC invocations=2043 (full 7):
 PSYoungGen      total 9216K, used 9186K [0x00000000d5580000, 0x00000000d6200000, 0x0000000100000000)
  eden space 8192K, 100% used [0x00000000d5580000,0x00000000d5d80000,0x00000000d5d80000)
  from space 1024K, 97% used [0x00000000d6000000,0x00000000d60f8bd8,0x00000000d6100000)
  to   space 1024K, 0% used [0x00000000d6100000,0x00000000d6100000,0x00000000d6200000)
 ParOldGen       total 855552K, used 855446K [0x0000000080000000, 0x00000000b4380000, 0x00000000d5580000)
  object space 855552K, 99% used [0x0000000080000000,0x00000000b4365b78,0x00000000b4380000)
 Metaspace       used 88380K, committed 89920K, reserved 1179648K
  class space    used 8803K, committed 9536K, reserved 1048576K
}
Event: 17570.805 GC heap after
{Heap after GC invocations=2043 (full 7):
 PSYoungGen      total 9216K, used 1006K [0x00000000d5580000, 0x00000000d6380000, 0x0000000100000000)
  eden space 8192K, 0% used [0x00000000d5580000,0x00000000d5580000,0x00000000d5d80000)
  from space 1024K, 98% used [0x00000000d6100000,0x00000000d61fbba0,0x00000000d6200000)
  to   space 3072K, 0% used [0x00000000d5d80000,0x00000000d5d80000,0x00000000d6080000)
 ParOldGen       total 857088K, used 856808K [0x0000000080000000, 0x00000000b4500000, 0x00000000d5580000)
  object space 857088K, 99% used [0x0000000080000000,0x00000000b44ba2e0,0x00000000b4500000)
 Metaspace       used 88380K, committed 89920K, reserved 1179648K
  class space    used 8803K, committed 9536K, reserved 1048576K
}
Event: 17570.826 GC heap before
{Heap before GC invocations=2044 (full 7):
 PSYoungGen      total 9216K, used 9198K [0x00000000d5580000, 0x00000000d6380000, 0x0000000100000000)
  eden space 8192K, 100% used [0x00000000d5580000,0x00000000d5d80000,0x00000000d5d80000)
  from space 1024K, 98% used [0x00000000d6100000,0x00000000d61fbba0,0x00000000d6200000)
  to   space 3072K, 0% used [0x00000000d5d80000,0x00000000d5d80000,0x00000000d6080000)
 ParOldGen       total 857088K, used 856808K [0x0000000080000000, 0x00000000b4500000, 0x00000000d5580000)
  object space 857088K, 99% used [0x0000000080000000,0x00000000b44ba2e0,0x00000000b4500000)
 Metaspace       used 88380K, committed 89920K, reserved 1179648K
  class space    used 8803K, committed 9536K, reserved 1048576K
}
Event: 17570.829 GC heap after
{Heap after GC invocations=2044 (full 7):
 PSYoungGen      total 9728K, used 1520K [0x00000000d5580000, 0x00000000d6180000, 0x0000000100000000)
  eden space 8192K, 0% used [0x00000000d5580000,0x00000000d5580000,0x00000000d5d80000)
  from space 1536K, 98% used [0x00000000d5d80000,0x00000000d5efc080,0x00000000d5f00000)
  to   space 2048K, 0% used [0x00000000d5f80000,0x00000000d5f80000,0x00000000d6180000)
 ParOldGen       total 858112K, used 857841K [0x0000000080000000, 0x00000000b4600000, 0x00000000d5580000)
  object space 858112K, 99% used [0x0000000080000000,0x00000000b45bc6d0,0x00000000b4600000)
 Metaspace       used 88380K, committed 89920K, reserved 1179648K
  class space    used 8803K, committed 9536K, reserved 1048576K
}
Event: 17570.854 GC heap before
{Heap before GC invocations=2045 (full 7):
 PSYoungGen      total 9728K, used 9712K [0x00000000d5580000, 0x00000000d6180000, 0x0000000100000000)
  eden space 8192K, 100% used [0x00000000d5580000,0x00000000d5d80000,0x00000000d5d80000)
  from space 1536K, 98% used [0x00000000d5d80000,0x00000000d5efc080,0x00000000d5f00000)
  to   space 2048K, 0% used [0x00000000d5f80000,0x00000000d5f80000,0x00000000d6180000)
 ParOldGen       total 858112K, used 857841K [0x0000000080000000, 0x00000000b4600000, 0x00000000d5580000)
  object space 858112K, 99% used [0x0000000080000000,0x00000000b45bc6d0,0x00000000b4600000)
 Metaspace       used 88384K, committed 89920K, reserved 1179648K
  class space    used 8803K, committed 9536K, reserved 1048576K
}
Event: 17570.857 GC heap after
{Heap after GC invocations=2045 (full 7):
 PSYoungGen      total 9728K, used 1367K [0x00000000d5580000, 0x00000000d6100000, 0x0000000100000000)
  eden space 8192K, 0% used [0x00000000d5580000,0x00000000d5580000,0x00000000d5d80000)
  from space 1536K, 89% used [0x00000000d5f80000,0x00000000d60d5dd0,0x00000000d6100000)
  to   space 1536K, 0% used [0x00000000d5d80000,0x00000000d5d80000,0x00000000d5f00000)
 ParOldGen       total 859648K, used 859141K [0x0000000080000000, 0x00000000b4780000, 0x00000000d5580000)
  object space 859648K, 99% used [0x0000000080000000,0x00000000b4701490,0x00000000b4780000)
 Metaspace       used 88384K, committed 89920K, reserved 1179648K
  class space    used 8803K, committed 9536K, reserved 1048576K
}
Event: 18887.577 GC heap before
{Heap before GC invocations=2046 (full 7):
 PSYoungGen      total 9728K, used 9559K [0x00000000d5580000, 0x00000000d6100000, 0x0000000100000000)
  eden space 8192K, 100% used [0x00000000d5580000,0x00000000d5d80000,0x00000000d5d80000)
  from space 1536K, 89% used [0x00000000d5f80000,0x00000000d60d5dd0,0x00000000d6100000)
  to   space 1536K, 0% used [0x00000000d5d80000,0x00000000d5d80000,0x00000000d5f00000)
 ParOldGen       total 859648K, used 859141K [0x0000000080000000, 0x00000000b4780000, 0x00000000d5580000)
  object space 859648K, 99% used [0x0000000080000000,0x00000000b4701490,0x00000000b4780000)
 Metaspace       used 88401K, committed 89920K, reserved 1179648K
  class space    used 8803K, committed 9536K, reserved 1048576K
}
Event: 18887.869 GC heap after
{Heap after GC invocations=2046 (full 7):
 PSYoungGen      total 9728K, used 352K [0x00000000d5580000, 0x00000000d6000000, 0x0000000100000000)
  eden space 8192K, 0% used [0x00000000d5580000,0x00000000d5580000,0x00000000d5d80000)
  from space 1536K, 22% used [0x00000000d5d80000,0x00000000d5dd8000,0x00000000d5f00000)
  to   space 1024K, 0% used [0x00000000d5f00000,0x00000000d5f00000,0x00000000d6000000)
 ParOldGen       total 860672K, used 860292K [0x0000000080000000, 0x00000000b4880000, 0x00000000d5580000)
  object space 860672K, 99% used [0x0000000080000000,0x00000000b4821060,0x00000000b4880000)
 Metaspace       used 88401K, committed 89920K, reserved 1179648K
  class space    used 8803K, committed 9536K, reserved 1048576K
}

