# JRE version: OpenJDK Runtime Environment Temurin-21.0.8+9 (21.0.8+9) (build 21.0.8+9-LTS)
# Java VM: OpenJDK 64-Bit Server VM Temurin-21.0.8+9 (21.0.8+9-LTS, mixed mode, sharing, tiered, compressed oops, compressed class ptrs, parallel gc, windows-amd64)
GC Precious Log:
 CardTable entry size: 512
 CPUs: 12 total, 12 available
 Memory: 7521M
 Large Page Support: Disabled
 NUMA Support: Disabled
 Compressed Oops: Enabled (32-bit)
 Alignments: Space 512K, Generation 512K, Heap 2M
 Heap Min Capacity: 100M
 Heap Initial Capacity: 100M
 Heap Max Capacity: 2G
 Pre-touch: Disabled
 Parallel Workers: 10
Heap:
 PSYoungGen      total 2560K, used 1294K [0x00000000d5580000, 0x00000000d5a80000, 0x0000000100000000)
  eden space 2048K, 47% used [0x00000000d5580000,0x00000000d5673b48,0x00000000d5780000)
  from space 512K, 62% used [0x00000000d5a00000,0x00000000d5a50000,0x00000000d5a80000)
  to   space 512K, 0% used [0x00000000d5980000,0x00000000d5980000,0x00000000d5a00000)
 ParOldGen       total 348160K, used 134704K [0x0000000080000000, 0x0000000095400000, 0x00000000d5580000)
  object space 348160K, 38% used [0x0000000080000000,0x000000008838c0a8,0x0000000095400000)
 Metaspace       used 73402K, committed 75456K, reserved 1179648K
  class space    used 7637K, committed 8512K, reserved 1048576K
GC Heap History (20 events):
Event: 9790.524 GC heap before
{Heap before GC invocations=371 (full 3):
 PSYoungGen      total 3072K, used 1967K [0x00000000d5580000, 0x00000000d5a80000, 0x0000000100000000)
  eden space 2048K, 64% used [0x00000000d5580000,0x00000000d56cbf68,0x00000000d5780000)
  from space 1024K, 62% used [0x00000000d5900000,0x00000000d59a0000,0x00000000d5a00000)
  to   space 512K, 0% used [0x00000000d5a00000,0x00000000d5a00000,0x00000000d5a80000)
 ParOldGen       total 348160K, used 347758K [0x0000000080000000, 0x0000000095400000, 0x00000000d5580000)
  object space 348160K, 99% used [0x0000000080000000,0x000000009539b8c8,0x0000000095400000)
 Metaspace       used 73723K, committed 75456K, reserved 1179648K
  class space    used 7746K, committed 8512K, reserved 1048576K
}
Event: 9790.525 GC heap after
{Heap after GC invocations=371 (full 3):
 PSYoungGen      total 2560K, used 384K [0x00000000d5580000, 0x00000000d5a80000, 0x0000000100000000)
  eden space 2048K, 0% used [0x00000000d5580000,0x00000000d5580000,0x00000000d5780000)
  from space 512K, 75% used [0x00000000d5a00000,0x00000000d5a60000,0x00000000d5a80000)
  to   space 512K, 0% used [0x00000000d5980000,0x00000000d5980000,0x00000000d5a00000)
 ParOldGen       total 348160K, used 348142K [0x0000000080000000, 0x0000000095400000, 0x00000000d5580000)
  object space 348160K, 99% used [0x0000000080000000,0x00000000953fb8c8,0x0000000095400000)
 Metaspace       used 73723K, committed 75456K, reserved 1179648K
  class space    used 7746K, committed 8512K, reserved 1048576K
}
Event: 9790.526 GC heap before
{Heap before GC invocations=372 (full 4):
 PSYoungGen      total 2560K, used 384K [0x00000000d5580000, 0x00000000d5a80000, 0x0000000100000000)
  eden space 2048K, 0% used [0x00000000d5580000,0x00000000d5580000,0x00000000d5780000)
  from space 512K, 75% used [0x00000000d5a00000,0x00000000d5a60000,0x00000000d5a80000)
  to   space 512K, 0% used [0x00000000d5980000,0x00000000d5980000,0x00000000d5a00000)
 ParOldGen       total 348160K, used 348142K [0x0000000080000000, 0x0000000095400000, 0x00000000d5580000)
  object space 348160K, 99% used [0x0000000080000000,0x00000000953fb8c8,0x0000000095400000)
 Metaspace       used 73723K, committed 75456K, reserved 1179648K
  class space    used 7746K, committed 8512K, reserved 1048576K
}
Event: 9795.566 GC heap after
{Heap after GC invocations=372 (full 4):
 PSYoungGen      total 2560K, used 0K [0x00000000d5580000, 0x00000000d5a80000, 0x0000000100000000)
  eden space 2048K, 0% used [0x00000000d5580000,0x00000000d5580000,0x00000000d5780000)
  from space 512K, 0% used [0x00000000d5a00000,0x00000000d5a00000,0x00000000d5a80000)
  to   space 512K, 0% used [0x00000000d5980000,0x00000000d5980000,0x00000000d5a00000)
 ParOldGen       total 348160K, used 71311K [0x0000000080000000, 0x0000000095400000, 0x00000000d5580000)
  object space 348160K, 20% used [0x0000000080000000,0x00000000845a3e00,0x0000000095400000)
 Metaspace       used 73182K, committed 75456K, reserved 1179648K
  class space    used 7613K, committed 8512K, reserved 1048576K
}
Event: 9795.598 GC heap before
{Heap before GC invocations=373 (full 4):
 PSYoungGen      total 2560K, used 2009K [0x00000000d5580000, 0x00000000d5a80000, 0x0000000100000000)
  eden space 2048K, 98% used [0x00000000d5580000,0x00000000d5776658,0x00000000d5780000)
  from space 512K, 0% used [0x00000000d5a00000,0x00000000d5a00000,0x00000000d5a80000)
  to   space 512K, 0% used [0x00000000d5980000,0x00000000d5980000,0x00000000d5a00000)
 ParOldGen       total 348160K, used 71311K [0x0000000080000000, 0x0000000095400000, 0x00000000d5580000)
  object space 348160K, 20% used [0x0000000080000000,0x00000000845a3e00,0x0000000095400000)
 Metaspace       used 73183K, committed 75456K, reserved 1179648K
  class space    used 7613K, committed 8512K, reserved 1048576K
}
Event: 9795.601 GC heap after
{Heap after GC invocations=373 (full 4):
 PSYoungGen      total 2560K, used 502K [0x00000000d5580000, 0x00000000d5a80000, 0x0000000100000000)
  eden space 2048K, 0% used [0x00000000d5580000,0x00000000d5580000,0x00000000d5780000)
  from space 512K, 98% used [0x00000000d5980000,0x00000000d59fd880,0x00000000d5a00000)
  to   space 512K, 0% used [0x00000000d5a00000,0x00000000d5a00000,0x00000000d5a80000)
 ParOldGen       total 348160K, used 71319K [0x0000000080000000, 0x0000000095400000, 0x00000000d5580000)
  object space 348160K, 20% used [0x0000000080000000,0x00000000845a5e00,0x0000000095400000)
 Metaspace       used 73183K, committed 75456K, reserved 1179648K
  class space    used 7613K, committed 8512K, reserved 1048576K
}
Event: 9795.918 GC heap before
{Heap before GC invocations=374 (full 4):
 PSYoungGen      total 2560K, used 2550K [0x00000000d5580000, 0x00000000d5a80000, 0x0000000100000000)
  eden space 2048K, 100% used [0x00000000d5580000,0x00000000d5780000,0x00000000d5780000)
  from space 512K, 98% used [0x00000000d5980000,0x00000000d59fd880,0x00000000d5a00000)
  to   space 512K, 0% used [0x00000000d5a00000,0x00000000d5a00000,0x00000000d5a80000)
 ParOldGen       total 348160K, used 71319K [0x0000000080000000, 0x0000000095400000, 0x00000000d5580000)
  object space 348160K, 20% used [0x0000000080000000,0x00000000845a5e00,0x0000000095400000)
 Metaspace       used 73210K, committed 75456K, reserved 1179648K
  class space    used 7617K, committed 8512K, reserved 1048576K
}
Event: 9795.920 GC heap after
{Heap after GC invocations=374 (full 4):
 PSYoungGen      total 2560K, used 487K [0x00000000d5580000, 0x00000000d5a80000, 0x0000000100000000)
  eden space 2048K, 0% used [0x00000000d5580000,0x00000000d5580000,0x00000000d5780000)
  from space 512K, 95% used [0x00000000d5a00000,0x00000000d5a79e48,0x00000000d5a80000)
  to   space 1024K, 0% used [0x00000000d5880000,0x00000000d5880000,0x00000000d5980000)
 ParOldGen       total 348160K, used 71709K [0x0000000080000000, 0x0000000095400000, 0x00000000d5580000)
  object space 348160K, 20% used [0x0000000080000000,0x0000000084607528,0x0000000095400000)
 Metaspace       used 73210K, committed 75456K, reserved 1179648K
  class space    used 7617K, committed 8512K, reserved 1048576K
}
Event: 9796.596 GC heap before
{Heap before GC invocations=375 (full 4):
 PSYoungGen      total 2560K, used 2535K [0x00000000d5580000, 0x00000000d5a80000, 0x0000000100000000)
  eden space 2048K, 100% used [0x00000000d5580000,0x00000000d5780000,0x00000000d5780000)
  from space 512K, 95% used [0x00000000d5a00000,0x00000000d5a79e48,0x00000000d5a80000)
  to   space 1024K, 0% used [0x00000000d5880000,0x00000000d5880000,0x00000000d5980000)
 ParOldGen       total 348160K, used 133149K [0x0000000080000000, 0x0000000095400000, 0x00000000d5580000)
  object space 348160K, 38% used [0x0000000080000000,0x0000000088207588,0x0000000095400000)
 Metaspace       used 73216K, committed 75456K, reserved 1179648K
  class space    used 7617K, committed 8512K, reserved 1048576K
}
Event: 9796.600 GC heap after
{Heap after GC invocations=375 (full 4):
 PSYoungGen      total 3072K, used 288K [0x00000000d5580000, 0x00000000d5a80000, 0x0000000100000000)
  eden space 2048K, 0% used [0x00000000d5580000,0x00000000d5580000,0x00000000d5780000)
  from space 1024K, 28% used [0x00000000d5880000,0x00000000d58c8000,0x00000000d5980000)
  to   space 512K, 0% used [0x00000000d5a00000,0x00000000d5a00000,0x00000000d5a80000)
 ParOldGen       total 348160K, used 133572K [0x0000000080000000, 0x0000000095400000, 0x00000000d5580000)
  object space 348160K, 38% used [0x0000000080000000,0x0000000088271340,0x0000000095400000)
 Metaspace       used 73216K, committed 75456K, reserved 1179648K
  class space    used 7617K, committed 8512K, reserved 1048576K
}
Event: 9796.760 GC heap before
{Heap before GC invocations=376 (full 4):
 PSYoungGen      total 3072K, used 2336K [0x00000000d5580000, 0x00000000d5a80000, 0x0000000100000000)
  eden space 2048K, 100% used [0x00000000d5580000,0x00000000d5780000,0x00000000d5780000)
  from space 1024K, 28% used [0x00000000d5880000,0x00000000d58c8000,0x00000000d5980000)
  to   space 512K, 0% used [0x00000000d5a00000,0x00000000d5a00000,0x00000000d5a80000)
 ParOldGen       total 348160K, used 133572K [0x0000000080000000, 0x0000000095400000, 0x00000000d5580000)
  object space 348160K, 38% used [0x0000000080000000,0x0000000088271340,0x0000000095400000)
 Metaspace       used 73223K, committed 75456K, reserved 1179648K
  class space    used 7617K, committed 8512K, reserved 1048576K
}
Event: 9796.762 GC heap after
{Heap after GC invocations=376 (full 4):
 PSYoungGen      total 2560K, used 504K [0x00000000d5580000, 0x00000000d5a80000, 0x0000000100000000)
  eden space 2048K, 0% used [0x00000000d5580000,0x00000000d5580000,0x00000000d5780000)
  from space 512K, 98% used [0x00000000d5a00000,0x00000000d5a7e1f0,0x00000000d5a80000)
  to   space 1024K, 0% used [0x00000000d5880000,0x00000000d5880000,0x00000000d5980000)
 ParOldGen       total 348160K, used 133676K [0x0000000080000000, 0x0000000095400000, 0x00000000d5580000)
  object space 348160K, 38% used [0x0000000080000000,0x000000008828b340,0x0000000095400000)
 Metaspace       used 73223K, committed 75456K, reserved 1179648K
  class space    used 7617K, committed 8512K, reserved 1048576K
}
Event: 9887.390 GC heap before
{Heap before GC invocations=377 (full 4):
 PSYoungGen      total 2560K, used 2552K [0x00000000d5580000, 0x00000000d5a80000, 0x0000000100000000)
  eden space 2048K, 100% used [0x00000000d5580000,0x00000000d5780000,0x00000000d5780000)
  from space 512K, 98% used [0x00000000d5a00000,0x00000000d5a7e1f0,0x00000000d5a80000)
  to   space 1024K, 0% used [0x00000000d5880000,0x00000000d5880000,0x00000000d5980000)
 ParOldGen       total 348160K, used 133676K [0x0000000080000000, 0x0000000095400000, 0x00000000d5580000)
  object space 348160K, 38% used [0x0000000080000000,0x000000008828b340,0x0000000095400000)
 Metaspace       used 73274K, committed 75456K, reserved 1179648K
  class space    used 7619K, committed 8512K, reserved 1048576K
}
Event: 9887.451 GC heap after
{Heap after GC invocations=377 (full 4):
 PSYoungGen      total 3072K, used 448K [0x00000000d5580000, 0x00000000d5a80000, 0x0000000100000000)
  eden space 2048K, 0% used [0x00000000d5580000,0x00000000d5580000,0x00000000d5780000)
  from space 1024K, 43% used [0x00000000d5880000,0x00000000d58f0020,0x00000000d5980000)
  to   space 512K, 0% used [0x00000000d5a00000,0x00000000d5a00000,0x00000000d5a80000)
 ParOldGen       total 348160K, used 134096K [0x0000000080000000, 0x0000000095400000, 0x00000000d5580000)
  object space 348160K, 38% used [0x0000000080000000,0x00000000882f4088,0x0000000095400000)
 Metaspace       used 73274K, committed 75456K, reserved 1179648K
  class space    used 7619K, committed 8512K, reserved 1048576K
}
Event: 9887.749 GC heap before
{Heap before GC invocations=378 (full 4):
 PSYoungGen      total 3072K, used 2484K [0x00000000d5580000, 0x00000000d5a80000, 0x0000000100000000)
  eden space 2048K, 99% used [0x00000000d5580000,0x00000000d577d1a8,0x00000000d5780000)
  from space 1024K, 43% used [0x00000000d5880000,0x00000000d58f0020,0x00000000d5980000)
  to   space 512K, 0% used [0x00000000d5a00000,0x00000000d5a00000,0x00000000d5a80000)
 ParOldGen       total 348160K, used 134096K [0x0000000080000000, 0x0000000095400000, 0x00000000d5580000)
  object space 348160K, 38% used [0x0000000080000000,0x00000000882f4088,0x0000000095400000)
 Metaspace       used 73277K, committed 75456K, reserved 1179648K
  class space    used 7619K, committed 8512K, reserved 1048576K
}
Event: 9887.755 GC heap after
{Heap after GC invocations=378 (full 4):
 PSYoungGen      total 2560K, used 400K [0x00000000d5580000, 0x00000000d5a80000, 0x0000000100000000)
  eden space 2048K, 0% used [0x00000000d5580000,0x00000000d5580000,0x00000000d5780000)
  from space 512K, 78% used [0x00000000d5a00000,0x00000000d5a64010,0x00000000d5a80000)
  to   space 512K, 0% used [0x00000000d5980000,0x00000000d5980000,0x00000000d5a00000)
 ParOldGen       total 348160K, used 134376K [0x0000000080000000, 0x0000000095400000, 0x00000000d5580000)
  object space 348160K, 38% used [0x0000000080000000,0x000000008833a0a8,0x0000000095400000)
 Metaspace       used 73277K, committed 75456K, reserved 1179648K
  class space    used 7619K, committed 8512K, reserved 1048576K
}
Event: 10083.458 GC heap before
{Heap before GC invocations=379 (full 4):
 PSYoungGen      total 2560K, used 2448K [0x00000000d5580000, 0x00000000d5a80000, 0x0000000100000000)
  eden space 2048K, 100% used [0x00000000d5580000,0x00000000d5780000,0x00000000d5780000)
  from space 512K, 78% used [0x00000000d5a00000,0x00000000d5a64010,0x00000000d5a80000)
  to   space 512K, 0% used [0x00000000d5980000,0x00000000d5980000,0x00000000d5a00000)
 ParOldGen       total 348160K, used 134376K [0x0000000080000000, 0x0000000095400000, 0x00000000d5580000)
  object space 348160K, 38% used [0x0000000080000000,0x000000008833a0a8,0x0000000095400000)
 Metaspace       used 73366K, committed 75456K, reserved 1179648K
  class space    used 7633K, committed 8512K, reserved 1048576K
}
Event: 10083.492 GC heap after
{Heap after GC invocations=379 (full 4):
 PSYoungGen      total 2560K, used 448K [0x00000000d5580000, 0x00000000d5a80000, 0x0000000100000000)
  eden space 2048K, 0% used [0x00000000d5580000,0x00000000d5580000,0x00000000d5780000)
  from space 512K, 87% used [0x00000000d5980000,0x00000000d59f0000,0x00000000d5a00000)
  to   space 512K, 0% used [0x00000000d5a00000,0x00000000d5a00000,0x00000000d5a80000)
 ParOldGen       total 348160K, used 134480K [0x0000000080000000, 0x0000000095400000, 0x00000000d5580000)
  object space 348160K, 38% used [0x0000000080000000,0x00000000883540a8,0x0000000095400000)
 Metaspace       used 73366K, committed 75456K, reserved 1179648K
  class space    used 7633K, committed 8512K, reserved 1048576K
}
Event: 10390.331 GC heap before
{Heap before GC invocations=380 (full 4):
 PSYoungGen      total 2560K, used 2496K [0x00000000d5580000, 0x00000000d5a80000, 0x0000000100000000)
  eden space 2048K, 100% used [0x00000000d5580000,0x00000000d5780000,0x00000000d5780000)
  from space 512K, 87% used [0x00000000d5980000,0x00000000d59f0000,0x00000000d5a00000)
  to   space 512K, 0% used [0x00000000d5a00000,0x00000000d5a00000,0x00000000d5a80000)
 ParOldGen       total 348160K, used 134480K [0x0000000080000000, 0x0000000095400000, 0x00000000d5580000)
  object space 348160K, 38% used [0x0000000080000000,0x00000000883540a8,0x0000000095400000)
 Metaspace       used 73401K, committed 75456K, reserved 1179648K
  class space    used 7637K, committed 8512K, reserved 1048576K
}
Event: 10390.414 GC heap after
{Heap after GC invocations=380 (full 4):
 PSYoungGen      total 2560K, used 320K [0x00000000d5580000, 0x00000000d5a80000, 0x0000000100000000)
  eden space 2048K, 0% used [0x00000000d5580000,0x00000000d5580000,0x00000000d5780000)
  from space 512K, 62% used [0x00000000d5a00000,0x00000000d5a50000,0x00000000d5a80000)
  to   space 512K, 0% used [0x00000000d5980000,0x00000000d5980000,0x00000000d5a00000)
 ParOldGen       total 348160K, used 134704K [0x0000000080000000, 0x0000000095400000, 0x00000000d5580000)
  object space 348160K, 38% used [0x0000000080000000,0x000000008838c0a8,0x0000000095400000)
 Metaspace       used 73401K, committed 75456K, reserved 1179648K
  class space    used 7637K, committed 8512K, reserved 1048576K
}

