# JRE version: OpenJDK Runtime Environment Temurin-21.0.9+10 (21.0.9+10) (build 21.0.9+10-LTS)
# Java VM: OpenJDK 64-Bit Server VM Temurin-21.0.9+10 (21.0.9+10-LTS, mixed mode, sharing, tiered, compressed oops, compressed class ptrs, parallel gc, windows-amd64)
GC Precious Log:
 CardTable entry size: 512
 CPUs: 12 total, 12 available
 Memory: 7521M
 Large Page Support: Disabled
 NUMA Support: Disabled
 Compressed Oops: Enabled (32-bit)
 Alignments: Space 512K, Generation 512K, Heap 2M
 Heap Min Capacity: 100M
 Heap Initial Capacity: 100M
 Heap Max Capacity: 2G
 Pre-touch: Disabled
 Parallel Workers: 10
Heap:
 PSYoungGen      total 25088K, used 14140K [0x00000000d5580000, 0x00000000d7480000, 0x0000000100000000)
  eden space 19968K, 61% used [0x00000000d5580000,0x00000000d6170f10,0x00000000d6900000)
  from space 5120K, 37% used [0x00000000d6a80000,0x00000000d6c5e200,0x00000000d6f80000)
  to   space 3072K, 0% used [0x00000000d7180000,0x00000000d7180000,0x00000000d7480000)
 ParOldGen       total 68608K, used 51573K [0x0000000080000000, 0x0000000084300000, 0x00000000d5580000)
  object space 68608K, 75% used [0x0000000080000000,0x000000008325d530,0x0000000084300000)
 Metaspace       used 50778K, committed 52224K, reserved 1114112K
  class space    used 5543K, committed 6144K, reserved 1048576K
GC Heap History (20 events):
Event: 13.402 GC heap before
{Heap before GC invocations=22 (full 2):
 PSYoungGen      total 24576K, used 24546K [0x00000000d5580000, 0x00000000d8600000, 0x0000000100000000)
  eden space 19968K, 100% used [0x00000000d5580000,0x00000000d6900000,0x00000000d6900000)
  from space 4608K, 99% used [0x00000000d6900000,0x00000000d6d788c8,0x00000000d6d80000)
  to   space 14848K, 0% used [0x00000000d7780000,0x00000000d7780000,0x00000000d8600000)
 ParOldGen       total 68608K, used 33790K [0x0000000080000000, 0x0000000084300000, 0x00000000d5580000)
  object space 68608K, 49% used [0x0000000080000000,0x00000000820ff8c0,0x0000000084300000)
 Metaspace       used 46783K, committed 48000K, reserved 1114112K
  class space    used 5103K, committed 5632K, reserved 1048576K
}
Event: 13.404 GC heap after
{Heap after GC invocations=22 (full 2):
 PSYoungGen      total 20480K, used 384K [0x00000000d5580000, 0x00000000d7800000, 0x0000000100000000)
  eden space 19968K, 0% used [0x00000000d5580000,0x00000000d5580000,0x00000000d6900000)
  from space 512K, 75% used [0x00000000d7780000,0x00000000d77e0000,0x00000000d7800000)
  to   space 5120K, 0% used [0x00000000d6e00000,0x00000000d6e00000,0x00000000d7300000)
 ParOldGen       total 68608K, used 38425K [0x0000000080000000, 0x0000000084300000, 0x00000000d5580000)
  object space 68608K, 56% used [0x0000000080000000,0x00000000825865f8,0x0000000084300000)
 Metaspace       used 46783K, committed 48000K, reserved 1114112K
  class space    used 5103K, committed 5632K, reserved 1048576K
}
Event: 14.151 GC heap before
{Heap before GC invocations=23 (full 2):
 PSYoungGen      total 20480K, used 20352K [0x00000000d5580000, 0x00000000d7800000, 0x0000000100000000)
  eden space 19968K, 100% used [0x00000000d5580000,0x00000000d6900000,0x00000000d6900000)
  from space 512K, 75% used [0x00000000d7780000,0x00000000d77e0000,0x00000000d7800000)
  to   space 5120K, 0% used [0x00000000d6e00000,0x00000000d6e00000,0x00000000d7300000)
 ParOldGen       total 68608K, used 38425K [0x0000000080000000, 0x0000000084300000, 0x00000000d5580000)
  object space 68608K, 56% used [0x0000000080000000,0x00000000825865f8,0x0000000084300000)
 Metaspace       used 46845K, committed 48064K, reserved 1114112K
  class space    used 5111K, committed 5632K, reserved 1048576K
}
Event: 14.152 GC heap after
{Heap after GC invocations=23 (full 2):
 PSYoungGen      total 25088K, used 349K [0x00000000d5580000, 0x00000000d7800000, 0x0000000100000000)
  eden space 19968K, 0% used [0x00000000d5580000,0x00000000d5580000,0x00000000d6900000)
  from space 5120K, 6% used [0x00000000d6e00000,0x00000000d6e57600,0x00000000d7300000)
  to   space 1536K, 0% used [0x00000000d7680000,0x00000000d7680000,0x00000000d7800000)
 ParOldGen       total 68608K, used 38639K [0x0000000080000000, 0x0000000084300000, 0x00000000d5580000)
  object space 68608K, 56% used [0x0000000080000000,0x00000000825bbdd0,0x0000000084300000)
 Metaspace       used 46845K, committed 48064K, reserved 1114112K
  class space    used 5111K, committed 5632K, reserved 1048576K
}
Event: 14.657 GC heap before
{Heap before GC invocations=24 (full 2):
 PSYoungGen      total 25088K, used 20317K [0x00000000d5580000, 0x00000000d7800000, 0x0000000100000000)
  eden space 19968K, 100% used [0x00000000d5580000,0x00000000d6900000,0x00000000d6900000)
  from space 5120K, 6% used [0x00000000d6e00000,0x00000000d6e57600,0x00000000d7300000)
  to   space 1536K, 0% used [0x00000000d7680000,0x00000000d7680000,0x00000000d7800000)
 ParOldGen       total 68608K, used 38639K [0x0000000080000000, 0x0000000084300000, 0x00000000d5580000)
  object space 68608K, 56% used [0x0000000080000000,0x00000000825bbdd0,0x0000000084300000)
 Metaspace       used 47147K, committed 48448K, reserved 1114112K
  class space    used 5143K, committed 5696K, reserved 1048576K
}
Event: 14.657 GC heap after
{Heap after GC invocations=24 (full 2):
 PSYoungGen      total 20992K, used 800K [0x00000000d5580000, 0x00000000d7780000, 0x0000000100000000)
  eden space 19968K, 0% used [0x00000000d5580000,0x00000000d5580000,0x00000000d6900000)
  from space 1024K, 78% used [0x00000000d7680000,0x00000000d7748000,0x00000000d7780000)
  to   space 1024K, 0% used [0x00000000d7580000,0x00000000d7580000,0x00000000d7680000)
 ParOldGen       total 68608K, used 38775K [0x0000000080000000, 0x0000000084300000, 0x00000000d5580000)
  object space 68608K, 56% used [0x0000000080000000,0x00000000825dddd0,0x0000000084300000)
 Metaspace       used 47147K, committed 48448K, reserved 1114112K
  class space    used 5143K, committed 5696K, reserved 1048576K
}
Event: 14.899 GC heap before
{Heap before GC invocations=25 (full 2):
 PSYoungGen      total 20992K, used 20768K [0x00000000d5580000, 0x00000000d7780000, 0x0000000100000000)
  eden space 19968K, 100% used [0x00000000d5580000,0x00000000d6900000,0x00000000d6900000)
  from space 1024K, 78% used [0x00000000d7680000,0x00000000d7748000,0x00000000d7780000)
  to   space 1024K, 0% used [0x00000000d7580000,0x00000000d7580000,0x00000000d7680000)
 ParOldGen       total 68608K, used 38775K [0x0000000080000000, 0x0000000084300000, 0x00000000d5580000)
  object space 68608K, 56% used [0x0000000080000000,0x00000000825dddd0,0x0000000084300000)
 Metaspace       used 48731K, committed 50176K, reserved 1114112K
  class space    used 5315K, committed 5952K, reserved 1048576K
}
Event: 14.901 GC heap after
{Heap after GC invocations=25 (full 2):
 PSYoungGen      total 20992K, used 1017K [0x00000000d5580000, 0x00000000d7700000, 0x0000000100000000)
  eden space 19968K, 0% used [0x00000000d5580000,0x00000000d5580000,0x00000000d6900000)
  from space 1024K, 99% used [0x00000000d7580000,0x00000000d767e4c0,0x00000000d7680000)
  to   space 512K, 0% used [0x00000000d7680000,0x00000000d7680000,0x00000000d7700000)
 ParOldGen       total 68608K, used 39610K [0x0000000080000000, 0x0000000084300000, 0x00000000d5580000)
  object space 68608K, 57% used [0x0000000080000000,0x00000000826ae940,0x0000000084300000)
 Metaspace       used 48731K, committed 50176K, reserved 1114112K
  class space    used 5315K, committed 5952K, reserved 1048576K
}
Event: 15.023 GC heap before
{Heap before GC invocations=26 (full 2):
 PSYoungGen      total 20992K, used 20985K [0x00000000d5580000, 0x00000000d7700000, 0x0000000100000000)
  eden space 19968K, 100% used [0x00000000d5580000,0x00000000d6900000,0x00000000d6900000)
  from space 1024K, 99% used [0x00000000d7580000,0x00000000d767e4c0,0x00000000d7680000)
  to   space 512K, 0% used [0x00000000d7680000,0x00000000d7680000,0x00000000d7700000)
 ParOldGen       total 68608K, used 39610K [0x0000000080000000, 0x0000000084300000, 0x00000000d5580000)
  object space 68608K, 57% used [0x0000000080000000,0x00000000826ae940,0x0000000084300000)
 Metaspace       used 49027K, committed 50432K, reserved 1114112K
  class space    used 5329K, committed 5952K, reserved 1048576K
}
Event: 15.028 GC heap after
{Heap after GC invocations=26 (full 2):
 PSYoungGen      total 20480K, used 480K [0x00000000d5580000, 0x00000000d7700000, 0x0000000100000000)
  eden space 19968K, 0% used [0x00000000d5580000,0x00000000d5580000,0x00000000d6900000)
  from space 512K, 93% used [0x00000000d7680000,0x00000000d76f8020,0x00000000d7700000)
  to   space 3584K, 0% used [0x00000000d7000000,0x00000000d7000000,0x00000000d7380000)
 ParOldGen       total 68608K, used 42142K [0x0000000080000000, 0x0000000084300000, 0x00000000d5580000)
  object space 68608K, 61% used [0x0000000080000000,0x0000000082927a38,0x0000000084300000)
 Metaspace       used 49027K, committed 50432K, reserved 1114112K
  class space    used 5329K, committed 5952K, reserved 1048576K
}
Event: 15.138 GC heap before
{Heap before GC invocations=27 (full 2):
 PSYoungGen      total 20480K, used 20448K [0x00000000d5580000, 0x00000000d7700000, 0x0000000100000000)
  eden space 19968K, 100% used [0x00000000d5580000,0x00000000d6900000,0x00000000d6900000)
  from space 512K, 93% used [0x00000000d7680000,0x00000000d76f8020,0x00000000d7700000)
  to   space 3584K, 0% used [0x00000000d7000000,0x00000000d7000000,0x00000000d7380000)
 ParOldGen       total 68608K, used 42142K [0x0000000080000000, 0x0000000084300000, 0x00000000d5580000)
  object space 68608K, 61% used [0x0000000080000000,0x0000000082927a38,0x0000000084300000)
 Metaspace       used 49430K, committed 50880K, reserved 1114112K
  class space    used 5392K, committed 6016K, reserved 1048576K
}
Event: 15.140 GC heap after
{Heap after GC invocations=27 (full 2):
 PSYoungGen      total 23552K, used 2641K [0x00000000d5580000, 0x00000000d7700000, 0x0000000100000000)
  eden space 19968K, 0% used [0x00000000d5580000,0x00000000d5580000,0x00000000d6900000)
  from space 3584K, 73% used [0x00000000d7000000,0x00000000d7294460,0x00000000d7380000)
  to   space 3072K, 0% used [0x00000000d7400000,0x00000000d7400000,0x00000000d7700000)
 ParOldGen       total 68608K, used 42590K [0x0000000080000000, 0x0000000084300000, 0x00000000d5580000)
  object space 68608K, 62% used [0x0000000080000000,0x0000000082997a48,0x0000000084300000)
 Metaspace       used 49430K, committed 50880K, reserved 1114112K
  class space    used 5392K, committed 6016K, reserved 1048576K
}
Event: 15.196 GC heap before
{Heap before GC invocations=28 (full 2):
 PSYoungGen      total 23552K, used 22609K [0x00000000d5580000, 0x00000000d7700000, 0x0000000100000000)
  eden space 19968K, 100% used [0x00000000d5580000,0x00000000d6900000,0x00000000d6900000)
  from space 3584K, 73% used [0x00000000d7000000,0x00000000d7294460,0x00000000d7380000)
  to   space 3072K, 0% used [0x00000000d7400000,0x00000000d7400000,0x00000000d7700000)
 ParOldGen       total 68608K, used 42590K [0x0000000080000000, 0x0000000084300000, 0x00000000d5580000)
  object space 68608K, 62% used [0x0000000080000000,0x0000000082997a48,0x0000000084300000)
 Metaspace       used 49448K, committed 50880K, reserved 1114112K
  class space    used 5393K, committed 6016K, reserved 1048576K
}
Event: 15.200 GC heap after
{Heap after GC invocations=28 (full 2):
 PSYoungGen      total 22528K, used 2402K [0x00000000d5580000, 0x00000000d7680000, 0x0000000100000000)
  eden space 19968K, 0% used [0x00000000d5580000,0x00000000d5580000,0x00000000d6900000)
  from space 2560K, 93% used [0x00000000d7400000,0x00000000d7658800,0x00000000d7680000)
  to   space 2560K, 0% used [0x00000000d7180000,0x00000000d7180000,0x00000000d7400000)
 ParOldGen       total 68608K, used 44992K [0x0000000080000000, 0x0000000084300000, 0x00000000d5580000)
  object space 68608K, 65% used [0x0000000080000000,0x0000000082bf0148,0x0000000084300000)
 Metaspace       used 49448K, committed 50880K, reserved 1114112K
  class space    used 5393K, committed 6016K, reserved 1048576K
}
Event: 15.262 GC heap before
{Heap before GC invocations=29 (full 2):
 PSYoungGen      total 22528K, used 22370K [0x00000000d5580000, 0x00000000d7680000, 0x0000000100000000)
  eden space 19968K, 100% used [0x00000000d5580000,0x00000000d6900000,0x00000000d6900000)
  from space 2560K, 93% used [0x00000000d7400000,0x00000000d7658800,0x00000000d7680000)
  to   space 2560K, 0% used [0x00000000d7180000,0x00000000d7180000,0x00000000d7400000)
 ParOldGen       total 68608K, used 44992K [0x0000000080000000, 0x0000000084300000, 0x00000000d5580000)
  object space 68608K, 65% used [0x0000000080000000,0x0000000082bf0148,0x0000000084300000)
 Metaspace       used 49465K, committed 50880K, reserved 1114112K
  class space    used 5393K, committed 6016K, reserved 1048576K
}
Event: 15.265 GC heap after
{Heap after GC invocations=29 (full 2):
 PSYoungGen      total 22528K, used 2372K [0x00000000d5580000, 0x00000000d7480000, 0x0000000100000000)
  eden space 19968K, 0% used [0x00000000d5580000,0x00000000d5580000,0x00000000d6900000)
  from space 2560K, 92% used [0x00000000d7180000,0x00000000d73d1000,0x00000000d7400000)
  to   space 512K, 0% used [0x00000000d7400000,0x00000000d7400000,0x00000000d7480000)
 ParOldGen       total 68608K, used 47117K [0x0000000080000000, 0x0000000084300000, 0x00000000d5580000)
  object space 68608K, 68% used [0x0000000080000000,0x0000000082e034a8,0x0000000084300000)
 Metaspace       used 49465K, committed 50880K, reserved 1114112K
  class space    used 5393K, committed 6016K, reserved 1048576K
}
Event: 15.342 GC heap before
{Heap before GC invocations=30 (full 2):
 PSYoungGen      total 22528K, used 22340K [0x00000000d5580000, 0x00000000d7480000, 0x0000000100000000)
  eden space 19968K, 100% used [0x00000000d5580000,0x00000000d6900000,0x00000000d6900000)
  from space 2560K, 92% used [0x00000000d7180000,0x00000000d73d1000,0x00000000d7400000)
  to   space 512K, 0% used [0x00000000d7400000,0x00000000d7400000,0x00000000d7480000)
 ParOldGen       total 68608K, used 47117K [0x0000000080000000, 0x0000000084300000, 0x00000000d5580000)
  object space 68608K, 68% used [0x0000000080000000,0x0000000082e034a8,0x0000000084300000)
 Metaspace       used 49530K, committed 50944K, reserved 1114112K
  class space    used 5393K, committed 6016K, reserved 1048576K
}
Event: 15.347 GC heap after
{Heap after GC invocations=30 (full 2):
 PSYoungGen      total 20480K, used 512K [0x00000000d5580000, 0x00000000d7480000, 0x0000000100000000)
  eden space 19968K, 0% used [0x00000000d5580000,0x00000000d5580000,0x00000000d6900000)
  from space 512K, 100% used [0x00000000d7400000,0x00000000d7480000,0x00000000d7480000)
  to   space 5120K, 0% used [0x00000000d6a80000,0x00000000d6a80000,0x00000000d6f80000)
 ParOldGen       total 68608K, used 51021K [0x0000000080000000, 0x0000000084300000, 0x00000000d5580000)
  object space 68608K, 74% used [0x0000000080000000,0x00000000831d3530,0x0000000084300000)
 Metaspace       used 49530K, committed 50944K, reserved 1114112K
  class space    used 5393K, committed 6016K, reserved 1048576K
}
Event: 15.413 GC heap before
{Heap before GC invocations=31 (full 2):
 PSYoungGen      total 20480K, used 20480K [0x00000000d5580000, 0x00000000d7480000, 0x0000000100000000)
  eden space 19968K, 100% used [0x00000000d5580000,0x00000000d6900000,0x00000000d6900000)
  from space 512K, 100% used [0x00000000d7400000,0x00000000d7480000,0x00000000d7480000)
  to   space 5120K, 0% used [0x00000000d6a80000,0x00000000d6a80000,0x00000000d6f80000)
 ParOldGen       total 68608K, used 51021K [0x0000000080000000, 0x0000000084300000, 0x00000000d5580000)
  object space 68608K, 74% used [0x0000000080000000,0x00000000831d3530,0x0000000084300000)
 Metaspace       used 49595K, committed 51008K, reserved 1114112K
  class space    used 5394K, committed 6016K, reserved 1048576K
}
Event: 15.415 GC heap after
{Heap after GC invocations=31 (full 2):
 PSYoungGen      total 25088K, used 1912K [0x00000000d5580000, 0x00000000d7480000, 0x0000000100000000)
  eden space 19968K, 0% used [0x00000000d5580000,0x00000000d5580000,0x00000000d6900000)
  from space 5120K, 37% used [0x00000000d6a80000,0x00000000d6c5e200,0x00000000d6f80000)
  to   space 3072K, 0% used [0x00000000d7180000,0x00000000d7180000,0x00000000d7480000)
 ParOldGen       total 68608K, used 51573K [0x0000000080000000, 0x0000000084300000, 0x00000000d5580000)
  object space 68608K, 75% used [0x0000000080000000,0x000000008325d530,0x0000000084300000)
 Metaspace       used 49595K, committed 51008K, reserved 1114112K
  class space    used 5394K, committed 6016K, reserved 1048576K
}

