# JRE version: OpenJDK Runtime Environment Temurin-21.0.9+10 (21.0.9+10) (build 21.0.9+10-LTS)
# Java VM: OpenJDK 64-Bit Server VM Temurin-21.0.9+10 (21.0.9+10-LTS, mixed mode, sharing, tiered, compressed oops, compressed class ptrs, parallel gc, windows-amd64)
GC Precious Log:
 CardTable entry size: 512
 CPUs: 12 total, 12 available
 Memory: 7521M
 Large Page Support: Disabled
 NUMA Support: Disabled
 Compressed Oops: Enabled (32-bit)
 Alignments: Space 512K, Generation 512K, Heap 2M
 Heap Min Capacity: 100M
 Heap Initial Capacity: 100M
 Heap Max Capacity: 2G
 Pre-touch: Disabled
 Parallel Workers: 10
Heap:
 PSYoungGen      total 17920K, used 11461K [0x00000000d5580000, 0x00000000d6980000, 0x0000000100000000)
  eden space 15872K, 59% used [0x00000000d5580000,0x00000000d5ec0748,0x00000000d6500000)
  from space 2048K, 97% used [0x00000000d6700000,0x00000000d68f1000,0x00000000d6900000)
  to   space 512K, 0% used [0x00000000d6900000,0x00000000d6900000,0x00000000d6980000)
 ParOldGen       total 68608K, used 47640K [0x0000000080000000, 0x0000000084300000, 0x00000000d5580000)
  object space 68608K, 69% used [0x0000000080000000,0x0000000082e86118,0x0000000084300000)
 Metaspace       used 49399K, committed 50880K, reserved 1114112K
  class space    used 5376K, committed 6016K, reserved 1048576K
GC Heap History (20 events):
Event: 21.009 GC heap before
{Heap before GC invocations=18 (full 2):
 PSYoungGen      total 24064K, used 24048K [0x00000000d5580000, 0x00000000d7200000, 0x0000000100000000)
  eden space 22016K, 100% used [0x00000000d5580000,0x00000000d6b00000,0x00000000d6b00000)
  from space 2048K, 99% used [0x00000000d6c00000,0x00000000d6dfc010,0x00000000d6e00000)
  to   space 3584K, 0% used [0x00000000d6e80000,0x00000000d6e80000,0x00000000d7200000)
 ParOldGen       total 68608K, used 20233K [0x0000000080000000, 0x0000000084300000, 0x00000000d5580000)
  object space 68608K, 29% used [0x0000000080000000,0x00000000813c2608,0x0000000084300000)
 Metaspace       used 42075K, committed 43392K, reserved 1114112K
  class space    used 4592K, committed 5120K, reserved 1048576K
}
Event: 21.015 GC heap after
{Heap after GC invocations=18 (full 2):
 PSYoungGen      total 24064K, used 1760K [0x00000000d5580000, 0x00000000d7080000, 0x0000000100000000)
  eden space 22016K, 0% used [0x00000000d5580000,0x00000000d5580000,0x00000000d6b00000)
  from space 2048K, 85% used [0x00000000d6e80000,0x00000000d7038000,0x00000000d7080000)
  to   space 2560K, 0% used [0x00000000d6b80000,0x00000000d6b80000,0x00000000d6e00000)
 ParOldGen       total 68608K, used 22192K [0x0000000080000000, 0x0000000084300000, 0x00000000d5580000)
  object space 68608K, 32% used [0x0000000080000000,0x00000000815ac1c0,0x0000000084300000)
 Metaspace       used 42075K, committed 43392K, reserved 1114112K
  class space    used 4592K, committed 5120K, reserved 1048576K
}
Event: 21.657 GC heap before
{Heap before GC invocations=19 (full 2):
 PSYoungGen      total 24064K, used 23776K [0x00000000d5580000, 0x00000000d7080000, 0x0000000100000000)
  eden space 22016K, 100% used [0x00000000d5580000,0x00000000d6b00000,0x00000000d6b00000)
  from space 2048K, 85% used [0x00000000d6e80000,0x00000000d7038000,0x00000000d7080000)
  to   space 2560K, 0% used [0x00000000d6b80000,0x00000000d6b80000,0x00000000d6e00000)
 ParOldGen       total 68608K, used 22192K [0x0000000080000000, 0x0000000084300000, 0x00000000d5580000)
  object space 68608K, 32% used [0x0000000080000000,0x00000000815ac1c0,0x0000000084300000)
 Metaspace       used 44255K, committed 45504K, reserved 1114112K
  class space    used 4841K, committed 5376K, reserved 1048576K
}
Event: 21.683 GC heap after
{Heap after GC invocations=19 (full 2):
 PSYoungGen      total 24064K, used 1994K [0x00000000d5580000, 0x00000000d7000000, 0x0000000100000000)
  eden space 22016K, 0% used [0x00000000d5580000,0x00000000d5580000,0x00000000d6b00000)
  from space 2048K, 97% used [0x00000000d6b80000,0x00000000d6d72ae0,0x00000000d6d80000)
  to   space 2560K, 0% used [0x00000000d6d80000,0x00000000d6d80000,0x00000000d7000000)
 ParOldGen       total 68608K, used 23727K [0x0000000080000000, 0x0000000084300000, 0x00000000d5580000)
  object space 68608K, 34% used [0x0000000080000000,0x000000008172bca8,0x0000000084300000)
 Metaspace       used 44255K, committed 45504K, reserved 1114112K
  class space    used 4841K, committed 5376K, reserved 1048576K
}
Event: 26.150 GC heap before
{Heap before GC invocations=20 (full 2):
 PSYoungGen      total 24064K, used 24010K [0x00000000d5580000, 0x00000000d7000000, 0x0000000100000000)
  eden space 22016K, 100% used [0x00000000d5580000,0x00000000d6b00000,0x00000000d6b00000)
  from space 2048K, 97% used [0x00000000d6b80000,0x00000000d6d72ae0,0x00000000d6d80000)
  to   space 2560K, 0% used [0x00000000d6d80000,0x00000000d6d80000,0x00000000d7000000)
 ParOldGen       total 68608K, used 23727K [0x0000000080000000, 0x0000000084300000, 0x00000000d5580000)
  object space 68608K, 34% used [0x0000000080000000,0x000000008172bca8,0x0000000084300000)
 Metaspace       used 45487K, committed 46720K, reserved 1114112K
  class space    used 4969K, committed 5504K, reserved 1048576K
}
Event: 26.156 GC heap after
{Heap after GC invocations=20 (full 2):
 PSYoungGen      total 18432K, used 2552K [0x00000000d5580000, 0x00000000d7c00000, 0x0000000100000000)
  eden space 15872K, 0% used [0x00000000d5580000,0x00000000d5580000,0x00000000d6500000)
  from space 2560K, 99% used [0x00000000d6d80000,0x00000000d6ffe128,0x00000000d7000000)
  to   space 8704K, 0% used [0x00000000d6500000,0x00000000d6500000,0x00000000d6d80000)
 ParOldGen       total 68608K, used 28671K [0x0000000080000000, 0x0000000084300000, 0x00000000d5580000)
  object space 68608K, 41% used [0x0000000080000000,0x0000000081bffe28,0x0000000084300000)
 Metaspace       used 45487K, committed 46720K, reserved 1114112K
  class space    used 4969K, committed 5504K, reserved 1048576K
}
Event: 26.958 GC heap before
{Heap before GC invocations=21 (full 2):
 PSYoungGen      total 18432K, used 18424K [0x00000000d5580000, 0x00000000d7c00000, 0x0000000100000000)
  eden space 15872K, 100% used [0x00000000d5580000,0x00000000d6500000,0x00000000d6500000)
  from space 2560K, 99% used [0x00000000d6d80000,0x00000000d6ffe128,0x00000000d7000000)
  to   space 8704K, 0% used [0x00000000d6500000,0x00000000d6500000,0x00000000d6d80000)
 ParOldGen       total 68608K, used 28671K [0x0000000080000000, 0x0000000084300000, 0x00000000d5580000)
  object space 68608K, 41% used [0x0000000080000000,0x0000000081bffe28,0x0000000084300000)
 Metaspace       used 46322K, committed 47616K, reserved 1114112K
  class space    used 5066K, committed 5632K, reserved 1048576K
}
Event: 26.965 GC heap after
{Heap after GC invocations=21 (full 2):
 PSYoungGen      total 23552K, used 7568K [0x00000000d5580000, 0x00000000d7500000, 0x0000000100000000)
  eden space 15872K, 0% used [0x00000000d5580000,0x00000000d5580000,0x00000000d6500000)
  from space 7680K, 98% used [0x00000000d6500000,0x00000000d6c643c0,0x00000000d6c80000)
  to   space 8192K, 0% used [0x00000000d6d00000,0x00000000d6d00000,0x00000000d7500000)
 ParOldGen       total 68608K, used 30978K [0x0000000080000000, 0x0000000084300000, 0x00000000d5580000)
  object space 68608K, 45% used [0x0000000080000000,0x0000000081e409d0,0x0000000084300000)
 Metaspace       used 46322K, committed 47616K, reserved 1114112K
  class space    used 5066K, committed 5632K, reserved 1048576K
}
Event: 29.574 GC heap before
{Heap before GC invocations=22 (full 2):
 PSYoungGen      total 23552K, used 23440K [0x00000000d5580000, 0x00000000d7500000, 0x0000000100000000)
  eden space 15872K, 100% used [0x00000000d5580000,0x00000000d6500000,0x00000000d6500000)
  from space 7680K, 98% used [0x00000000d6500000,0x00000000d6c643c0,0x00000000d6c80000)
  to   space 8192K, 0% used [0x00000000d6d00000,0x00000000d6d00000,0x00000000d7500000)
 ParOldGen       total 68608K, used 30978K [0x0000000080000000, 0x0000000084300000, 0x00000000d5580000)
  object space 68608K, 45% used [0x0000000080000000,0x0000000081e409d0,0x0000000084300000)
 Metaspace       used 46844K, committed 48192K, reserved 1114112K
  class space    used 5108K, committed 5632K, reserved 1048576K
}
Event: 29.590 GC heap after
{Heap after GC invocations=22 (full 2):
 PSYoungGen      total 16384K, used 384K [0x00000000d5580000, 0x00000000d6d80000, 0x0000000100000000)
  eden space 15872K, 0% used [0x00000000d5580000,0x00000000d5580000,0x00000000d6500000)
  from space 512K, 75% used [0x00000000d6d00000,0x00000000d6d60000,0x00000000d6d80000)
  to   space 3072K, 0% used [0x00000000d6780000,0x00000000d6780000,0x00000000d6a80000)
 ParOldGen       total 68608K, used 38417K [0x0000000080000000, 0x0000000084300000, 0x00000000d5580000)
  object space 68608K, 55% used [0x0000000080000000,0x0000000082584650,0x0000000084300000)
 Metaspace       used 46844K, committed 48192K, reserved 1114112K
  class space    used 5108K, committed 5632K, reserved 1048576K
}
Event: 31.004 GC heap before
{Heap before GC invocations=23 (full 2):
 PSYoungGen      total 16384K, used 16256K [0x00000000d5580000, 0x00000000d6d80000, 0x0000000100000000)
  eden space 15872K, 100% used [0x00000000d5580000,0x00000000d6500000,0x00000000d6500000)
  from space 512K, 75% used [0x00000000d6d00000,0x00000000d6d60000,0x00000000d6d80000)
  to   space 3072K, 0% used [0x00000000d6780000,0x00000000d6780000,0x00000000d6a80000)
 ParOldGen       total 68608K, used 38417K [0x0000000080000000, 0x0000000084300000, 0x00000000d5580000)
  object space 68608K, 55% used [0x0000000080000000,0x0000000082584650,0x0000000084300000)
 Metaspace       used 46853K, committed 48192K, reserved 1114112K
  class space    used 5108K, committed 5632K, reserved 1048576K
}
Event: 31.005 GC heap after
{Heap after GC invocations=23 (full 2):
 PSYoungGen      total 18944K, used 224K [0x00000000d5580000, 0x00000000d6d80000, 0x0000000100000000)
  eden space 15872K, 0% used [0x00000000d5580000,0x00000000d5580000,0x00000000d6500000)
  from space 3072K, 7% used [0x00000000d6780000,0x00000000d67b8000,0x00000000d6a80000)
  to   space 1024K, 0% used [0x00000000d6c80000,0x00000000d6c80000,0x00000000d6d80000)
 ParOldGen       total 68608K, used 38639K [0x0000000080000000, 0x0000000084300000, 0x00000000d5580000)
  object space 68608K, 56% used [0x0000000080000000,0x00000000825bbe28,0x0000000084300000)
 Metaspace       used 46853K, committed 48192K, reserved 1114112K
  class space    used 5108K, committed 5632K, reserved 1048576K
}
Event: 31.588 GC heap before
{Heap before GC invocations=24 (full 2):
 PSYoungGen      total 18944K, used 16096K [0x00000000d5580000, 0x00000000d6d80000, 0x0000000100000000)
  eden space 15872K, 100% used [0x00000000d5580000,0x00000000d6500000,0x00000000d6500000)
  from space 3072K, 7% used [0x00000000d6780000,0x00000000d67b8000,0x00000000d6a80000)
  to   space 1024K, 0% used [0x00000000d6c80000,0x00000000d6c80000,0x00000000d6d80000)
 ParOldGen       total 68608K, used 38639K [0x0000000080000000, 0x0000000084300000, 0x00000000d5580000)
  object space 68608K, 56% used [0x0000000080000000,0x00000000825bbe28,0x0000000084300000)
 Metaspace       used 46990K, committed 48320K, reserved 1114112K
  class space    used 5132K, committed 5696K, reserved 1048576K
}
Event: 31.589 GC heap after
{Heap after GC invocations=24 (full 2):
 PSYoungGen      total 16384K, used 512K [0x00000000d5580000, 0x00000000d6d00000, 0x0000000100000000)
  eden space 15872K, 0% used [0x00000000d5580000,0x00000000d5580000,0x00000000d6500000)
  from space 512K, 100% used [0x00000000d6c80000,0x00000000d6d00000,0x00000000d6d00000)
  to   space 1024K, 0% used [0x00000000d6b00000,0x00000000d6b00000,0x00000000d6c00000)
 ParOldGen       total 68608K, used 38695K [0x0000000080000000, 0x0000000084300000, 0x00000000d5580000)
  object space 68608K, 56% used [0x0000000080000000,0x00000000825c9e28,0x0000000084300000)
 Metaspace       used 46990K, committed 48320K, reserved 1114112K
  class space    used 5132K, committed 5696K, reserved 1048576K
}
Event: 32.689 GC heap before
{Heap before GC invocations=25 (full 2):
 PSYoungGen      total 16384K, used 16374K [0x00000000d5580000, 0x00000000d6d00000, 0x0000000100000000)
  eden space 15872K, 99% used [0x00000000d5580000,0x00000000d64fd8b0,0x00000000d6500000)
  from space 512K, 100% used [0x00000000d6c80000,0x00000000d6d00000,0x00000000d6d00000)
  to   space 1024K, 0% used [0x00000000d6b00000,0x00000000d6b00000,0x00000000d6c00000)
 ParOldGen       total 68608K, used 38695K [0x0000000080000000, 0x0000000084300000, 0x00000000d5580000)
  object space 68608K, 56% used [0x0000000080000000,0x00000000825c9e28,0x0000000084300000)
 Metaspace       used 47441K, committed 48704K, reserved 1114112K
  class space    used 5168K, committed 5696K, reserved 1048576K
}
Event: 32.691 GC heap after
{Heap after GC invocations=25 (full 2):
 PSYoungGen      total 16896K, used 896K [0x00000000d5580000, 0x00000000d6d00000, 0x0000000100000000)
  eden space 15872K, 0% used [0x00000000d5580000,0x00000000d5580000,0x00000000d6500000)
  from space 1024K, 87% used [0x00000000d6b00000,0x00000000d6be0000,0x00000000d6c00000)
  to   space 1024K, 0% used [0x00000000d6c00000,0x00000000d6c00000,0x00000000d6d00000)
 ParOldGen       total 68608K, used 38991K [0x0000000080000000, 0x0000000084300000, 0x00000000d5580000)
  object space 68608K, 56% used [0x0000000080000000,0x0000000082613e28,0x0000000084300000)
 Metaspace       used 47441K, committed 48704K, reserved 1114112K
  class space    used 5168K, committed 5696K, reserved 1048576K
}
Event: 33.031 GC heap before
{Heap before GC invocations=26 (full 2):
 PSYoungGen      total 16896K, used 16768K [0x00000000d5580000, 0x00000000d6d00000, 0x0000000100000000)
  eden space 15872K, 100% used [0x00000000d5580000,0x00000000d6500000,0x00000000d6500000)
  from space 1024K, 87% used [0x00000000d6b00000,0x00000000d6be0000,0x00000000d6c00000)
  to   space 1024K, 0% used [0x00000000d6c00000,0x00000000d6c00000,0x00000000d6d00000)
 ParOldGen       total 68608K, used 38991K [0x0000000080000000, 0x0000000084300000, 0x00000000d5580000)
  object space 68608K, 56% used [0x0000000080000000,0x0000000082613e28,0x0000000084300000)
 Metaspace       used 48701K, committed 50176K, reserved 1114112K
  class space    used 5302K, committed 5888K, reserved 1048576K
}
Event: 33.033 GC heap after
{Heap after GC invocations=26 (full 2):
 PSYoungGen      total 16896K, used 1000K [0x00000000d5580000, 0x00000000d6d00000, 0x0000000100000000)
  eden space 15872K, 0% used [0x00000000d5580000,0x00000000d5580000,0x00000000d6500000)
  from space 1024K, 97% used [0x00000000d6c00000,0x00000000d6cfa1c8,0x00000000d6d00000)
  to   space 2048K, 0% used [0x00000000d6900000,0x00000000d6900000,0x00000000d6b00000)
 ParOldGen       total 68608K, used 39754K [0x0000000080000000, 0x0000000084300000, 0x00000000d5580000)
  object space 68608K, 57% used [0x0000000080000000,0x00000000826d2998,0x0000000084300000)
 Metaspace       used 48701K, committed 50176K, reserved 1114112K
  class space    used 5302K, committed 5888K, reserved 1048576K
}
Event: 33.206 GC heap before
{Heap before GC invocations=27 (full 2):
 PSYoungGen      total 16896K, used 16872K [0x00000000d5580000, 0x00000000d6d00000, 0x0000000100000000)
  eden space 15872K, 100% used [0x00000000d5580000,0x00000000d6500000,0x00000000d6500000)
  from space 1024K, 97% used [0x00000000d6c00000,0x00000000d6cfa1c8,0x00000000d6d00000)
  to   space 2048K, 0% used [0x00000000d6900000,0x00000000d6900000,0x00000000d6b00000)
 ParOldGen       total 68608K, used 39754K [0x0000000080000000, 0x0000000084300000, 0x00000000d5580000)
  object space 68608K, 57% used [0x0000000080000000,0x00000000826d2998,0x0000000084300000)
 Metaspace       used 48955K, committed 50432K, reserved 1114112K
  class space    used 5314K, committed 5888K, reserved 1048576K
}
Event: 33.209 GC heap after
{Heap after GC invocations=27 (full 2):
 PSYoungGen      total 17920K, used 1792K [0x00000000d5580000, 0x00000000d6c80000, 0x0000000100000000)
  eden space 15872K, 0% used [0x00000000d5580000,0x00000000d5580000,0x00000000d6500000)
  from space 2048K, 87% used [0x00000000d6900000,0x00000000d6ac0030,0x00000000d6b00000)
  to   space 1536K, 0% used [0x00000000d6b00000,0x00000000d6b00000,0x00000000d6c80000)
 ParOldGen       total 68608K, used 40602K [0x0000000080000000, 0x0000000084300000, 0x00000000d5580000)
  object space 68608K, 59% used [0x0000000080000000,0x00000000827a68c8,0x0000000084300000)
 Metaspace       used 48955K, committed 50432K, reserved 1114112K
  class space    used 5314K, committed 5888K, reserved 1048576K
}

