# JRE version: OpenJDK Runtime Environment Temurin-21.0.9+10 (21.0.9+10) (build 21.0.9+10-LTS)
# Java VM: OpenJDK 64-Bit Server VM Temurin-21.0.9+10 (21.0.9+10-LTS, mixed mode, sharing, tiered, compressed oops, compressed class ptrs, parallel gc, windows-amd64)
GC Precious Log:
 CardTable entry size: 512
 CPUs: 12 total, 12 available
 Memory: 7521M
 Large Page Support: Disabled
 NUMA Support: Disabled
 Compressed Oops: Enabled (32-bit)
 Alignments: Space 512K, Generation 512K, Heap 2M
 Heap Min Capacity: 100M
 Heap Initial Capacity: 100M
 Heap Max Capacity: 2G
 Pre-touch: Disabled
 Parallel Workers: 10
Heap:
 PSYoungGen      total 25088K, used 16200K [0x00000000d5580000, 0x00000000d7a80000, 0x0000000100000000)
  eden space 21504K, 58% used [0x00000000d5580000,0x00000000d61d3398,0x00000000d6a80000)
  from space 3584K, 99% used [0x00000000d6a80000,0x00000000d6dff010,0x00000000d6e00000)
  to   space 8192K, 0% used [0x00000000d7280000,0x00000000d7280000,0x00000000d7a80000)
 ParOldGen       total 68608K, used 31274K [0x0000000080000000, 0x0000000084300000, 0x00000000d5580000)
  object space 68608K, 45% used [0x0000000080000000,0x0000000081e8a910,0x0000000084300000)
 Metaspace       used 50685K, committed 51904K, reserved 1114112K
  class space    used 5579K, committed 6080K, reserved 1048576K
GC Heap History (20 events):
Event: 13.343 GC heap before
{Heap before GC invocations=14 (full 1):
 PSYoungGen      total 24064K, used 23713K [0x00000000d5580000, 0x00000000d7180000, 0x0000000100000000)
  eden space 22016K, 99% used [0x00000000d5580000,0x00000000d6afe350,0x00000000d6b00000)
  from space 2048K, 83% used [0x00000000d6f80000,0x00000000d712a3f0,0x00000000d7180000)
  to   space 2048K, 0% used [0x00000000d6d80000,0x00000000d6d80000,0x00000000d6f80000)
 ParOldGen       total 68608K, used 16327K [0x0000000080000000, 0x0000000084300000, 0x00000000d5580000)
  object space 68608K, 23% used [0x0000000080000000,0x0000000080ff1da0,0x0000000084300000)
 Metaspace       used 33655K, committed 34752K, reserved 1114112K
  class space    used 3453K, committed 3904K, reserved 1048576K
}
Event: 13.346 GC heap after
{Heap after GC invocations=14 (full 1):
 PSYoungGen      total 23552K, used 1407K [0x00000000d5580000, 0x00000000d7000000, 0x0000000100000000)
  eden space 22016K, 0% used [0x00000000d5580000,0x00000000d5580000,0x00000000d6b00000)
  from space 1536K, 91% used [0x00000000d6d80000,0x00000000d6edfec0,0x00000000d6f00000)
  to   space 1024K, 0% used [0x00000000d6f00000,0x00000000d6f00000,0x00000000d7000000)
 ParOldGen       total 68608K, used 17853K [0x0000000080000000, 0x0000000084300000, 0x00000000d5580000)
  object space 68608K, 26% used [0x0000000080000000,0x000000008116f568,0x0000000084300000)
 Metaspace       used 33655K, committed 34752K, reserved 1114112K
  class space    used 3453K, committed 3904K, reserved 1048576K
}
Event: 13.472 GC heap before
{Heap before GC invocations=15 (full 1):
 PSYoungGen      total 23552K, used 14127K [0x00000000d5580000, 0x00000000d7000000, 0x0000000100000000)
  eden space 22016K, 57% used [0x00000000d5580000,0x00000000d61ebfe8,0x00000000d6b00000)
  from space 1536K, 91% used [0x00000000d6d80000,0x00000000d6edfec0,0x00000000d6f00000)
  to   space 1024K, 0% used [0x00000000d6f00000,0x00000000d6f00000,0x00000000d7000000)
 ParOldGen       total 68608K, used 17853K [0x0000000080000000, 0x0000000084300000, 0x00000000d5580000)
  object space 68608K, 26% used [0x0000000080000000,0x000000008116f568,0x0000000084300000)
 Metaspace       used 34729K, committed 35840K, reserved 1114112K
  class space    used 3579K, committed 4096K, reserved 1048576K
}
Event: 13.474 GC heap after
{Heap after GC invocations=15 (full 1):
 PSYoungGen      total 23040K, used 621K [0x00000000d5580000, 0x00000000d7000000, 0x0000000100000000)
  eden space 22016K, 0% used [0x00000000d5580000,0x00000000d5580000,0x00000000d6b00000)
  from space 1024K, 60% used [0x00000000d6f00000,0x00000000d6f9b610,0x00000000d7000000)
  to   space 1024K, 0% used [0x00000000d6e00000,0x00000000d6e00000,0x00000000d6f00000)
 ParOldGen       total 68608K, used 18925K [0x0000000080000000, 0x0000000084300000, 0x00000000d5580000)
  object space 68608K, 27% used [0x0000000080000000,0x000000008127b5a0,0x0000000084300000)
 Metaspace       used 34729K, committed 35840K, reserved 1114112K
  class space    used 3579K, committed 4096K, reserved 1048576K
}
Event: 13.474 GC heap before
{Heap before GC invocations=16 (full 2):
 PSYoungGen      total 23040K, used 621K [0x00000000d5580000, 0x00000000d7000000, 0x0000000100000000)
  eden space 22016K, 0% used [0x00000000d5580000,0x00000000d5580000,0x00000000d6b00000)
  from space 1024K, 60% used [0x00000000d6f00000,0x00000000d6f9b610,0x00000000d7000000)
  to   space 1024K, 0% used [0x00000000d6e00000,0x00000000d6e00000,0x00000000d6f00000)
 ParOldGen       total 68608K, used 18925K [0x0000000080000000, 0x0000000084300000, 0x00000000d5580000)
  object space 68608K, 27% used [0x0000000080000000,0x000000008127b5a0,0x0000000084300000)
 Metaspace       used 34729K, committed 35840K, reserved 1114112K
  class space    used 3579K, committed 4096K, reserved 1048576K
}
Event: 13.513 GC heap after
{Heap after GC invocations=16 (full 2):
 PSYoungGen      total 23040K, used 0K [0x00000000d5580000, 0x00000000d7000000, 0x0000000100000000)
  eden space 22016K, 0% used [0x00000000d5580000,0x00000000d5580000,0x00000000d6b00000)
  from space 1024K, 0% used [0x00000000d6f00000,0x00000000d6f00000,0x00000000d7000000)
  to   space 1024K, 0% used [0x00000000d6e00000,0x00000000d6e00000,0x00000000d6f00000)
 ParOldGen       total 68608K, used 18525K [0x0000000080000000, 0x0000000084300000, 0x00000000d5580000)
  object space 68608K, 27% used [0x0000000080000000,0x00000000812177c0,0x0000000084300000)
 Metaspace       used 34729K, committed 35840K, reserved 1114112K
  class space    used 3579K, committed 4096K, reserved 1048576K
}
Event: 13.702 GC heap before
{Heap before GC invocations=17 (full 2):
 PSYoungGen      total 23040K, used 22016K [0x00000000d5580000, 0x00000000d7000000, 0x0000000100000000)
  eden space 22016K, 100% used [0x00000000d5580000,0x00000000d6b00000,0x00000000d6b00000)
  from space 1024K, 0% used [0x00000000d6f00000,0x00000000d6f00000,0x00000000d7000000)
  to   space 1024K, 0% used [0x00000000d6e00000,0x00000000d6e00000,0x00000000d6f00000)
 ParOldGen       total 68608K, used 18528K [0x0000000080000000, 0x0000000084300000, 0x00000000d5580000)
  object space 68608K, 27% used [0x0000000080000000,0x0000000081218190,0x0000000084300000)
 Metaspace       used 36825K, committed 38016K, reserved 1114112K
  class space    used 3836K, committed 4352K, reserved 1048576K
}
Event: 13.704 GC heap after
{Heap after GC invocations=17 (full 2):
 PSYoungGen      total 23040K, used 1024K [0x00000000d5580000, 0x00000000d7400000, 0x0000000100000000)
  eden space 22016K, 0% used [0x00000000d5580000,0x00000000d5580000,0x00000000d6b00000)
  from space 1024K, 100% used [0x00000000d6e00000,0x00000000d6f00000,0x00000000d6f00000)
  to   space 4608K, 0% used [0x00000000d6f80000,0x00000000d6f80000,0x00000000d7400000)
 ParOldGen       total 68608K, used 21436K [0x0000000080000000, 0x0000000084300000, 0x00000000d5580000)
  object space 68608K, 31% used [0x0000000080000000,0x00000000814ef2a0,0x0000000084300000)
 Metaspace       used 36825K, committed 38016K, reserved 1114112K
  class space    used 3836K, committed 4352K, reserved 1048576K
}
Event: 13.856 GC heap before
{Heap before GC invocations=18 (full 2):
 PSYoungGen      total 23040K, used 23040K [0x00000000d5580000, 0x00000000d7400000, 0x0000000100000000)
  eden space 22016K, 100% used [0x00000000d5580000,0x00000000d6b00000,0x00000000d6b00000)
  from space 1024K, 100% used [0x00000000d6e00000,0x00000000d6f00000,0x00000000d6f00000)
  to   space 4608K, 0% used [0x00000000d6f80000,0x00000000d6f80000,0x00000000d7400000)
 ParOldGen       total 68608K, used 21436K [0x0000000080000000, 0x0000000084300000, 0x00000000d5580000)
  object space 68608K, 31% used [0x0000000080000000,0x00000000814ef2a0,0x0000000084300000)
 Metaspace       used 38956K, committed 40192K, reserved 1114112K
  class space    used 4103K, committed 4608K, reserved 1048576K
}
Event: 13.859 GC heap after
{Heap after GC invocations=18 (full 2):
 PSYoungGen      total 24064K, used 1728K [0x00000000d5580000, 0x00000000d7180000, 0x0000000100000000)
  eden space 22016K, 0% used [0x00000000d5580000,0x00000000d5580000,0x00000000d6b00000)
  from space 2048K, 84% used [0x00000000d6f80000,0x00000000d7130000,0x00000000d7180000)
  to   space 2560K, 0% used [0x00000000d6c80000,0x00000000d6c80000,0x00000000d6f00000)
 ParOldGen       total 68608K, used 22435K [0x0000000080000000, 0x0000000084300000, 0x00000000d5580000)
  object space 68608K, 32% used [0x0000000080000000,0x00000000815e8de0,0x0000000084300000)
 Metaspace       used 38956K, committed 40192K, reserved 1114112K
  class space    used 4103K, committed 4608K, reserved 1048576K
}
Event: 14.030 GC heap before
{Heap before GC invocations=19 (full 2):
 PSYoungGen      total 24064K, used 23744K [0x00000000d5580000, 0x00000000d7180000, 0x0000000100000000)
  eden space 22016K, 100% used [0x00000000d5580000,0x00000000d6b00000,0x00000000d6b00000)
  from space 2048K, 84% used [0x00000000d6f80000,0x00000000d7130000,0x00000000d7180000)
  to   space 2560K, 0% used [0x00000000d6c80000,0x00000000d6c80000,0x00000000d6f00000)
 ParOldGen       total 68608K, used 22435K [0x0000000080000000, 0x0000000084300000, 0x00000000d5580000)
  object space 68608K, 32% used [0x0000000080000000,0x00000000815e8de0,0x0000000084300000)
 Metaspace       used 41674K, committed 42944K, reserved 1114112K
  class space    used 4426K, committed 4992K, reserved 1048576K
}
Event: 14.032 GC heap after
{Heap after GC invocations=19 (full 2):
 PSYoungGen      total 23552K, used 1210K [0x00000000d5580000, 0x00000000d7000000, 0x0000000100000000)
  eden space 22016K, 0% used [0x00000000d5580000,0x00000000d5580000,0x00000000d6b00000)
  from space 1536K, 78% used [0x00000000d6c80000,0x00000000d6daeaf0,0x00000000d6e00000)
  to   space 1536K, 0% used [0x00000000d6e80000,0x00000000d6e80000,0x00000000d7000000)
 ParOldGen       total 68608K, used 23983K [0x0000000080000000, 0x0000000084300000, 0x00000000d5580000)
  object space 68608K, 34% used [0x0000000080000000,0x000000008176bdf0,0x0000000084300000)
 Metaspace       used 41674K, committed 42944K, reserved 1114112K
  class space    used 4426K, committed 4992K, reserved 1048576K
}
Event: 14.175 GC heap before
{Heap before GC invocations=20 (full 2):
 PSYoungGen      total 23552K, used 23226K [0x00000000d5580000, 0x00000000d7000000, 0x0000000100000000)
  eden space 22016K, 100% used [0x00000000d5580000,0x00000000d6b00000,0x00000000d6b00000)
  from space 1536K, 78% used [0x00000000d6c80000,0x00000000d6daeaf0,0x00000000d6e00000)
  to   space 1536K, 0% used [0x00000000d6e80000,0x00000000d6e80000,0x00000000d7000000)
 ParOldGen       total 68608K, used 23983K [0x0000000080000000, 0x0000000084300000, 0x00000000d5580000)
  object space 68608K, 34% used [0x0000000080000000,0x000000008176bdf0,0x0000000084300000)
 Metaspace       used 44185K, committed 45312K, reserved 1114112K
  class space    used 4770K, committed 5248K, reserved 1048576K
}
Event: 14.176 GC heap after
{Heap after GC invocations=20 (full 2):
 PSYoungGen      total 23552K, used 1225K [0x00000000d5580000, 0x00000000d7000000, 0x0000000100000000)
  eden space 22016K, 0% used [0x00000000d5580000,0x00000000d5580000,0x00000000d6b00000)
  from space 1536K, 79% used [0x00000000d6e80000,0x00000000d6fb2460,0x00000000d7000000)
  to   space 1536K, 0% used [0x00000000d6c80000,0x00000000d6c80000,0x00000000d6e00000)
 ParOldGen       total 68608K, used 24700K [0x0000000080000000, 0x0000000084300000, 0x00000000d5580000)
  object space 68608K, 36% used [0x0000000080000000,0x000000008181f158,0x0000000084300000)
 Metaspace       used 44185K, committed 45312K, reserved 1114112K
  class space    used 4770K, committed 5248K, reserved 1048576K
}
Event: 14.390 GC heap before
{Heap before GC invocations=21 (full 2):
 PSYoungGen      total 23552K, used 23241K [0x00000000d5580000, 0x00000000d7000000, 0x0000000100000000)
  eden space 22016K, 100% used [0x00000000d5580000,0x00000000d6b00000,0x00000000d6b00000)
  from space 1536K, 79% used [0x00000000d6e80000,0x00000000d6fb2460,0x00000000d7000000)
  to   space 1536K, 0% used [0x00000000d6c80000,0x00000000d6c80000,0x00000000d6e00000)
 ParOldGen       total 68608K, used 24700K [0x0000000080000000, 0x0000000084300000, 0x00000000d5580000)
  object space 68608K, 36% used [0x0000000080000000,0x000000008181f158,0x0000000084300000)
 Metaspace       used 46286K, committed 47552K, reserved 1114112K
  class space    used 5032K, committed 5568K, reserved 1048576K
}
Event: 14.392 GC heap after
{Heap after GC invocations=21 (full 2):
 PSYoungGen      total 23552K, used 1248K [0x00000000d5580000, 0x00000000d6f00000, 0x0000000100000000)
  eden space 22016K, 0% used [0x00000000d5580000,0x00000000d5580000,0x00000000d6b00000)
  from space 1536K, 81% used [0x00000000d6c80000,0x00000000d6db8000,0x00000000d6e00000)
  to   space 1024K, 0% used [0x00000000d6e00000,0x00000000d6e00000,0x00000000d6f00000)
 ParOldGen       total 68608K, used 25719K [0x0000000080000000, 0x0000000084300000, 0x00000000d5580000)
  object space 68608K, 37% used [0x0000000080000000,0x000000008191dcb0,0x0000000084300000)
 Metaspace       used 46286K, committed 47552K, reserved 1114112K
  class space    used 5032K, committed 5568K, reserved 1048576K
}
Event: 14.669 GC heap before
{Heap before GC invocations=22 (full 2):
 PSYoungGen      total 23552K, used 23264K [0x00000000d5580000, 0x00000000d6f00000, 0x0000000100000000)
  eden space 22016K, 100% used [0x00000000d5580000,0x00000000d6b00000,0x00000000d6b00000)
  from space 1536K, 81% used [0x00000000d6c80000,0x00000000d6db8000,0x00000000d6e00000)
  to   space 1024K, 0% used [0x00000000d6e00000,0x00000000d6e00000,0x00000000d6f00000)
 ParOldGen       total 68608K, used 25719K [0x0000000080000000, 0x0000000084300000, 0x00000000d5580000)
  object space 68608K, 37% used [0x0000000080000000,0x000000008191dcb0,0x0000000084300000)
 Metaspace       used 48691K, committed 49984K, reserved 1114112K
  class space    used 5385K, committed 5952K, reserved 1048576K
}
Event: 14.673 GC heap after
{Heap after GC invocations=22 (full 2):
 PSYoungGen      total 22528K, used 1024K [0x00000000d5580000, 0x00000000d7200000, 0x0000000100000000)
  eden space 21504K, 0% used [0x00000000d5580000,0x00000000d5580000,0x00000000d6a80000)
  from space 1024K, 100% used [0x00000000d6e00000,0x00000000d6f00000,0x00000000d6f00000)
  to   space 3584K, 0% used [0x00000000d6a80000,0x00000000d6a80000,0x00000000d6e00000)
 ParOldGen       total 68608K, used 27837K [0x0000000080000000, 0x0000000084300000, 0x00000000d5580000)
  object space 68608K, 40% used [0x0000000080000000,0x0000000081b2f4c0,0x0000000084300000)
 Metaspace       used 48691K, committed 49984K, reserved 1114112K
  class space    used 5385K, committed 5952K, reserved 1048576K
}
Event: 17.564 GC heap before
{Heap before GC invocations=23 (full 2):
 PSYoungGen      total 22528K, used 22528K [0x00000000d5580000, 0x00000000d7200000, 0x0000000100000000)
  eden space 21504K, 100% used [0x00000000d5580000,0x00000000d6a80000,0x00000000d6a80000)
  from space 1024K, 100% used [0x00000000d6e00000,0x00000000d6f00000,0x00000000d6f00000)
  to   space 3584K, 0% used [0x00000000d6a80000,0x00000000d6a80000,0x00000000d6e00000)
 ParOldGen       total 68608K, used 27837K [0x0000000080000000, 0x0000000084300000, 0x00000000d5580000)
  object space 68608K, 40% used [0x0000000080000000,0x0000000081b2f4c0,0x0000000084300000)
 Metaspace       used 50452K, committed 51712K, reserved 1114112K
  class space    used 5561K, committed 6080K, reserved 1048576K
}
Event: 17.571 GC heap after
{Heap after GC invocations=23 (full 2):
 PSYoungGen      total 25088K, used 3580K [0x00000000d5580000, 0x00000000d7a80000, 0x0000000100000000)
  eden space 21504K, 0% used [0x00000000d5580000,0x00000000d5580000,0x00000000d6a80000)
  from space 3584K, 99% used [0x00000000d6a80000,0x00000000d6dff010,0x00000000d6e00000)
  to   space 8192K, 0% used [0x00000000d7280000,0x00000000d7280000,0x00000000d7a80000)
 ParOldGen       total 68608K, used 31274K [0x0000000080000000, 0x0000000084300000, 0x00000000d5580000)
  object space 68608K, 45% used [0x0000000080000000,0x0000000081e8a910,0x0000000084300000)
 Metaspace       used 50452K, committed 51712K, reserved 1114112K
  class space    used 5561K, committed 6080K, reserved 1048576K
}

