# JRE version: OpenJDK Runtime Environment Temurin-21.0.9+10 (21.0.9+10) (build 21.0.9+10-LTS)
# Java VM: OpenJDK 64-Bit Server VM Temurin-21.0.9+10 (21.0.9+10-LTS, mixed mode, sharing, tiered, compressed oops, compressed class ptrs, parallel gc, windows-amd64)
GC Precious Log:
 CardTable entry size: 512
 CPUs: 12 total, 12 available
 Memory: 7521M
 Large Page Support: Disabled
 NUMA Support: Disabled
 Compressed Oops: Enabled (32-bit)
 Alignments: Space 512K, Generation 512K, Heap 2M
 Heap Min Capacity: 100M
 Heap Initial Capacity: 100M
 Heap Max Capacity: 2G
 Pre-touch: Disabled
 Parallel Workers: 10
Heap:
 PSYoungGen      total 8192K, used 1770K [0x00000000d5580000, 0x00000000d5f80000, 0x0000000100000000)
  eden space 7168K, 12% used [0x00000000d5580000,0x00000000d5666898,0x00000000d5c80000)
  from space 1024K, 82% used [0x00000000d5e80000,0x00000000d5f54010,0x00000000d5f80000)
  to   space 1536K, 0% used [0x00000000d5c80000,0x00000000d5c80000,0x00000000d5e00000)
 ParOldGen       total 1249792K, used 1249783K [0x0000000080000000, 0x00000000cc480000, 0x00000000d5580000)
  object space 1249792K, 99% used [0x0000000080000000,0x00000000cc47dd68,0x00000000cc480000)
 Metaspace       used 86059K, committed 87552K, reserved 1179648K
  class space    used 8559K, committed 9216K, reserved 1048576K
GC Heap History (20 events):
Event: 6513.163 GC heap before
{Heap before GC invocations=1509 (full 6):
 PSYoungGen      total 5632K, used 5600K [0x00000000d5580000, 0x00000000d5d00000, 0x0000000100000000)
  eden space 5120K, 100% used [0x00000000d5580000,0x00000000d5a80000,0x00000000d5a80000)
  from space 512K, 93% used [0x00000000d5c80000,0x00000000d5cf8020,0x00000000d5d00000)
  to   space 1024K, 0% used [0x00000000d5b00000,0x00000000d5b00000,0x00000000d5c00000)
 ParOldGen       total 1245184K, used 1244696K [0x0000000080000000, 0x00000000cc000000, 0x00000000d5580000)
  object space 1245184K, 99% used [0x0000000080000000,0x00000000cbf86150,0x00000000cc000000)
 Metaspace       used 86058K, committed 87552K, reserved 1179648K
  class space    used 8559K, committed 9216K, reserved 1048576K
}
Event: 6513.166 GC heap after
{Heap after GC invocations=1509 (full 6):
 PSYoungGen      total 6144K, used 688K [0x00000000d5580000, 0x00000000d5d00000, 0x0000000100000000)
  eden space 5120K, 0% used [0x00000000d5580000,0x00000000d5580000,0x00000000d5a80000)
  from space 1024K, 67% used [0x00000000d5b00000,0x00000000d5bac010,0x00000000d5c00000)
  to   space 1024K, 0% used [0x00000000d5c00000,0x00000000d5c00000,0x00000000d5d00000)
 ParOldGen       total 1245184K, used 1245008K [0x0000000080000000, 0x00000000cc000000, 0x00000000d5580000)
  object space 1245184K, 99% used [0x0000000080000000,0x00000000cbfd4170,0x00000000cc000000)
 Metaspace       used 86058K, committed 87552K, reserved 1179648K
  class space    used 8559K, committed 9216K, reserved 1048576K
}
Event: 6513.226 GC heap before
{Heap before GC invocations=1510 (full 6):
 PSYoungGen      total 6144K, used 5808K [0x00000000d5580000, 0x00000000d5d00000, 0x0000000100000000)
  eden space 5120K, 100% used [0x00000000d5580000,0x00000000d5a80000,0x00000000d5a80000)
  from space 1024K, 67% used [0x00000000d5b00000,0x00000000d5bac010,0x00000000d5c00000)
  to   space 1024K, 0% used [0x00000000d5c00000,0x00000000d5c00000,0x00000000d5d00000)
 ParOldGen       total 1245184K, used 1245008K [0x0000000080000000, 0x00000000cc000000, 0x00000000d5580000)
  object space 1245184K, 99% used [0x0000000080000000,0x00000000cbfd4170,0x00000000cc000000)
 Metaspace       used 86058K, committed 87552K, reserved 1179648K
  class space    used 8559K, committed 9216K, reserved 1048576K
}
Event: 6513.229 GC heap after
{Heap after GC invocations=1510 (full 6):
 PSYoungGen      total 5632K, used 1024K [0x00000000d5580000, 0x00000000d5e80000, 0x0000000100000000)
  eden space 4608K, 0% used [0x00000000d5580000,0x00000000d5580000,0x00000000d5a00000)
  from space 1024K, 100% used [0x00000000d5c00000,0x00000000d5d00000,0x00000000d5d00000)
  to   space 2048K, 0% used [0x00000000d5a00000,0x00000000d5a00000,0x00000000d5c00000)
 ParOldGen       total 1245696K, used 1245560K [0x0000000080000000, 0x00000000cc080000, 0x00000000d5580000)
  object space 1245696K, 99% used [0x0000000080000000,0x00000000cc05e190,0x00000000cc080000)
 Metaspace       used 86058K, committed 87552K, reserved 1179648K
  class space    used 8559K, committed 9216K, reserved 1048576K
}
Event: 6513.264 GC heap before
{Heap before GC invocations=1511 (full 6):
 PSYoungGen      total 5632K, used 5632K [0x00000000d5580000, 0x00000000d5e80000, 0x0000000100000000)
  eden space 4608K, 100% used [0x00000000d5580000,0x00000000d5a00000,0x00000000d5a00000)
  from space 1024K, 100% used [0x00000000d5c00000,0x00000000d5d00000,0x00000000d5d00000)
  to   space 2048K, 0% used [0x00000000d5a00000,0x00000000d5a00000,0x00000000d5c00000)
 ParOldGen       total 1245696K, used 1245560K [0x0000000080000000, 0x00000000cc080000, 0x00000000d5580000)
  object space 1245696K, 99% used [0x0000000080000000,0x00000000cc05e190,0x00000000cc080000)
 Metaspace       used 86058K, committed 87552K, reserved 1179648K
  class space    used 8559K, committed 9216K, reserved 1048576K
}
Event: 6513.267 GC heap after
{Heap after GC invocations=1511 (full 6):
 PSYoungGen      total 5632K, used 663K [0x00000000d5580000, 0x00000000d5c80000, 0x0000000100000000)
  eden space 4608K, 0% used [0x00000000d5580000,0x00000000d5580000,0x00000000d5a00000)
  from space 1024K, 64% used [0x00000000d5a00000,0x00000000d5aa5dd0,0x00000000d5b00000)
  to   space 1024K, 0% used [0x00000000d5b80000,0x00000000d5b80000,0x00000000d5c80000)
 ParOldGen       total 1246208K, used 1245984K [0x0000000080000000, 0x00000000cc100000, 0x00000000d5580000)
  object space 1246208K, 99% used [0x0000000080000000,0x00000000cc0c81b0,0x00000000cc100000)
 Metaspace       used 86058K, committed 87552K, reserved 1179648K
  class space    used 8559K, committed 9216K, reserved 1048576K
}
Event: 6513.285 GC heap before
{Heap before GC invocations=1512 (full 6):
 PSYoungGen      total 5632K, used 5271K [0x00000000d5580000, 0x00000000d5c80000, 0x0000000100000000)
  eden space 4608K, 100% used [0x00000000d5580000,0x00000000d5a00000,0x00000000d5a00000)
  from space 1024K, 64% used [0x00000000d5a00000,0x00000000d5aa5dd0,0x00000000d5b00000)
  to   space 1024K, 0% used [0x00000000d5b80000,0x00000000d5b80000,0x00000000d5c80000)
 ParOldGen       total 1246208K, used 1245984K [0x0000000080000000, 0x00000000cc100000, 0x00000000d5580000)
  object space 1246208K, 99% used [0x0000000080000000,0x00000000cc0c81b0,0x00000000cc100000)
 Metaspace       used 86058K, committed 87552K, reserved 1179648K
  class space    used 8559K, committed 9216K, reserved 1048576K
}
Event: 6513.288 GC heap after
{Heap after GC invocations=1512 (full 6):
 PSYoungGen      total 5120K, used 1003K [0x00000000d5580000, 0x00000000d5e00000, 0x0000000100000000)
  eden space 4096K, 0% used [0x00000000d5580000,0x00000000d5580000,0x00000000d5980000)
  from space 1024K, 98% used [0x00000000d5b80000,0x00000000d5c7ae18,0x00000000d5c80000)
  to   space 2048K, 0% used [0x00000000d5980000,0x00000000d5980000,0x00000000d5b80000)
 ParOldGen       total 1247232K, used 1246740K [0x0000000080000000, 0x00000000cc200000, 0x00000000d5580000)
  object space 1247232K, 99% used [0x0000000080000000,0x00000000cc1852d0,0x00000000cc200000)
 Metaspace       used 86058K, committed 87552K, reserved 1179648K
  class space    used 8559K, committed 9216K, reserved 1048576K
}
Event: 6513.295 GC heap before
{Heap before GC invocations=1513 (full 6):
 PSYoungGen      total 5120K, used 5099K [0x00000000d5580000, 0x00000000d5e00000, 0x0000000100000000)
  eden space 4096K, 100% used [0x00000000d5580000,0x00000000d5980000,0x00000000d5980000)
  from space 1024K, 98% used [0x00000000d5b80000,0x00000000d5c7ae18,0x00000000d5c80000)
  to   space 2048K, 0% used [0x00000000d5980000,0x00000000d5980000,0x00000000d5b80000)
 ParOldGen       total 1247232K, used 1246740K [0x0000000080000000, 0x00000000cc200000, 0x00000000d5580000)
  object space 1247232K, 99% used [0x0000000080000000,0x00000000cc1852d0,0x00000000cc200000)
 Metaspace       used 86058K, committed 87552K, reserved 1179648K
  class space    used 8559K, committed 9216K, reserved 1048576K
}
Event: 6513.298 GC heap after
{Heap after GC invocations=1513 (full 6):
 PSYoungGen      total 4608K, used 320K [0x00000000d5580000, 0x00000000d5c00000, 0x0000000100000000)
  eden space 4096K, 0% used [0x00000000d5580000,0x00000000d5580000,0x00000000d5980000)
  from space 512K, 62% used [0x00000000d5980000,0x00000000d59d0000,0x00000000d5a00000)
  to   space 1024K, 0% used [0x00000000d5b00000,0x00000000d5b00000,0x00000000d5c00000)
 ParOldGen       total 1247744K, used 1247597K [0x0000000080000000, 0x00000000cc280000, 0x00000000d5580000)
  object space 1247744K, 99% used [0x0000000080000000,0x00000000cc25b5e0,0x00000000cc280000)
 Metaspace       used 86058K, committed 87552K, reserved 1179648K
  class space    used 8559K, committed 9216K, reserved 1048576K
}
Event: 6513.304 GC heap before
{Heap before GC invocations=1514 (full 6):
 PSYoungGen      total 4608K, used 4416K [0x00000000d5580000, 0x00000000d5c00000, 0x0000000100000000)
  eden space 4096K, 100% used [0x00000000d5580000,0x00000000d5980000,0x00000000d5980000)
  from space 512K, 62% used [0x00000000d5980000,0x00000000d59d0000,0x00000000d5a00000)
  to   space 1024K, 0% used [0x00000000d5b00000,0x00000000d5b00000,0x00000000d5c00000)
 ParOldGen       total 1247744K, used 1247597K [0x0000000080000000, 0x00000000cc280000, 0x00000000d5580000)
  object space 1247744K, 99% used [0x0000000080000000,0x00000000cc25b5e0,0x00000000cc280000)
 Metaspace       used 86058K, committed 87552K, reserved 1179648K
  class space    used 8559K, committed 9216K, reserved 1048576K
}
Event: 6513.307 GC heap after
{Heap after GC invocations=1514 (full 6):
 PSYoungGen      total 5632K, used 480K [0x00000000d5580000, 0x00000000d5c80000, 0x0000000100000000)
  eden space 4608K, 0% used [0x00000000d5580000,0x00000000d5580000,0x00000000d5a00000)
  from space 1024K, 46% used [0x00000000d5b00000,0x00000000d5b78020,0x00000000d5c00000)
  to   space 1024K, 0% used [0x00000000d5a00000,0x00000000d5a00000,0x00000000d5b00000)
 ParOldGen       total 1248256K, used 1247807K [0x0000000080000000, 0x00000000cc300000, 0x00000000d5580000)
  object space 1248256K, 99% used [0x0000000080000000,0x00000000cc28fce8,0x00000000cc300000)
 Metaspace       used 86058K, committed 87552K, reserved 1179648K
  class space    used 8559K, committed 9216K, reserved 1048576K
}
Event: 6513.315 GC heap before
{Heap before GC invocations=1515 (full 6):
 PSYoungGen      total 5632K, used 5088K [0x00000000d5580000, 0x00000000d5c80000, 0x0000000100000000)
  eden space 4608K, 100% used [0x00000000d5580000,0x00000000d5a00000,0x00000000d5a00000)
  from space 1024K, 46% used [0x00000000d5b00000,0x00000000d5b78020,0x00000000d5c00000)
  to   space 1024K, 0% used [0x00000000d5a00000,0x00000000d5a00000,0x00000000d5b00000)
 ParOldGen       total 1248256K, used 1247807K [0x0000000080000000, 0x00000000cc300000, 0x00000000d5580000)
  object space 1248256K, 99% used [0x0000000080000000,0x00000000cc28fce8,0x00000000cc300000)
 Metaspace       used 86058K, committed 87552K, reserved 1179648K
  class space    used 8559K, committed 9216K, reserved 1048576K
}
Event: 6513.319 GC heap after
{Heap after GC invocations=1515 (full 6):
 PSYoungGen      total 5632K, used 640K [0x00000000d5580000, 0x00000000d5d00000, 0x0000000100000000)
  eden space 4608K, 0% used [0x00000000d5580000,0x00000000d5580000,0x00000000d5a00000)
  from space 1024K, 62% used [0x00000000d5a00000,0x00000000d5aa0000,0x00000000d5b00000)
  to   space 1024K, 0% used [0x00000000d5c00000,0x00000000d5c00000,0x00000000d5d00000)
 ParOldGen       total 1248256K, used 1248167K [0x0000000080000000, 0x00000000cc300000, 0x00000000d5580000)
  object space 1248256K, 99% used [0x0000000080000000,0x00000000cc2e9d08,0x00000000cc300000)
 Metaspace       used 86058K, committed 87552K, reserved 1179648K
  class space    used 8559K, committed 9216K, reserved 1048576K
}
Event: 6513.323 GC heap before
{Heap before GC invocations=1516 (full 6):
 PSYoungGen      total 5632K, used 5248K [0x00000000d5580000, 0x00000000d5d00000, 0x0000000100000000)
  eden space 4608K, 100% used [0x00000000d5580000,0x00000000d5a00000,0x00000000d5a00000)
  from space 1024K, 62% used [0x00000000d5a00000,0x00000000d5aa0000,0x00000000d5b00000)
  to   space 1024K, 0% used [0x00000000d5c00000,0x00000000d5c00000,0x00000000d5d00000)
 ParOldGen       total 1248256K, used 1248167K [0x0000000080000000, 0x00000000cc300000, 0x00000000d5580000)
  object space 1248256K, 99% used [0x0000000080000000,0x00000000cc2e9d08,0x00000000cc300000)
 Metaspace       used 86058K, committed 87552K, reserved 1179648K
  class space    used 8559K, committed 9216K, reserved 1048576K
}
Event: 6513.326 GC heap after
{Heap after GC invocations=1516 (full 6):
 PSYoungGen      total 6656K, used 624K [0x00000000d5580000, 0x00000000d5d00000, 0x0000000100000000)
  eden space 5632K, 0% used [0x00000000d5580000,0x00000000d5580000,0x00000000d5b00000)
  from space 1024K, 60% used [0x00000000d5c00000,0x00000000d5c9c010,0x00000000d5d00000)
  to   space 1024K, 0% used [0x00000000d5b00000,0x00000000d5b00000,0x00000000d5c00000)
 ParOldGen       total 1248768K, used 1248583K [0x0000000080000000, 0x00000000cc380000, 0x00000000d5580000)
  object space 1248768K, 99% used [0x0000000080000000,0x00000000cc351d28,0x00000000cc380000)
 Metaspace       used 86058K, committed 87552K, reserved 1179648K
  class space    used 8559K, committed 9216K, reserved 1048576K
}
Event: 6513.351 GC heap before
{Heap before GC invocations=1517 (full 6):
 PSYoungGen      total 6656K, used 6256K [0x00000000d5580000, 0x00000000d5d00000, 0x0000000100000000)
  eden space 5632K, 100% used [0x00000000d5580000,0x00000000d5b00000,0x00000000d5b00000)
  from space 1024K, 60% used [0x00000000d5c00000,0x00000000d5c9c010,0x00000000d5d00000)
  to   space 1024K, 0% used [0x00000000d5b00000,0x00000000d5b00000,0x00000000d5c00000)
 ParOldGen       total 1248768K, used 1248583K [0x0000000080000000, 0x00000000cc380000, 0x00000000d5580000)
  object space 1248768K, 99% used [0x0000000080000000,0x00000000cc351d28,0x00000000cc380000)
 Metaspace       used 86058K, committed 87552K, reserved 1179648K
  class space    used 8559K, committed 9216K, reserved 1048576K
}
Event: 6513.354 GC heap after
{Heap after GC invocations=1517 (full 6):
 PSYoungGen      total 6656K, used 1024K [0x00000000d5580000, 0x00000000d6080000, 0x0000000100000000)
  eden space 5632K, 0% used [0x00000000d5580000,0x00000000d5580000,0x00000000d5b00000)
  from space 1024K, 100% used [0x00000000d5b00000,0x00000000d5c00000,0x00000000d5c00000)
  to   space 2048K, 0% used [0x00000000d5e80000,0x00000000d5e80000,0x00000000d6080000)
 ParOldGen       total 1249280K, used 1249095K [0x0000000080000000, 0x00000000cc400000, 0x00000000d5580000)
  object space 1249280K, 99% used [0x0000000080000000,0x00000000cc3d1d68,0x00000000cc400000)
 Metaspace       used 86058K, committed 87552K, reserved 1179648K
  class space    used 8559K, committed 9216K, reserved 1048576K
}
Event: 6513.373 GC heap before
{Heap before GC invocations=1518 (full 6):
 PSYoungGen      total 6656K, used 6656K [0x00000000d5580000, 0x00000000d6080000, 0x0000000100000000)
  eden space 5632K, 100% used [0x00000000d5580000,0x00000000d5b00000,0x00000000d5b00000)
  from space 1024K, 100% used [0x00000000d5b00000,0x00000000d5c00000,0x00000000d5c00000)
  to   space 2048K, 0% used [0x00000000d5e80000,0x00000000d5e80000,0x00000000d6080000)
 ParOldGen       total 1249280K, used 1249095K [0x0000000080000000, 0x00000000cc400000, 0x00000000d5580000)
  object space 1249280K, 99% used [0x0000000080000000,0x00000000cc3d1d68,0x00000000cc400000)
 Metaspace       used 86058K, committed 87552K, reserved 1179648K
  class space    used 8559K, committed 9216K, reserved 1048576K
}
Event: 6513.377 GC heap after
{Heap after GC invocations=1518 (full 6):
 PSYoungGen      total 8192K, used 848K [0x00000000d5580000, 0x00000000d5f80000, 0x0000000100000000)
  eden space 7168K, 0% used [0x00000000d5580000,0x00000000d5580000,0x00000000d5c80000)
  from space 1024K, 82% used [0x00000000d5e80000,0x00000000d5f54010,0x00000000d5f80000)
  to   space 1536K, 0% used [0x00000000d5c80000,0x00000000d5c80000,0x00000000d5e00000)
 ParOldGen       total 1249792K, used 1249783K [0x0000000080000000, 0x00000000cc480000, 0x00000000d5580000)
  object space 1249792K, 99% used [0x0000000080000000,0x00000000cc47dd68,0x00000000cc480000)
 Metaspace       used 86058K, committed 87552K, reserved 1179648K
  class space    used 8559K, committed 9216K, reserved 1048576K
}

