# JRE version: OpenJDK Runtime Environment Temurin-21.0.9+10 (21.0.9+10) (build 21.0.9+10-LTS)
# Java VM: OpenJDK 64-Bit Server VM Temurin-21.0.9+10 (21.0.9+10-LTS, mixed mode, sharing, tiered, compressed oops, compressed class ptrs, parallel gc, windows-amd64)
GC Precious Log:
 CardTable entry size: 512
 CPUs: 12 total, 12 available
 Memory: 7521M
 Large Page Support: Disabled
 NUMA Support: Disabled
 Compressed Oops: Enabled (32-bit)
 Alignments: Space 512K, Generation 512K, Heap 2M
 Heap Min Capacity: 100M
 Heap Initial Capacity: 100M
 Heap Max Capacity: 2G
 Pre-touch: Disabled
 Parallel Workers: 10
Heap:
 PSYoungGen      total 31744K, used 19574K [0x00000000d5580000, 0x00000000d7900000, 0x0000000100000000)
  eden space 30208K, 59% used [0x00000000d5580000,0x00000000d6725ac8,0x00000000d7300000)
  from space 1536K, 97% used [0x00000000d7680000,0x00000000d77f8040,0x00000000d7800000)
  to   space 1024K, 0% used [0x00000000d7800000,0x00000000d7800000,0x00000000d7900000)
 ParOldGen       total 68608K, used 39347K [0x0000000080000000, 0x0000000084300000, 0x00000000d5580000)
  object space 68608K, 57% used [0x0000000080000000,0x000000008266cc88,0x0000000084300000)
 Metaspace       used 49067K, committed 50496K, reserved 1114112K
  class space    used 5324K, committed 5952K, reserved 1048576K
GC Heap History (20 events):
Event: 5.049 GC heap after
{Heap after GC invocations=15 (full 2):
 PSYoungGen      total 26624K, used 0K [0x00000000d5580000, 0x00000000d7180000, 0x0000000100000000)
  eden space 22016K, 0% used [0x00000000d5580000,0x00000000d5580000,0x00000000d6b00000)
  from space 4608K, 0% used [0x00000000d6b00000,0x00000000d6b00000,0x00000000d6f80000)
  to   space 2048K, 0% used [0x00000000d6f80000,0x00000000d6f80000,0x00000000d7180000)
 ParOldGen       total 68608K, used 20377K [0x0000000080000000, 0x0000000084300000, 0x00000000d5580000)
  object space 68608K, 29% used [0x0000000080000000,0x00000000813e6430,0x0000000084300000)
 Metaspace       used 34737K, committed 35840K, reserved 1114112K
  class space    used 3586K, committed 4032K, reserved 1048576K
}
Event: 5.217 GC heap before
{Heap before GC invocations=16 (full 2):
 PSYoungGen      total 26624K, used 22016K [0x00000000d5580000, 0x00000000d7180000, 0x0000000100000000)
  eden space 22016K, 100% used [0x00000000d5580000,0x00000000d6b00000,0x00000000d6b00000)
  from space 4608K, 0% used [0x00000000d6b00000,0x00000000d6b00000,0x00000000d6f80000)
  to   space 2048K, 0% used [0x00000000d6f80000,0x00000000d6f80000,0x00000000d7180000)
 ParOldGen       total 68608K, used 20377K [0x0000000080000000, 0x0000000084300000, 0x00000000d5580000)
  object space 68608K, 29% used [0x0000000080000000,0x00000000813e6430,0x0000000084300000)
 Metaspace       used 37048K, committed 38208K, reserved 1114112K
  class space    used 3910K, committed 4416K, reserved 1048576K
}
Event: 5.218 GC heap after
{Heap after GC invocations=16 (full 2):
 PSYoungGen      total 23552K, used 1418K [0x00000000d5580000, 0x00000000d7100000, 0x0000000100000000)
  eden space 22016K, 0% used [0x00000000d5580000,0x00000000d5580000,0x00000000d6b00000)
  from space 1536K, 92% used [0x00000000d6f80000,0x00000000d70e2ae0,0x00000000d7100000)
  to   space 2048K, 0% used [0x00000000d6d00000,0x00000000d6d00000,0x00000000d6f00000)
 ParOldGen       total 68608K, used 20385K [0x0000000080000000, 0x0000000084300000, 0x00000000d5580000)
  object space 68608K, 29% used [0x0000000080000000,0x00000000813e8430,0x0000000084300000)
 Metaspace       used 37048K, committed 38208K, reserved 1114112K
  class space    used 3910K, committed 4416K, reserved 1048576K
}
Event: 5.406 GC heap before
{Heap before GC invocations=17 (full 2):
 PSYoungGen      total 23552K, used 23434K [0x00000000d5580000, 0x00000000d7100000, 0x0000000100000000)
  eden space 22016K, 100% used [0x00000000d5580000,0x00000000d6b00000,0x00000000d6b00000)
  from space 1536K, 92% used [0x00000000d6f80000,0x00000000d70e2ae0,0x00000000d7100000)
  to   space 2048K, 0% used [0x00000000d6d00000,0x00000000d6d00000,0x00000000d6f00000)
 ParOldGen       total 68608K, used 20385K [0x0000000080000000, 0x0000000084300000, 0x00000000d5580000)
  object space 68608K, 29% used [0x0000000080000000,0x00000000813e8430,0x0000000084300000)
 Metaspace       used 38207K, committed 39424K, reserved 1114112K
  class space    used 4055K, committed 4544K, reserved 1048576K
}
Event: 5.407 GC heap after
{Heap after GC invocations=17 (full 2):
 PSYoungGen      total 23040K, used 832K [0x00000000d5580000, 0x00000000d7000000, 0x0000000100000000)
  eden space 22016K, 0% used [0x00000000d5580000,0x00000000d5580000,0x00000000d6b00000)
  from space 1024K, 81% used [0x00000000d6d00000,0x00000000d6dd0000,0x00000000d6e00000)
  to   space 1536K, 0% used [0x00000000d6e80000,0x00000000d6e80000,0x00000000d7000000)
 ParOldGen       total 68608K, used 21209K [0x0000000080000000, 0x0000000084300000, 0x00000000d5580000)
  object space 68608K, 30% used [0x0000000080000000,0x00000000814b6440,0x0000000084300000)
 Metaspace       used 38207K, committed 39424K, reserved 1114112K
  class space    used 4055K, committed 4544K, reserved 1048576K
}
Event: 5.661 GC heap before
{Heap before GC invocations=18 (full 2):
 PSYoungGen      total 23040K, used 22848K [0x00000000d5580000, 0x00000000d7000000, 0x0000000100000000)
  eden space 22016K, 100% used [0x00000000d5580000,0x00000000d6b00000,0x00000000d6b00000)
  from space 1024K, 81% used [0x00000000d6d00000,0x00000000d6dd0000,0x00000000d6e00000)
  to   space 1536K, 0% used [0x00000000d6e80000,0x00000000d6e80000,0x00000000d7000000)
 ParOldGen       total 68608K, used 21209K [0x0000000080000000, 0x0000000084300000, 0x00000000d5580000)
  object space 68608K, 30% used [0x0000000080000000,0x00000000814b6440,0x0000000084300000)
 Metaspace       used 40140K, committed 41344K, reserved 1114112K
  class space    used 4319K, committed 4864K, reserved 1048576K
}
Event: 5.663 GC heap after
{Heap after GC invocations=18 (full 2):
 PSYoungGen      total 23040K, used 704K [0x00000000d5580000, 0x00000000d6f80000, 0x0000000100000000)
  eden space 22016K, 0% used [0x00000000d5580000,0x00000000d5580000,0x00000000d6b00000)
  from space 1024K, 68% used [0x00000000d6e80000,0x00000000d6f30000,0x00000000d6f80000)
  to   space 1024K, 0% used [0x00000000d6d00000,0x00000000d6d00000,0x00000000d6e00000)
 ParOldGen       total 68608K, used 21849K [0x0000000080000000, 0x0000000084300000, 0x00000000d5580000)
  object space 68608K, 31% used [0x0000000080000000,0x0000000081556440,0x0000000084300000)
 Metaspace       used 40140K, committed 41344K, reserved 1114112K
  class space    used 4319K, committed 4864K, reserved 1048576K
}
Event: 5.979 GC heap before
{Heap before GC invocations=19 (full 2):
 PSYoungGen      total 23040K, used 22720K [0x00000000d5580000, 0x00000000d6f80000, 0x0000000100000000)
  eden space 22016K, 100% used [0x00000000d5580000,0x00000000d6b00000,0x00000000d6b00000)
  from space 1024K, 68% used [0x00000000d6e80000,0x00000000d6f30000,0x00000000d6f80000)
  to   space 1024K, 0% used [0x00000000d6d00000,0x00000000d6d00000,0x00000000d6e00000)
 ParOldGen       total 68608K, used 21849K [0x0000000080000000, 0x0000000084300000, 0x00000000d5580000)
  object space 68608K, 31% used [0x0000000080000000,0x0000000081556440,0x0000000084300000)
 Metaspace       used 42566K, committed 43776K, reserved 1114112K
  class space    used 4615K, committed 5120K, reserved 1048576K
}
Event: 5.980 GC heap after
{Heap after GC invocations=19 (full 2):
 PSYoungGen      total 23040K, used 1024K [0x00000000d5580000, 0x00000000d6f00000, 0x0000000100000000)
  eden space 22016K, 0% used [0x00000000d5580000,0x00000000d5580000,0x00000000d6b00000)
  from space 1024K, 100% used [0x00000000d6d00000,0x00000000d6e00000,0x00000000d6e00000)
  to   space 1024K, 0% used [0x00000000d6e00000,0x00000000d6e00000,0x00000000d6f00000)
 ParOldGen       total 68608K, used 22565K [0x0000000080000000, 0x0000000084300000, 0x00000000d5580000)
  object space 68608K, 32% used [0x0000000080000000,0x0000000081609450,0x0000000084300000)
 Metaspace       used 42566K, committed 43776K, reserved 1114112K
  class space    used 4615K, committed 5120K, reserved 1048576K
}
Event: 6.271 GC heap before
{Heap before GC invocations=20 (full 2):
 PSYoungGen      total 23040K, used 23040K [0x00000000d5580000, 0x00000000d6f00000, 0x0000000100000000)
  eden space 22016K, 100% used [0x00000000d5580000,0x00000000d6b00000,0x00000000d6b00000)
  from space 1024K, 100% used [0x00000000d6d00000,0x00000000d6e00000,0x00000000d6e00000)
  to   space 1024K, 0% used [0x00000000d6e00000,0x00000000d6e00000,0x00000000d6f00000)
 ParOldGen       total 68608K, used 22565K [0x0000000080000000, 0x0000000084300000, 0x00000000d5580000)
  object space 68608K, 32% used [0x0000000080000000,0x0000000081609450,0x0000000084300000)
 Metaspace       used 45006K, committed 46272K, reserved 1114112K
  class space    used 4916K, committed 5440K, reserved 1048576K
}
Event: 6.273 GC heap after
{Heap after GC invocations=20 (full 2):
 PSYoungGen      total 22528K, used 1024K [0x00000000d5580000, 0x00000000d7200000, 0x0000000100000000)
  eden space 21504K, 0% used [0x00000000d5580000,0x00000000d5580000,0x00000000d6a80000)
  from space 1024K, 100% used [0x00000000d6e00000,0x00000000d6f00000,0x00000000d6f00000)
  to   space 3584K, 0% used [0x00000000d6a80000,0x00000000d6a80000,0x00000000d6e00000)
 ParOldGen       total 68608K, used 24474K [0x0000000080000000, 0x0000000084300000, 0x00000000d5580000)
  object space 68608K, 35% used [0x0000000080000000,0x00000000817e6840,0x0000000084300000)
 Metaspace       used 45006K, committed 46272K, reserved 1114112K
  class space    used 4916K, committed 5440K, reserved 1048576K
}
Event: 6.681 GC heap before
{Heap before GC invocations=21 (full 2):
 PSYoungGen      total 22528K, used 22528K [0x00000000d5580000, 0x00000000d7200000, 0x0000000100000000)
  eden space 21504K, 100% used [0x00000000d5580000,0x00000000d6a80000,0x00000000d6a80000)
  from space 1024K, 100% used [0x00000000d6e00000,0x00000000d6f00000,0x00000000d6f00000)
  to   space 3584K, 0% used [0x00000000d6a80000,0x00000000d6a80000,0x00000000d6e00000)
 ParOldGen       total 68608K, used 24474K [0x0000000080000000, 0x0000000084300000, 0x00000000d5580000)
  object space 68608K, 35% used [0x0000000080000000,0x00000000817e6840,0x0000000084300000)
 Metaspace       used 45846K, committed 47104K, reserved 1114112K
  class space    used 5007K, committed 5504K, reserved 1048576K
}
Event: 6.688 GC heap after
{Heap after GC invocations=21 (full 2):
 PSYoungGen      total 25088K, used 3565K [0x00000000d5580000, 0x00000000d8880000, 0x0000000100000000)
  eden space 21504K, 0% used [0x00000000d5580000,0x00000000d5580000,0x00000000d6a80000)
  from space 3584K, 99% used [0x00000000d6a80000,0x00000000d6dfb490,0x00000000d6e00000)
  to   space 15360K, 0% used [0x00000000d7980000,0x00000000d7980000,0x00000000d8880000)
 ParOldGen       total 68608K, used 34267K [0x0000000080000000, 0x0000000084300000, 0x00000000d5580000)
  object space 68608K, 49% used [0x0000000080000000,0x0000000082176db8,0x0000000084300000)
 Metaspace       used 45846K, committed 47104K, reserved 1114112K
  class space    used 5007K, committed 5504K, reserved 1048576K
}
Event: 7.435 GC heap before
{Heap before GC invocations=22 (full 2):
 PSYoungGen      total 25088K, used 25069K [0x00000000d5580000, 0x00000000d8880000, 0x0000000100000000)
  eden space 21504K, 100% used [0x00000000d5580000,0x00000000d6a80000,0x00000000d6a80000)
  from space 3584K, 99% used [0x00000000d6a80000,0x00000000d6dfb490,0x00000000d6e00000)
  to   space 15360K, 0% used [0x00000000d7980000,0x00000000d7980000,0x00000000d8880000)
 ParOldGen       total 68608K, used 34267K [0x0000000080000000, 0x0000000084300000, 0x00000000d5580000)
  object space 68608K, 49% used [0x0000000080000000,0x0000000082176db8,0x0000000084300000)
 Metaspace       used 46794K, committed 48064K, reserved 1114112K
  class space    used 5103K, committed 5632K, reserved 1048576K
}
Event: 7.437 GC heap after
{Heap after GC invocations=22 (full 2):
 PSYoungGen      total 22528K, used 576K [0x00000000d5580000, 0x00000000d7a80000, 0x0000000100000000)
  eden space 21504K, 0% used [0x00000000d5580000,0x00000000d5580000,0x00000000d6a80000)
  from space 1024K, 56% used [0x00000000d7980000,0x00000000d7a10000,0x00000000d7a80000)
  to   space 5632K, 0% used [0x00000000d6f80000,0x00000000d6f80000,0x00000000d7500000)
 ParOldGen       total 68608K, used 37896K [0x0000000080000000, 0x0000000084300000, 0x00000000d5580000)
  object space 68608K, 55% used [0x0000000080000000,0x0000000082502080,0x0000000084300000)
 Metaspace       used 46794K, committed 48064K, reserved 1114112K
  class space    used 5103K, committed 5632K, reserved 1048576K
}
Event: 8.126 GC heap before
{Heap before GC invocations=23 (full 2):
 PSYoungGen      total 22528K, used 22080K [0x00000000d5580000, 0x00000000d7a80000, 0x0000000100000000)
  eden space 21504K, 100% used [0x00000000d5580000,0x00000000d6a80000,0x00000000d6a80000)
  from space 1024K, 56% used [0x00000000d7980000,0x00000000d7a10000,0x00000000d7a80000)
  to   space 5632K, 0% used [0x00000000d6f80000,0x00000000d6f80000,0x00000000d7500000)
 ParOldGen       total 68608K, used 37896K [0x0000000080000000, 0x0000000084300000, 0x00000000d5580000)
  object space 68608K, 55% used [0x0000000080000000,0x0000000082502080,0x0000000084300000)
 Metaspace       used 46870K, committed 48064K, reserved 1114112K
  class space    used 5112K, committed 5632K, reserved 1048576K
}
Event: 8.127 GC heap after
{Heap after GC invocations=23 (full 2):
 PSYoungGen      total 27136K, used 352K [0x00000000d5580000, 0x00000000d7a00000, 0x0000000100000000)
  eden space 21504K, 0% used [0x00000000d5580000,0x00000000d5580000,0x00000000d6a80000)
  from space 5632K, 6% used [0x00000000d6f80000,0x00000000d6fd8000,0x00000000d7500000)
  to   space 1536K, 0% used [0x00000000d7880000,0x00000000d7880000,0x00000000d7a00000)
 ParOldGen       total 68608K, used 38286K [0x0000000080000000, 0x0000000084300000, 0x00000000d5580000)
  object space 68608K, 55% used [0x0000000080000000,0x0000000082563858,0x0000000084300000)
 Metaspace       used 46870K, committed 48064K, reserved 1114112K
  class space    used 5112K, committed 5632K, reserved 1048576K
}
Event: 8.749 GC heap before
{Heap before GC invocations=24 (full 2):
 PSYoungGen      total 27136K, used 21856K [0x00000000d5580000, 0x00000000d7a00000, 0x0000000100000000)
  eden space 21504K, 100% used [0x00000000d5580000,0x00000000d6a80000,0x00000000d6a80000)
  from space 5632K, 6% used [0x00000000d6f80000,0x00000000d6fd8000,0x00000000d7500000)
  to   space 1536K, 0% used [0x00000000d7880000,0x00000000d7880000,0x00000000d7a00000)
 ParOldGen       total 68608K, used 38286K [0x0000000080000000, 0x0000000084300000, 0x00000000d5580000)
  object space 68608K, 55% used [0x0000000080000000,0x0000000082563858,0x0000000084300000)
 Metaspace       used 47652K, committed 48960K, reserved 1114112K
  class space    used 5202K, committed 5760K, reserved 1048576K
}
Event: 8.751 GC heap after
{Heap after GC invocations=24 (full 2):
 PSYoungGen      total 22528K, used 920K [0x00000000d5580000, 0x00000000d7980000, 0x0000000100000000)
  eden space 21504K, 0% used [0x00000000d5580000,0x00000000d5580000,0x00000000d6a80000)
  from space 1024K, 89% used [0x00000000d7880000,0x00000000d79661a8,0x00000000d7980000)
  to   space 1536K, 0% used [0x00000000d7680000,0x00000000d7680000,0x00000000d7800000)
 ParOldGen       total 68608K, used 38446K [0x0000000080000000, 0x0000000084300000, 0x00000000d5580000)
  object space 68608K, 56% used [0x0000000080000000,0x000000008258b858,0x0000000084300000)
 Metaspace       used 47652K, committed 48960K, reserved 1114112K
  class space    used 5202K, committed 5760K, reserved 1048576K
}
Event: 8.992 GC heap before
{Heap before GC invocations=25 (full 2):
 PSYoungGen      total 22528K, used 22424K [0x00000000d5580000, 0x00000000d7980000, 0x0000000100000000)
  eden space 21504K, 100% used [0x00000000d5580000,0x00000000d6a80000,0x00000000d6a80000)
  from space 1024K, 89% used [0x00000000d7880000,0x00000000d79661a8,0x00000000d7980000)
  to   space 1536K, 0% used [0x00000000d7680000,0x00000000d7680000,0x00000000d7800000)
 ParOldGen       total 68608K, used 38446K [0x0000000080000000, 0x0000000084300000, 0x00000000d5580000)
  object space 68608K, 56% used [0x0000000080000000,0x000000008258b858,0x0000000084300000)
 Metaspace       used 49041K, committed 50368K, reserved 1114112K
  class space    used 5322K, committed 5952K, reserved 1048576K
}

