# JRE version: OpenJDK Runtime Environment Temurin-21.0.8+9 (21.0.8+9) (build 21.0.8+9-LTS)
# Java VM: OpenJDK 64-Bit Server VM Temurin-21.0.8+9 (21.0.8+9-LTS, mixed mode, sharing, tiered, compressed oops, compressed class ptrs, parallel gc, windows-amd64)
GC Precious Log:
 CardTable entry size: 512
 CPUs: 12 total, 12 available
 Memory: 7521M
 Large Page Support: Disabled
 NUMA Support: Disabled
 Compressed Oops: Enabled (32-bit)
 Alignments: Space 512K, Generation 512K, Heap 2M
 Heap Min Capacity: 100M
 Heap Initial Capacity: 100M
 Heap Max Capacity: 2G
 Pre-touch: Disabled
 Parallel Workers: 10
Heap:
 PSYoungGen      total 2048K, used 1834K [0x00000000d5580000, 0x00000000d5a80000, 0x0000000100000000)
  eden space 1536K, 87% used [0x00000000d5580000,0x00000000d56d1d50,0x00000000d5700000)
  from space 512K, 94% used [0x00000000d5a00000,0x00000000d5a78d50,0x00000000d5a80000)
  to   space 1024K, 0% used [0x00000000d5880000,0x00000000d5880000,0x00000000d5980000)
 ParOldGen       total 800768K, used 798767K [0x0000000080000000, 0x00000000b0e00000, 0x00000000d5580000)
  object space 800768K, 99% used [0x0000000080000000,0x00000000b0c0bc30,0x00000000b0e00000)
 Metaspace       used 70004K, committed 71744K, reserved 1114112K
  class space    used 7206K, committed 7936K, reserved 1048576K
GC Heap History (20 events):
Event: 1785.928 GC heap before
{Heap before GC invocations=316 (full 3):
 PSYoungGen      total 2048K, used 1888K [0x00000000d5580000, 0x00000000d5b00000, 0x0000000100000000)
  eden space 1536K, 100% used [0x00000000d5580000,0x00000000d5700000,0x00000000d5700000)
  from space 512K, 68% used [0x00000000d5a80000,0x00000000d5ad8000,0x00000000d5b00000)
  to   space 1024K, 0% used [0x00000000d5900000,0x00000000d5900000,0x00000000d5a00000)
 ParOldGen       total 735232K, used 734957K [0x0000000080000000, 0x00000000ace00000, 0x00000000d5580000)
  object space 735232K, 99% used [0x0000000080000000,0x00000000acdbb790,0x00000000ace00000)
 Metaspace       used 69927K, committed 71680K, reserved 1114112K
  class space    used 7206K, committed 7936K, reserved 1048576K
}
Event: 1785.931 GC heap after
{Heap after GC invocations=316 (full 3):
 PSYoungGen      total 2560K, used 544K [0x00000000d5580000, 0x00000000d5b00000, 0x0000000100000000)
  eden space 1536K, 0% used [0x00000000d5580000,0x00000000d5580000,0x00000000d5700000)
  from space 1024K, 53% used [0x00000000d5900000,0x00000000d5988020,0x00000000d5a00000)
  to   space 1024K, 0% used [0x00000000d5a00000,0x00000000d5a00000,0x00000000d5b00000)
 ParOldGen       total 735232K, used 735114K [0x0000000080000000, 0x00000000ace00000, 0x00000000d5580000)
  object space 735232K, 99% used [0x0000000080000000,0x00000000acde2998,0x00000000ace00000)
 Metaspace       used 69927K, committed 71680K, reserved 1114112K
  class space    used 7206K, committed 7936K, reserved 1048576K
}
Event: 1786.088 GC heap before
{Heap before GC invocations=317 (full 3):
 PSYoungGen      total 2560K, used 2080K [0x00000000d5580000, 0x00000000d5b00000, 0x0000000100000000)
  eden space 1536K, 99% used [0x00000000d5580000,0x00000000d56fffe0,0x00000000d5700000)
  from space 1024K, 53% used [0x00000000d5900000,0x00000000d5988020,0x00000000d5a00000)
  to   space 1024K, 0% used [0x00000000d5a00000,0x00000000d5a00000,0x00000000d5b00000)
 ParOldGen       total 735232K, used 735114K [0x0000000080000000, 0x00000000ace00000, 0x00000000d5580000)
  object space 735232K, 99% used [0x0000000080000000,0x00000000acde2998,0x00000000ace00000)
 Metaspace       used 69948K, committed 71680K, reserved 1114112K
  class space    used 7206K, committed 7936K, reserved 1048576K
}
Event: 1786.093 GC heap after
{Heap after GC invocations=317 (full 3):
 PSYoungGen      total 2048K, used 480K [0x00000000d5580000, 0x00000000d5a80000, 0x0000000100000000)
  eden space 1536K, 0% used [0x00000000d5580000,0x00000000d5580000,0x00000000d5700000)
  from space 512K, 93% used [0x00000000d5a00000,0x00000000d5a78000,0x00000000d5a80000)
  to   space 512K, 0% used [0x00000000d5980000,0x00000000d5980000,0x00000000d5a00000)
 ParOldGen       total 735744K, used 735498K [0x0000000080000000, 0x00000000ace80000, 0x00000000d5580000)
  object space 735744K, 99% used [0x0000000080000000,0x00000000ace429b8,0x00000000ace80000)
 Metaspace       used 69948K, committed 71680K, reserved 1114112K
  class space    used 7206K, committed 7936K, reserved 1048576K
}
Event: 1786.134 GC heap before
{Heap before GC invocations=318 (full 3):
 PSYoungGen      total 2048K, used 2016K [0x00000000d5580000, 0x00000000d5a80000, 0x0000000100000000)
  eden space 1536K, 100% used [0x00000000d5580000,0x00000000d5700000,0x00000000d5700000)
  from space 512K, 93% used [0x00000000d5a00000,0x00000000d5a78000,0x00000000d5a80000)
  to   space 512K, 0% used [0x00000000d5980000,0x00000000d5980000,0x00000000d5a00000)
 ParOldGen       total 735744K, used 735498K [0x0000000080000000, 0x00000000ace80000, 0x00000000d5580000)
  object space 735744K, 99% used [0x0000000080000000,0x00000000ace429b8,0x00000000ace80000)
 Metaspace       used 69948K, committed 71680K, reserved 1114112K
  class space    used 7206K, committed 7936K, reserved 1048576K
}
Event: 1786.137 GC heap after
{Heap after GC invocations=318 (full 3):
 PSYoungGen      total 2048K, used 448K [0x00000000d5580000, 0x00000000d5a80000, 0x0000000100000000)
  eden space 1536K, 0% used [0x00000000d5580000,0x00000000d5580000,0x00000000d5700000)
  from space 512K, 87% used [0x00000000d5980000,0x00000000d59f0000,0x00000000d5a00000)
  to   space 512K, 0% used [0x00000000d5a00000,0x00000000d5a00000,0x00000000d5a80000)
 ParOldGen       total 736256K, used 735786K [0x0000000080000000, 0x00000000acf00000, 0x00000000d5580000)
  object space 736256K, 99% used [0x0000000080000000,0x00000000ace8a9b8,0x00000000acf00000)
 Metaspace       used 69948K, committed 71680K, reserved 1114112K
  class space    used 7206K, committed 7936K, reserved 1048576K
}
Event: 1786.179 GC heap before
{Heap before GC invocations=319 (full 3):
 PSYoungGen      total 2048K, used 1984K [0x00000000d5580000, 0x00000000d5a80000, 0x0000000100000000)
  eden space 1536K, 100% used [0x00000000d5580000,0x00000000d5700000,0x00000000d5700000)
  from space 512K, 87% used [0x00000000d5980000,0x00000000d59f0000,0x00000000d5a00000)
  to   space 512K, 0% used [0x00000000d5a00000,0x00000000d5a00000,0x00000000d5a80000)
 ParOldGen       total 736256K, used 735786K [0x0000000080000000, 0x00000000acf00000, 0x00000000d5580000)
  object space 736256K, 99% used [0x0000000080000000,0x00000000ace8a9b8,0x00000000acf00000)
 Metaspace       used 69951K, committed 71680K, reserved 1114112K
  class space    used 7206K, committed 7936K, reserved 1048576K
}
Event: 1786.182 GC heap after
{Heap after GC invocations=319 (full 3):
 PSYoungGen      total 2048K, used 384K [0x00000000d5580000, 0x00000000d5a80000, 0x0000000100000000)
  eden space 1536K, 0% used [0x00000000d5580000,0x00000000d5580000,0x00000000d5700000)
  from space 512K, 75% used [0x00000000d5a00000,0x00000000d5a60000,0x00000000d5a80000)
  to   space 512K, 0% used [0x00000000d5980000,0x00000000d5980000,0x00000000d5a00000)
 ParOldGen       total 736256K, used 736114K [0x0000000080000000, 0x00000000acf00000, 0x00000000d5580000)
  object space 736256K, 99% used [0x0000000080000000,0x00000000acedc9b8,0x00000000acf00000)
 Metaspace       used 69951K, committed 71680K, reserved 1114112K
  class space    used 7206K, committed 7936K, reserved 1048576K
}
Event: 1786.218 GC heap before
{Heap before GC invocations=320 (full 3):
 PSYoungGen      total 2048K, used 1920K [0x00000000d5580000, 0x00000000d5a80000, 0x0000000100000000)
  eden space 1536K, 100% used [0x00000000d5580000,0x00000000d5700000,0x00000000d5700000)
  from space 512K, 75% used [0x00000000d5a00000,0x00000000d5a60000,0x00000000d5a80000)
  to   space 512K, 0% used [0x00000000d5980000,0x00000000d5980000,0x00000000d5a00000)
 ParOldGen       total 736256K, used 736114K [0x0000000080000000, 0x00000000acf00000, 0x00000000d5580000)
  object space 736256K, 99% used [0x0000000080000000,0x00000000acedc9b8,0x00000000acf00000)
 Metaspace       used 69952K, committed 71680K, reserved 1114112K
  class space    used 7206K, committed 7936K, reserved 1048576K
}
Event: 1786.221 GC heap after
{Heap after GC invocations=320 (full 3):
 PSYoungGen      total 2048K, used 480K [0x00000000d5580000, 0x00000000d5a80000, 0x0000000100000000)
  eden space 1536K, 0% used [0x00000000d5580000,0x00000000d5580000,0x00000000d5700000)
  from space 512K, 93% used [0x00000000d5980000,0x00000000d59f8000,0x00000000d5a00000)
  to   space 512K, 0% used [0x00000000d5a00000,0x00000000d5a00000,0x00000000d5a80000)
 ParOldGen       total 736768K, used 736410K [0x0000000080000000, 0x00000000acf80000, 0x00000000d5580000)
  object space 736768K, 99% used [0x0000000080000000,0x00000000acf269b8,0x00000000acf80000)
 Metaspace       used 69952K, committed 71680K, reserved 1114112K
  class space    used 7206K, committed 7936K, reserved 1048576K
}
Event: 1786.344 GC heap before
{Heap before GC invocations=321 (full 3):
 PSYoungGen      total 2048K, used 2016K [0x00000000d5580000, 0x00000000d5a80000, 0x0000000100000000)
  eden space 1536K, 100% used [0x00000000d5580000,0x00000000d5700000,0x00000000d5700000)
  from space 512K, 93% used [0x00000000d5980000,0x00000000d59f8000,0x00000000d5a00000)
  to   space 512K, 0% used [0x00000000d5a00000,0x00000000d5a00000,0x00000000d5a80000)
 ParOldGen       total 736768K, used 736410K [0x0000000080000000, 0x00000000acf80000, 0x00000000d5580000)
  object space 736768K, 99% used [0x0000000080000000,0x00000000acf269b8,0x00000000acf80000)
 Metaspace       used 69979K, committed 71744K, reserved 1114112K
  class space    used 7206K, committed 7936K, reserved 1048576K
}
Event: 1786.348 GC heap after
{Heap after GC invocations=321 (full 3):
 PSYoungGen      total 2048K, used 416K [0x00000000d5580000, 0x00000000d5a80000, 0x0000000100000000)
  eden space 1536K, 0% used [0x00000000d5580000,0x00000000d5580000,0x00000000d5700000)
  from space 512K, 81% used [0x00000000d5a00000,0x00000000d5a68000,0x00000000d5a80000)
  to   space 512K, 0% used [0x00000000d5980000,0x00000000d5980000,0x00000000d5a00000)
 ParOldGen       total 736768K, used 736682K [0x0000000080000000, 0x00000000acf80000, 0x00000000d5580000)
  object space 736768K, 99% used [0x0000000080000000,0x00000000acf6a9b8,0x00000000acf80000)
 Metaspace       used 69979K, committed 71744K, reserved 1114112K
  class space    used 7206K, committed 7936K, reserved 1048576K
}
Event: 1786.537 GC heap before
{Heap before GC invocations=322 (full 3):
 PSYoungGen      total 2048K, used 1952K [0x00000000d5580000, 0x00000000d5a80000, 0x0000000100000000)
  eden space 1536K, 100% used [0x00000000d5580000,0x00000000d5700000,0x00000000d5700000)
  from space 512K, 81% used [0x00000000d5a00000,0x00000000d5a68000,0x00000000d5a80000)
  to   space 512K, 0% used [0x00000000d5980000,0x00000000d5980000,0x00000000d5a00000)
 ParOldGen       total 736768K, used 736682K [0x0000000080000000, 0x00000000acf80000, 0x00000000d5580000)
  object space 736768K, 99% used [0x0000000080000000,0x00000000acf6a9b8,0x00000000acf80000)
 Metaspace       used 69990K, committed 71744K, reserved 1114112K
  class space    used 7206K, committed 7936K, reserved 1048576K
}
Event: 1786.548 GC heap after
{Heap after GC invocations=322 (full 3):
 PSYoungGen      total 2048K, used 439K [0x00000000d5580000, 0x00000000d5a80000, 0x0000000100000000)
  eden space 1536K, 0% used [0x00000000d5580000,0x00000000d5580000,0x00000000d5700000)
  from space 512K, 85% used [0x00000000d5980000,0x00000000d59eddd0,0x00000000d5a00000)
  to   space 512K, 0% used [0x00000000d5a00000,0x00000000d5a00000,0x00000000d5a80000)
 ParOldGen       total 737280K, used 736874K [0x0000000080000000, 0x00000000ad000000, 0x00000000d5580000)
  object space 737280K, 99% used [0x0000000080000000,0x00000000acf9a8c8,0x00000000ad000000)
 Metaspace       used 69990K, committed 71744K, reserved 1114112K
  class space    used 7206K, committed 7936K, reserved 1048576K
}
Event: 1786.678 GC heap before
{Heap before GC invocations=323 (full 3):
 PSYoungGen      total 2048K, used 1975K [0x00000000d5580000, 0x00000000d5a80000, 0x0000000100000000)
  eden space 1536K, 100% used [0x00000000d5580000,0x00000000d5700000,0x00000000d5700000)
  from space 512K, 85% used [0x00000000d5980000,0x00000000d59eddd0,0x00000000d5a00000)
  to   space 512K, 0% used [0x00000000d5a00000,0x00000000d5a00000,0x00000000d5a80000)
 ParOldGen       total 800768K, used 798314K [0x0000000080000000, 0x00000000b0e00000, 0x00000000d5580000)
  object space 800768K, 99% used [0x0000000080000000,0x00000000b0b9a928,0x00000000b0e00000)
 Metaspace       used 69992K, committed 71744K, reserved 1114112K
  class space    used 7206K, committed 7936K, reserved 1048576K
}
Event: 1786.680 GC heap after
{Heap after GC invocations=323 (full 3):
 PSYoungGen      total 2048K, used 256K [0x00000000d5580000, 0x00000000d5a80000, 0x0000000100000000)
  eden space 1536K, 0% used [0x00000000d5580000,0x00000000d5580000,0x00000000d5700000)
  from space 512K, 50% used [0x00000000d5a00000,0x00000000d5a40000,0x00000000d5a80000)
  to   space 512K, 0% used [0x00000000d5980000,0x00000000d5980000,0x00000000d5a00000)
 ParOldGen       total 800768K, used 798543K [0x0000000080000000, 0x00000000b0e00000, 0x00000000d5580000)
  object space 800768K, 99% used [0x0000000080000000,0x00000000b0bd3c30,0x00000000b0e00000)
 Metaspace       used 69992K, committed 71744K, reserved 1114112K
  class space    used 7206K, committed 7936K, reserved 1048576K
}
Event: 1786.813 GC heap before
{Heap before GC invocations=324 (full 3):
 PSYoungGen      total 2048K, used 1792K [0x00000000d5580000, 0x00000000d5a80000, 0x0000000100000000)
  eden space 1536K, 100% used [0x00000000d5580000,0x00000000d5700000,0x00000000d5700000)
  from space 512K, 50% used [0x00000000d5a00000,0x00000000d5a40000,0x00000000d5a80000)
  to   space 512K, 0% used [0x00000000d5980000,0x00000000d5980000,0x00000000d5a00000)
 ParOldGen       total 800768K, used 798543K [0x0000000080000000, 0x00000000b0e00000, 0x00000000d5580000)
  object space 800768K, 99% used [0x0000000080000000,0x00000000b0bd3c30,0x00000000b0e00000)
 Metaspace       used 69992K, committed 71744K, reserved 1114112K
  class space    used 7206K, committed 7936K, reserved 1048576K
}
Event: 1786.818 GC heap after
{Heap after GC invocations=324 (full 3):
 PSYoungGen      total 2048K, used 320K [0x00000000d5580000, 0x00000000d5a80000, 0x0000000100000000)
  eden space 1536K, 0% used [0x00000000d5580000,0x00000000d5580000,0x00000000d5700000)
  from space 512K, 62% used [0x00000000d5980000,0x00000000d59d0000,0x00000000d5a00000)
  to   space 512K, 0% used [0x00000000d5a00000,0x00000000d5a00000,0x00000000d5a80000)
 ParOldGen       total 800768K, used 798607K [0x0000000080000000, 0x00000000b0e00000, 0x00000000d5580000)
  object space 800768K, 99% used [0x0000000080000000,0x00000000b0be3c30,0x00000000b0e00000)
 Metaspace       used 69992K, committed 71744K, reserved 1114112K
  class space    used 7206K, committed 7936K, reserved 1048576K
}
Event: 1786.890 GC heap before
{Heap before GC invocations=325 (full 3):
 PSYoungGen      total 2048K, used 1856K [0x00000000d5580000, 0x00000000d5a80000, 0x0000000100000000)
  eden space 1536K, 100% used [0x00000000d5580000,0x00000000d5700000,0x00000000d5700000)
  from space 512K, 62% used [0x00000000d5980000,0x00000000d59d0000,0x00000000d5a00000)
  to   space 512K, 0% used [0x00000000d5a00000,0x00000000d5a00000,0x00000000d5a80000)
 ParOldGen       total 800768K, used 798607K [0x0000000080000000, 0x00000000b0e00000, 0x00000000d5580000)
  object space 800768K, 99% used [0x0000000080000000,0x00000000b0be3c30,0x00000000b0e00000)
 Metaspace       used 69996K, committed 71744K, reserved 1114112K
  class space    used 7206K, committed 7936K, reserved 1048576K
}
Event: 1786.894 GC heap after
{Heap after GC invocations=325 (full 3):
 PSYoungGen      total 2048K, used 483K [0x00000000d5580000, 0x00000000d5a80000, 0x0000000100000000)
  eden space 1536K, 0% used [0x00000000d5580000,0x00000000d5580000,0x00000000d5700000)
  from space 512K, 94% used [0x00000000d5a00000,0x00000000d5a78d50,0x00000000d5a80000)
  to   space 1024K, 0% used [0x00000000d5880000,0x00000000d5880000,0x00000000d5980000)
 ParOldGen       total 800768K, used 798767K [0x0000000080000000, 0x00000000b0e00000, 0x00000000d5580000)
  object space 800768K, 99% used [0x0000000080000000,0x00000000b0c0bc30,0x00000000b0e00000)
 Metaspace       used 69996K, committed 71744K, reserved 1114112K
  class space    used 7206K, committed 7936K, reserved 1048576K
}

