# JRE version: OpenJDK Runtime Environment Temurin-21.0.9+10 (21.0.9+10) (build 21.0.9+10-LTS)
# Java VM: OpenJDK 64-Bit Server VM Temurin-21.0.9+10 (21.0.9+10-LTS, mixed mode, sharing, tiered, compressed oops, compressed class ptrs, parallel gc, windows-amd64)
GC Precious Log:
 CardTable entry size: 512
 CPUs: 12 total, 12 available
 Memory: 7521M
 Large Page Support: Disabled
 NUMA Support: Disabled
 Compressed Oops: Enabled (32-bit)
 Alignments: Space 512K, Generation 512K, Heap 2M
 Heap Min Capacity: 100M
 Heap Initial Capacity: 100M
 Heap Max Capacity: 2G
 Pre-touch: Disabled
 Parallel Workers: 10
Heap:
 PSYoungGen      total 5632K, used 5602K [0x00000000d5580000, 0x00000000d5f00000, 0x0000000100000000)
  eden space 4608K, 100% used [0x00000000d5580000,0x00000000d5a00000,0x00000000d5a00000)
  from space 1024K, 97% used [0x00000000d5c00000,0x00000000d5cf8ad0,0x00000000d5d00000)
  to   space 2048K, 36% used [0x00000000d5a00000,0x00000000d5abc010,0x00000000d5c00000)
 ParOldGen       total 141824K, used 141822K [0x0000000080000000, 0x0000000088a80000, 0x00000000d5580000)
  object space 141824K, 99% used [0x0000000080000000,0x0000000088a7fae8,0x0000000088a80000)
 Metaspace       used 68880K, committed 70592K, reserved 1114112K
  class space    used 7084K, committed 7872K, reserved 1048576K
GC Heap History (20 events):
Event: 76.404 GC heap before
{Heap before GC invocations=111 (full 3):
 PSYoungGen      total 6656K, used 6256K [0x00000000d5580000, 0x00000000d5e80000, 0x0000000100000000)
  eden space 5632K, 100% used [0x00000000d5580000,0x00000000d5b00000,0x00000000d5b00000)
  from space 1024K, 60% used [0x00000000d5b00000,0x00000000d5b9c010,0x00000000d5c00000)
  to   space 1536K, 0% used [0x00000000d5d00000,0x00000000d5d00000,0x00000000d5e80000)
 ParOldGen       total 134144K, used 134066K [0x0000000080000000, 0x0000000088300000, 0x00000000d5580000)
  object space 134144K, 99% used [0x0000000080000000,0x00000000882eca58,0x0000000088300000)
 Metaspace       used 68621K, committed 70208K, reserved 1114112K
  class space    used 7070K, committed 7808K, reserved 1048576K
}
Event: 76.407 GC heap after
{Heap after GC invocations=111 (full 3):
 PSYoungGen      total 6656K, used 995K [0x00000000d5580000, 0x00000000d5e00000, 0x0000000100000000)
  eden space 5632K, 0% used [0x00000000d5580000,0x00000000d5580000,0x00000000d5b00000)
  from space 1024K, 97% used [0x00000000d5d00000,0x00000000d5df8fa8,0x00000000d5e00000)
  to   space 1536K, 0% used [0x00000000d5b00000,0x00000000d5b00000,0x00000000d5c80000)
 ParOldGen       total 134656K, used 134442K [0x0000000080000000, 0x0000000088380000, 0x00000000d5580000)
  object space 134656K, 99% used [0x0000000080000000,0x000000008834aa78,0x0000000088380000)
 Metaspace       used 68621K, committed 70208K, reserved 1114112K
  class space    used 7070K, committed 7808K, reserved 1048576K
}
Event: 76.436 GC heap before
{Heap before GC invocations=112 (full 3):
 PSYoungGen      total 6656K, used 6627K [0x00000000d5580000, 0x00000000d5e00000, 0x0000000100000000)
  eden space 5632K, 100% used [0x00000000d5580000,0x00000000d5b00000,0x00000000d5b00000)
  from space 1024K, 97% used [0x00000000d5d00000,0x00000000d5df8fa8,0x00000000d5e00000)
  to   space 1536K, 0% used [0x00000000d5b00000,0x00000000d5b00000,0x00000000d5c80000)
 ParOldGen       total 134656K, used 134442K [0x0000000080000000, 0x0000000088380000, 0x00000000d5580000)
  object space 134656K, 99% used [0x0000000080000000,0x000000008834aa78,0x0000000088380000)
 Metaspace       used 68657K, committed 70272K, reserved 1114112K
  class space    used 7071K, committed 7808K, reserved 1048576K
}
Event: 76.438 GC heap after
{Heap after GC invocations=112 (full 3):
 PSYoungGen      total 7168K, used 736K [0x00000000d5580000, 0x00000000d5d80000, 0x0000000100000000)
  eden space 5632K, 0% used [0x00000000d5580000,0x00000000d5580000,0x00000000d5b00000)
  from space 1536K, 47% used [0x00000000d5b00000,0x00000000d5bb8020,0x00000000d5c80000)
  to   space 1024K, 0% used [0x00000000d5c80000,0x00000000d5c80000,0x00000000d5d80000)
 ParOldGen       total 135680K, used 135230K [0x0000000080000000, 0x0000000088480000, 0x00000000d5580000)
  object space 135680K, 99% used [0x0000000080000000,0x000000008840fb08,0x0000000088480000)
 Metaspace       used 68657K, committed 70272K, reserved 1114112K
  class space    used 7071K, committed 7808K, reserved 1048576K
}
Event: 76.464 GC heap before
{Heap before GC invocations=113 (full 3):
 PSYoungGen      total 7168K, used 6368K [0x00000000d5580000, 0x00000000d5d80000, 0x0000000100000000)
  eden space 5632K, 100% used [0x00000000d5580000,0x00000000d5b00000,0x00000000d5b00000)
  from space 1536K, 47% used [0x00000000d5b00000,0x00000000d5bb8020,0x00000000d5c80000)
  to   space 1024K, 0% used [0x00000000d5c80000,0x00000000d5c80000,0x00000000d5d80000)
 ParOldGen       total 135680K, used 135230K [0x0000000080000000, 0x0000000088480000, 0x00000000d5580000)
  object space 135680K, 99% used [0x0000000080000000,0x000000008840fb08,0x0000000088480000)
 Metaspace       used 68673K, committed 70336K, reserved 1114112K
  class space    used 7071K, committed 7808K, reserved 1048576K
}
Event: 76.467 GC heap after
{Heap after GC invocations=113 (full 3):
 PSYoungGen      total 6656K, used 704K [0x00000000d5580000, 0x00000000d5d80000, 0x0000000100000000)
  eden space 5632K, 0% used [0x00000000d5580000,0x00000000d5580000,0x00000000d5b00000)
  from space 1024K, 68% used [0x00000000d5c80000,0x00000000d5d30000,0x00000000d5d80000)
  to   space 1024K, 0% used [0x00000000d5b80000,0x00000000d5b80000,0x00000000d5c80000)
 ParOldGen       total 136192K, used 135726K [0x0000000080000000, 0x0000000088500000, 0x00000000d5580000)
  object space 136192K, 99% used [0x0000000080000000,0x000000008848bb48,0x0000000088500000)
 Metaspace       used 68673K, committed 70336K, reserved 1114112K
  class space    used 7071K, committed 7808K, reserved 1048576K
}
Event: 76.514 GC heap before
{Heap before GC invocations=114 (full 3):
 PSYoungGen      total 6656K, used 6336K [0x00000000d5580000, 0x00000000d5d80000, 0x0000000100000000)
  eden space 5632K, 100% used [0x00000000d5580000,0x00000000d5b00000,0x00000000d5b00000)
  from space 1024K, 68% used [0x00000000d5c80000,0x00000000d5d30000,0x00000000d5d80000)
  to   space 1024K, 0% used [0x00000000d5b80000,0x00000000d5b80000,0x00000000d5c80000)
 ParOldGen       total 136192K, used 135726K [0x0000000080000000, 0x0000000088500000, 0x00000000d5580000)
  object space 136192K, 99% used [0x0000000080000000,0x000000008848bb48,0x0000000088500000)
 Metaspace       used 68719K, committed 70336K, reserved 1114112K
  class space    used 7073K, committed 7808K, reserved 1048576K
}
Event: 76.516 GC heap after
{Heap after GC invocations=114 (full 3):
 PSYoungGen      total 6656K, used 998K [0x00000000d5580000, 0x00000000d5e00000, 0x0000000100000000)
  eden space 5632K, 0% used [0x00000000d5580000,0x00000000d5580000,0x00000000d5b00000)
  from space 1024K, 97% used [0x00000000d5b80000,0x00000000d5c79938,0x00000000d5c80000)
  to   space 1536K, 0% used [0x00000000d5c80000,0x00000000d5c80000,0x00000000d5e00000)
 ParOldGen       total 136192K, used 136126K [0x0000000080000000, 0x0000000088500000, 0x00000000d5580000)
  object space 136192K, 99% used [0x0000000080000000,0x00000000884efb88,0x0000000088500000)
 Metaspace       used 68719K, committed 70336K, reserved 1114112K
  class space    used 7073K, committed 7808K, reserved 1048576K
}
Event: 76.553 GC heap before
{Heap before GC invocations=115 (full 3):
 PSYoungGen      total 6656K, used 6630K [0x00000000d5580000, 0x00000000d5e00000, 0x0000000100000000)
  eden space 5632K, 99% used [0x00000000d5580000,0x00000000d5affff0,0x00000000d5b00000)
  from space 1024K, 97% used [0x00000000d5b80000,0x00000000d5c79938,0x00000000d5c80000)
  to   space 1536K, 0% used [0x00000000d5c80000,0x00000000d5c80000,0x00000000d5e00000)
 ParOldGen       total 136192K, used 136126K [0x0000000080000000, 0x0000000088500000, 0x00000000d5580000)
  object space 136192K, 99% used [0x0000000080000000,0x00000000884efb88,0x0000000088500000)
 Metaspace       used 68750K, committed 70400K, reserved 1114112K
  class space    used 7074K, committed 7808K, reserved 1048576K
}
Event: 76.555 GC heap after
{Heap after GC invocations=115 (full 3):
 PSYoungGen      total 7168K, used 950K [0x00000000d5580000, 0x00000000d5e00000, 0x0000000100000000)
  eden space 5632K, 0% used [0x00000000d5580000,0x00000000d5580000,0x00000000d5b00000)
  from space 1536K, 61% used [0x00000000d5c80000,0x00000000d5d6da40,0x00000000d5e00000)
  to   space 1536K, 0% used [0x00000000d5b00000,0x00000000d5b00000,0x00000000d5c80000)
 ParOldGen       total 137216K, used 137044K [0x0000000080000000, 0x0000000088600000, 0x00000000d5580000)
  object space 137216K, 99% used [0x0000000080000000,0x00000000885d5018,0x0000000088600000)
 Metaspace       used 68750K, committed 70400K, reserved 1114112K
  class space    used 7074K, committed 7808K, reserved 1048576K
}
Event: 76.581 GC heap before
{Heap before GC invocations=116 (full 3):
 PSYoungGen      total 7168K, used 6582K [0x00000000d5580000, 0x00000000d5e00000, 0x0000000100000000)
  eden space 5632K, 99% used [0x00000000d5580000,0x00000000d5affff8,0x00000000d5b00000)
  from space 1536K, 61% used [0x00000000d5c80000,0x00000000d5d6da40,0x00000000d5e00000)
  to   space 1536K, 0% used [0x00000000d5b00000,0x00000000d5b00000,0x00000000d5c80000)
 ParOldGen       total 137216K, used 137044K [0x0000000080000000, 0x0000000088600000, 0x00000000d5580000)
  object space 137216K, 99% used [0x0000000080000000,0x00000000885d5018,0x0000000088600000)
 Metaspace       used 68768K, committed 70400K, reserved 1114112K
  class space    used 7074K, committed 7808K, reserved 1048576K
}
Event: 76.583 GC heap after
{Heap after GC invocations=116 (full 3):
 PSYoungGen      total 7168K, used 1341K [0x00000000d5580000, 0x00000000d5e00000, 0x0000000100000000)
  eden space 5632K, 0% used [0x00000000d5580000,0x00000000d5580000,0x00000000d5b00000)
  from space 1536K, 87% used [0x00000000d5b00000,0x00000000d5c4f448,0x00000000d5c80000)
  to   space 1536K, 0% used [0x00000000d5c80000,0x00000000d5c80000,0x00000000d5e00000)
 ParOldGen       total 138240K, used 137779K [0x0000000080000000, 0x0000000088700000, 0x00000000d5580000)
  object space 138240K, 99% used [0x0000000080000000,0x000000008868ccd8,0x0000000088700000)
 Metaspace       used 68768K, committed 70400K, reserved 1114112K
  class space    used 7074K, committed 7808K, reserved 1048576K
}
Event: 76.604 GC heap before
{Heap before GC invocations=117 (full 3):
 PSYoungGen      total 7168K, used 6973K [0x00000000d5580000, 0x00000000d5e00000, 0x0000000100000000)
  eden space 5632K, 100% used [0x00000000d5580000,0x00000000d5b00000,0x00000000d5b00000)
  from space 1536K, 87% used [0x00000000d5b00000,0x00000000d5c4f448,0x00000000d5c80000)
  to   space 1536K, 0% used [0x00000000d5c80000,0x00000000d5c80000,0x00000000d5e00000)
 ParOldGen       total 138240K, used 137779K [0x0000000080000000, 0x0000000088700000, 0x00000000d5580000)
  object space 138240K, 99% used [0x0000000080000000,0x000000008868ccd8,0x0000000088700000)
 Metaspace       used 68773K, committed 70400K, reserved 1114112K
  class space    used 7074K, committed 7808K, reserved 1048576K
}
Event: 76.607 GC heap after
{Heap after GC invocations=117 (full 3):
 PSYoungGen      total 6144K, used 509K [0x00000000d5580000, 0x00000000d5d00000, 0x0000000100000000)
  eden space 5632K, 0% used [0x00000000d5580000,0x00000000d5580000,0x00000000d5b00000)
  from space 512K, 99% used [0x00000000d5c80000,0x00000000d5cff428,0x00000000d5d00000)
  to   space 1024K, 0% used [0x00000000d5b00000,0x00000000d5b00000,0x00000000d5c00000)
 ParOldGen       total 139264K, used 138784K [0x0000000080000000, 0x0000000088800000, 0x00000000d5580000)
  object space 139264K, 99% used [0x0000000080000000,0x0000000088788120,0x0000000088800000)
 Metaspace       used 68773K, committed 70400K, reserved 1114112K
  class space    used 7074K, committed 7808K, reserved 1048576K
}
Event: 76.616 GC heap before
{Heap before GC invocations=118 (full 3):
 PSYoungGen      total 6144K, used 6141K [0x00000000d5580000, 0x00000000d5d00000, 0x0000000100000000)
  eden space 5632K, 100% used [0x00000000d5580000,0x00000000d5b00000,0x00000000d5b00000)
  from space 512K, 99% used [0x00000000d5c80000,0x00000000d5cff428,0x00000000d5d00000)
  to   space 1024K, 0% used [0x00000000d5b00000,0x00000000d5b00000,0x00000000d5c00000)
 ParOldGen       total 139264K, used 138784K [0x0000000080000000, 0x0000000088800000, 0x00000000d5580000)
  object space 139264K, 99% used [0x0000000080000000,0x0000000088788120,0x0000000088800000)
 Metaspace       used 68778K, committed 70400K, reserved 1114112K
  class space    used 7074K, committed 7808K, reserved 1048576K
}
Event: 76.618 GC heap after
{Heap after GC invocations=118 (full 3):
 PSYoungGen      total 6656K, used 480K [0x00000000d5580000, 0x00000000d5d00000, 0x0000000100000000)
  eden space 5632K, 0% used [0x00000000d5580000,0x00000000d5580000,0x00000000d5b00000)
  from space 1024K, 46% used [0x00000000d5b00000,0x00000000d5b78000,0x00000000d5c00000)
  to   space 1024K, 0% used [0x00000000d5c00000,0x00000000d5c00000,0x00000000d5d00000)
 ParOldGen       total 139264K, used 139048K [0x0000000080000000, 0x0000000088800000, 0x00000000d5580000)
  object space 139264K, 99% used [0x0000000080000000,0x00000000887ca120,0x0000000088800000)
 Metaspace       used 68778K, committed 70400K, reserved 1114112K
  class space    used 7074K, committed 7808K, reserved 1048576K
}
Event: 76.632 GC heap before
{Heap before GC invocations=119 (full 3):
 PSYoungGen      total 6656K, used 6091K [0x00000000d5580000, 0x00000000d5d00000, 0x0000000100000000)
  eden space 5632K, 99% used [0x00000000d5580000,0x00000000d5afacc8,0x00000000d5b00000)
  from space 1024K, 46% used [0x00000000d5b00000,0x00000000d5b78000,0x00000000d5c00000)
  to   space 1024K, 0% used [0x00000000d5c00000,0x00000000d5c00000,0x00000000d5d00000)
 ParOldGen       total 139264K, used 139048K [0x0000000080000000, 0x0000000088800000, 0x00000000d5580000)
  object space 139264K, 99% used [0x0000000080000000,0x00000000887ca120,0x0000000088800000)
 Metaspace       used 68778K, committed 70400K, reserved 1114112K
  class space    used 7074K, committed 7808K, reserved 1048576K
}
Event: 76.634 GC heap after
{Heap after GC invocations=119 (full 3):
 PSYoungGen      total 6656K, used 762K [0x00000000d5580000, 0x00000000d5d00000, 0x0000000100000000)
  eden space 5632K, 0% used [0x00000000d5580000,0x00000000d5580000,0x00000000d5b00000)
  from space 1024K, 74% used [0x00000000d5c00000,0x00000000d5cbe810,0x00000000d5d00000)
  to   space 1024K, 0% used [0x00000000d5b00000,0x00000000d5b00000,0x00000000d5c00000)
 ParOldGen       total 139776K, used 139372K [0x0000000080000000, 0x0000000088880000, 0x00000000d5580000)
  object space 139776K, 99% used [0x0000000080000000,0x000000008881b170,0x0000000088880000)
 Metaspace       used 68778K, committed 70400K, reserved 1114112K
  class space    used 7074K, committed 7808K, reserved 1048576K
}
Event: 76.654 GC heap before
{Heap before GC invocations=120 (full 3):
 PSYoungGen      total 6656K, used 6394K [0x00000000d5580000, 0x00000000d5d00000, 0x0000000100000000)
  eden space 5632K, 100% used [0x00000000d5580000,0x00000000d5b00000,0x00000000d5b00000)
  from space 1024K, 74% used [0x00000000d5c00000,0x00000000d5cbe810,0x00000000d5d00000)
  to   space 1024K, 0% used [0x00000000d5b00000,0x00000000d5b00000,0x00000000d5c00000)
 ParOldGen       total 139776K, used 139372K [0x0000000080000000, 0x0000000088880000, 0x00000000d5580000)
  object space 139776K, 99% used [0x0000000080000000,0x000000008881b170,0x0000000088880000)
 Metaspace       used 68787K, committed 70400K, reserved 1114112K
  class space    used 7074K, committed 7808K, reserved 1048576K
}
Event: 76.656 GC heap after
{Heap after GC invocations=120 (full 3):
 PSYoungGen      total 6656K, used 736K [0x00000000d5580000, 0x00000000d5d00000, 0x0000000100000000)
  eden space 5632K, 0% used [0x00000000d5580000,0x00000000d5580000,0x00000000d5b00000)
  from space 1024K, 71% used [0x00000000d5b00000,0x00000000d5bb8000,0x00000000d5c00000)
  to   space 1024K, 0% used [0x00000000d5c00000,0x00000000d5c00000,0x00000000d5d00000)
 ParOldGen       total 140288K, used 139908K [0x0000000080000000, 0x0000000088900000, 0x00000000d5580000)
  object space 140288K, 99% used [0x0000000080000000,0x00000000888a11b0,0x0000000088900000)
 Metaspace       used 68787K, committed 70400K, reserved 1114112K
  class space    used 7074K, committed 7808K, reserved 1048576K
}

