# JRE version: OpenJDK Runtime Environment Temurin-21.0.9+10 (21.0.9+10) (build 21.0.9+10-LTS)
# Java VM: OpenJDK 64-Bit Server VM Temurin-21.0.9+10 (21.0.9+10-LTS, mixed mode, sharing, tiered, compressed oops, compressed class ptrs, parallel gc, windows-amd64)
GC Precious Log:
 CardTable entry size: 512
 CPUs: 12 total, 12 available
 Memory: 7521M
 Large Page Support: Disabled
 NUMA Support: Disabled
 Compressed Oops: Enabled (32-bit)
 Alignments: Space 512K, Generation 512K, Heap 2M
 Heap Min Capacity: 100M
 Heap Initial Capacity: 100M
 Heap Max Capacity: 2G
 Pre-touch: Disabled
 Parallel Workers: 10
Heap:
 PSYoungGen      total 18432K, used 10289K [0x00000000d5580000, 0x00000000d6b00000, 0x0000000100000000)
  eden space 16384K, 52% used [0x00000000d5580000,0x00000000d5dde0f8,0x00000000d6580000)
  from space 2048K, 84% used [0x00000000d6880000,0x00000000d6a2e400,0x00000000d6a80000)
  to   space 512K, 0% used [0x00000000d6a80000,0x00000000d6a80000,0x00000000d6b00000)
 ParOldGen       total 68608K, used 53036K [0x0000000080000000, 0x0000000084300000, 0x00000000d5580000)
  object space 68608K, 77% used [0x0000000080000000,0x00000000833cb2b8,0x0000000084300000)
 Metaspace       used 52199K, committed 53568K, reserved 1114112K
  class space    used 5700K, committed 6336K, reserved 1048576K
GC Heap History (20 events):
Event: 11.695 GC heap before
{Heap before GC invocations=23 (full 2):
 PSYoungGen      total 22528K, used 22304K [0x00000000d5580000, 0x00000000d6d80000, 0x0000000100000000)
  eden space 22016K, 100% used [0x00000000d5580000,0x00000000d6b00000,0x00000000d6b00000)
  from space 512K, 56% used [0x00000000d6d00000,0x00000000d6d48000,0x00000000d6d80000)
  to   space 1024K, 0% used [0x00000000d6b80000,0x00000000d6b80000,0x00000000d6c80000)
 ParOldGen       total 68608K, used 26711K [0x0000000080000000, 0x0000000084300000, 0x00000000d5580000)
  object space 68608K, 38% used [0x0000000080000000,0x0000000081a15c70,0x0000000084300000)
 Metaspace       used 47761K, committed 49024K, reserved 1114112K
  class space    used 5194K, committed 5696K, reserved 1048576K
}
Event: 11.697 GC heap after
{Heap after GC invocations=23 (full 2):
 PSYoungGen      total 23040K, used 704K [0x00000000d5580000, 0x00000000d6d80000, 0x0000000100000000)
  eden space 22016K, 0% used [0x00000000d5580000,0x00000000d5580000,0x00000000d6b00000)
  from space 1024K, 68% used [0x00000000d6b80000,0x00000000d6c30000,0x00000000d6c80000)
  to   space 1024K, 0% used [0x00000000d6c80000,0x00000000d6c80000,0x00000000d6d80000)
 ParOldGen       total 68608K, used 26799K [0x0000000080000000, 0x0000000084300000, 0x00000000d5580000)
  object space 68608K, 39% used [0x0000000080000000,0x0000000081a2bc80,0x0000000084300000)
 Metaspace       used 47761K, committed 49024K, reserved 1114112K
  class space    used 5194K, committed 5696K, reserved 1048576K
}
Event: 12.518 GC heap before
{Heap before GC invocations=24 (full 2):
 PSYoungGen      total 23040K, used 22720K [0x00000000d5580000, 0x00000000d6d80000, 0x0000000100000000)
  eden space 22016K, 100% used [0x00000000d5580000,0x00000000d6b00000,0x00000000d6b00000)
  from space 1024K, 68% used [0x00000000d6b80000,0x00000000d6c30000,0x00000000d6c80000)
  to   space 1024K, 0% used [0x00000000d6c80000,0x00000000d6c80000,0x00000000d6d80000)
 ParOldGen       total 68608K, used 26799K [0x0000000080000000, 0x0000000084300000, 0x00000000d5580000)
  object space 68608K, 39% used [0x0000000080000000,0x0000000081a2bc80,0x0000000084300000)
 Metaspace       used 48610K, committed 49920K, reserved 1114112K
  class space    used 5296K, committed 5824K, reserved 1048576K
}
Event: 12.523 GC heap after
{Heap after GC invocations=24 (full 2):
 PSYoungGen      total 17408K, used 1001K [0x00000000d5580000, 0x00000000d7900000, 0x0000000100000000)
  eden space 16384K, 0% used [0x00000000d5580000,0x00000000d5580000,0x00000000d6580000)
  from space 1024K, 97% used [0x00000000d6c80000,0x00000000d6d7a5a8,0x00000000d6d80000)
  to   space 7168K, 0% used [0x00000000d6580000,0x00000000d6580000,0x00000000d6c80000)
 ParOldGen       total 68608K, used 31669K [0x0000000080000000, 0x0000000084300000, 0x00000000d5580000)
  object space 68608K, 46% used [0x0000000080000000,0x0000000081eed420,0x0000000084300000)
 Metaspace       used 48610K, committed 49920K, reserved 1114112K
  class space    used 5296K, committed 5824K, reserved 1048576K
}
Event: 12.717 GC heap before
{Heap before GC invocations=25 (full 2):
 PSYoungGen      total 17408K, used 17385K [0x00000000d5580000, 0x00000000d7900000, 0x0000000100000000)
  eden space 16384K, 100% used [0x00000000d5580000,0x00000000d6580000,0x00000000d6580000)
  from space 1024K, 97% used [0x00000000d6c80000,0x00000000d6d7a5a8,0x00000000d6d80000)
  to   space 7168K, 0% used [0x00000000d6580000,0x00000000d6580000,0x00000000d6c80000)
 ParOldGen       total 68608K, used 31669K [0x0000000080000000, 0x0000000084300000, 0x00000000d5580000)
  object space 68608K, 46% used [0x0000000080000000,0x0000000081eed420,0x0000000084300000)
 Metaspace       used 49261K, committed 50688K, reserved 1114112K
  class space    used 5345K, committed 5952K, reserved 1048576K
}
Event: 12.721 GC heap after
{Heap after GC invocations=25 (full 2):
 PSYoungGen      total 23552K, used 7152K [0x00000000d5580000, 0x00000000d7880000, 0x0000000100000000)
  eden space 16384K, 0% used [0x00000000d5580000,0x00000000d5580000,0x00000000d6580000)
  from space 7168K, 99% used [0x00000000d6580000,0x00000000d6c7c3e0,0x00000000d6c80000)
  to   space 9728K, 0% used [0x00000000d6f00000,0x00000000d6f00000,0x00000000d7880000)
 ParOldGen       total 68608K, used 33434K [0x0000000080000000, 0x0000000084300000, 0x00000000d5580000)
  object space 68608K, 48% used [0x0000000080000000,0x00000000820a6918,0x0000000084300000)
 Metaspace       used 49261K, committed 50688K, reserved 1114112K
  class space    used 5345K, committed 5952K, reserved 1048576K
}
Event: 12.796 GC heap before
{Heap before GC invocations=26 (full 2):
 PSYoungGen      total 23552K, used 23536K [0x00000000d5580000, 0x00000000d7880000, 0x0000000100000000)
  eden space 16384K, 100% used [0x00000000d5580000,0x00000000d6580000,0x00000000d6580000)
  from space 7168K, 99% used [0x00000000d6580000,0x00000000d6c7c3e0,0x00000000d6c80000)
  to   space 9728K, 0% used [0x00000000d6f00000,0x00000000d6f00000,0x00000000d7880000)
 ParOldGen       total 68608K, used 33434K [0x0000000080000000, 0x0000000084300000, 0x00000000d5580000)
  object space 68608K, 48% used [0x0000000080000000,0x00000000820a6918,0x0000000084300000)
 Metaspace       used 49299K, committed 50688K, reserved 1114112K
  class space    used 5345K, committed 5952K, reserved 1048576K
}
Event: 12.836 GC heap after
{Heap after GC invocations=26 (full 2):
 PSYoungGen      total 18432K, used 1888K [0x00000000d5580000, 0x00000000d7100000, 0x0000000100000000)
  eden space 16384K, 0% used [0x00000000d5580000,0x00000000d5580000,0x00000000d6580000)
  from space 2048K, 92% used [0x00000000d6f00000,0x00000000d70d8010,0x00000000d7100000)
  to   space 4608K, 0% used [0x00000000d6800000,0x00000000d6800000,0x00000000d6c80000)
 ParOldGen       total 68608K, used 40622K [0x0000000080000000, 0x0000000084300000, 0x00000000d5580000)
  object space 68608K, 59% used [0x0000000080000000,0x00000000827abbc8,0x0000000084300000)
 Metaspace       used 49299K, committed 50688K, reserved 1114112K
  class space    used 5345K, committed 5952K, reserved 1048576K
}
Event: 13.007 GC heap before
{Heap before GC invocations=27 (full 2):
 PSYoungGen      total 18432K, used 18272K [0x00000000d5580000, 0x00000000d7100000, 0x0000000100000000)
  eden space 16384K, 100% used [0x00000000d5580000,0x00000000d6580000,0x00000000d6580000)
  from space 2048K, 92% used [0x00000000d6f00000,0x00000000d70d8010,0x00000000d7100000)
  to   space 4608K, 0% used [0x00000000d6800000,0x00000000d6800000,0x00000000d6c80000)
 ParOldGen       total 68608K, used 40622K [0x0000000080000000, 0x0000000084300000, 0x00000000d5580000)
  object space 68608K, 59% used [0x0000000080000000,0x00000000827abbc8,0x0000000084300000)
 Metaspace       used 49655K, committed 51072K, reserved 1114112K
  class space    used 5398K, committed 6016K, reserved 1048576K
}
Event: 13.011 GC heap after
{Heap after GC invocations=27 (full 2):
 PSYoungGen      total 20992K, used 2033K [0x00000000d5580000, 0x00000000d6f80000, 0x0000000100000000)
  eden space 16384K, 0% used [0x00000000d5580000,0x00000000d5580000,0x00000000d6580000)
  from space 4608K, 44% used [0x00000000d6800000,0x00000000d69fc410,0x00000000d6c80000)
  to   space 2560K, 0% used [0x00000000d6d00000,0x00000000d6d00000,0x00000000d6f80000)
 ParOldGen       total 68608K, used 42422K [0x0000000080000000, 0x0000000084300000, 0x00000000d5580000)
  object space 68608K, 61% used [0x0000000080000000,0x000000008296dbd8,0x0000000084300000)
 Metaspace       used 49655K, committed 51072K, reserved 1114112K
  class space    used 5398K, committed 6016K, reserved 1048576K
}
Event: 13.089 GC heap before
{Heap before GC invocations=28 (full 2):
 PSYoungGen      total 20992K, used 18417K [0x00000000d5580000, 0x00000000d6f80000, 0x0000000100000000)
  eden space 16384K, 100% used [0x00000000d5580000,0x00000000d6580000,0x00000000d6580000)
  from space 4608K, 44% used [0x00000000d6800000,0x00000000d69fc410,0x00000000d6c80000)
  to   space 2560K, 0% used [0x00000000d6d00000,0x00000000d6d00000,0x00000000d6f80000)
 ParOldGen       total 68608K, used 42422K [0x0000000080000000, 0x0000000084300000, 0x00000000d5580000)
  object space 68608K, 61% used [0x0000000080000000,0x000000008296dbd8,0x0000000084300000)
 Metaspace       used 49831K, committed 51200K, reserved 1114112K
  class space    used 5418K, committed 6016K, reserved 1048576K
}
Event: 13.092 GC heap after
{Heap after GC invocations=28 (full 2):
 PSYoungGen      total 18944K, used 2114K [0x00000000d5580000, 0x00000000d6f80000, 0x0000000100000000)
  eden space 16384K, 0% used [0x00000000d5580000,0x00000000d5580000,0x00000000d6580000)
  from space 2560K, 82% used [0x00000000d6d00000,0x00000000d6f10810,0x00000000d6f80000)
  to   space 2560K, 0% used [0x00000000d6a80000,0x00000000d6a80000,0x00000000d6d00000)
 ParOldGen       total 68608K, used 44234K [0x0000000080000000, 0x0000000084300000, 0x00000000d5580000)
  object space 68608K, 64% used [0x0000000080000000,0x0000000082b328c8,0x0000000084300000)
 Metaspace       used 49831K, committed 51200K, reserved 1114112K
  class space    used 5418K, committed 6016K, reserved 1048576K
}
Event: 13.149 GC heap before
{Heap before GC invocations=29 (full 2):
 PSYoungGen      total 18944K, used 18498K [0x00000000d5580000, 0x00000000d6f80000, 0x0000000100000000)
  eden space 16384K, 100% used [0x00000000d5580000,0x00000000d6580000,0x00000000d6580000)
  from space 2560K, 82% used [0x00000000d6d00000,0x00000000d6f10810,0x00000000d6f80000)
  to   space 2560K, 0% used [0x00000000d6a80000,0x00000000d6a80000,0x00000000d6d00000)
 ParOldGen       total 68608K, used 44234K [0x0000000080000000, 0x0000000084300000, 0x00000000d5580000)
  object space 68608K, 64% used [0x0000000080000000,0x0000000082b328c8,0x0000000084300000)
 Metaspace       used 50063K, committed 51392K, reserved 1114112K
  class space    used 5441K, committed 6016K, reserved 1048576K
}
Event: 13.152 GC heap after
{Heap after GC invocations=29 (full 2):
 PSYoungGen      total 18432K, used 1872K [0x00000000d5580000, 0x00000000d6d80000, 0x0000000100000000)
  eden space 16384K, 0% used [0x00000000d5580000,0x00000000d5580000,0x00000000d6580000)
  from space 2048K, 91% used [0x00000000d6a80000,0x00000000d6c54370,0x00000000d6c80000)
  to   space 1024K, 0% used [0x00000000d6c80000,0x00000000d6c80000,0x00000000d6d80000)
 ParOldGen       total 68608K, used 46095K [0x0000000080000000, 0x0000000084300000, 0x00000000d5580000)
  object space 68608K, 67% used [0x0000000080000000,0x0000000082d03c08,0x0000000084300000)
 Metaspace       used 50063K, committed 51392K, reserved 1114112K
  class space    used 5441K, committed 6016K, reserved 1048576K
}
Event: 13.223 GC heap before
{Heap before GC invocations=30 (full 2):
 PSYoungGen      total 18432K, used 18256K [0x00000000d5580000, 0x00000000d6d80000, 0x0000000100000000)
  eden space 16384K, 100% used [0x00000000d5580000,0x00000000d6580000,0x00000000d6580000)
  from space 2048K, 91% used [0x00000000d6a80000,0x00000000d6c54370,0x00000000d6c80000)
  to   space 1024K, 0% used [0x00000000d6c80000,0x00000000d6c80000,0x00000000d6d80000)
 ParOldGen       total 68608K, used 46095K [0x0000000080000000, 0x0000000084300000, 0x00000000d5580000)
  object space 68608K, 67% used [0x0000000080000000,0x0000000082d03c08,0x0000000084300000)
 Metaspace       used 50296K, committed 51648K, reserved 1114112K
  class space    used 5459K, committed 6080K, reserved 1048576K
}
Event: 13.226 GC heap after
{Heap after GC invocations=30 (full 2):
 PSYoungGen      total 17408K, used 1024K [0x00000000d5580000, 0x00000000d6d80000, 0x0000000100000000)
  eden space 16384K, 0% used [0x00000000d5580000,0x00000000d5580000,0x00000000d6580000)
  from space 1024K, 100% used [0x00000000d6c80000,0x00000000d6d80000,0x00000000d6d80000)
  to   space 4096K, 0% used [0x00000000d6580000,0x00000000d6580000,0x00000000d6980000)
 ParOldGen       total 68608K, used 48508K [0x0000000080000000, 0x0000000084300000, 0x00000000d5580000)
  object space 68608K, 70% used [0x0000000080000000,0x0000000082f5f240,0x0000000084300000)
 Metaspace       used 50296K, committed 51648K, reserved 1114112K
  class space    used 5459K, committed 6080K, reserved 1048576K
}
Event: 13.313 GC heap before
{Heap before GC invocations=31 (full 2):
 PSYoungGen      total 17408K, used 17408K [0x00000000d5580000, 0x00000000d6d80000, 0x0000000100000000)
  eden space 16384K, 100% used [0x00000000d5580000,0x00000000d6580000,0x00000000d6580000)
  from space 1024K, 100% used [0x00000000d6c80000,0x00000000d6d80000,0x00000000d6d80000)
  to   space 4096K, 0% used [0x00000000d6580000,0x00000000d6580000,0x00000000d6980000)
 ParOldGen       total 68608K, used 48508K [0x0000000080000000, 0x0000000084300000, 0x00000000d5580000)
  object space 68608K, 70% used [0x0000000080000000,0x0000000082f5f240,0x0000000084300000)
 Metaspace       used 50369K, committed 51776K, reserved 1114112K
  class space    used 5459K, committed 6080K, reserved 1048576K
}
Event: 13.316 GC heap after
{Heap after GC invocations=31 (full 2):
 PSYoungGen      total 20480K, used 1984K [0x00000000d5580000, 0x00000000d6d00000, 0x0000000100000000)
  eden space 16384K, 0% used [0x00000000d5580000,0x00000000d5580000,0x00000000d6580000)
  from space 4096K, 48% used [0x00000000d6580000,0x00000000d6770010,0x00000000d6980000)
  to   space 2560K, 0% used [0x00000000d6a80000,0x00000000d6a80000,0x00000000d6d00000)
 ParOldGen       total 68608K, used 49564K [0x0000000080000000, 0x0000000084300000, 0x00000000d5580000)
  object space 68608K, 72% used [0x0000000080000000,0x00000000830670a8,0x0000000084300000)
 Metaspace       used 50369K, committed 51776K, reserved 1114112K
  class space    used 5459K, committed 6080K, reserved 1048576K
}
Event: 13.417 GC heap before
{Heap before GC invocations=32 (full 2):
 PSYoungGen      total 20480K, used 18368K [0x00000000d5580000, 0x00000000d6d00000, 0x0000000100000000)
  eden space 16384K, 100% used [0x00000000d5580000,0x00000000d6580000,0x00000000d6580000)
  from space 4096K, 48% used [0x00000000d6580000,0x00000000d6770010,0x00000000d6980000)
  to   space 2560K, 0% used [0x00000000d6a80000,0x00000000d6a80000,0x00000000d6d00000)
 ParOldGen       total 68608K, used 49564K [0x0000000080000000, 0x0000000084300000, 0x00000000d5580000)
  object space 68608K, 72% used [0x0000000080000000,0x00000000830670a8,0x0000000084300000)
 Metaspace       used 50395K, committed 51840K, reserved 1114112K
  class space    used 5459K, committed 6080K, reserved 1048576K
}
Event: 13.421 GC heap after
{Heap after GC invocations=32 (full 2):
 PSYoungGen      total 18432K, used 1816K [0x00000000d5580000, 0x00000000d6c80000, 0x0000000100000000)
  eden space 16384K, 0% used [0x00000000d5580000,0x00000000d5580000,0x00000000d6580000)
  from space 2048K, 88% used [0x00000000d6a80000,0x00000000d6c46200,0x00000000d6c80000)
  to   space 2048K, 0% used [0x00000000d6880000,0x00000000d6880000,0x00000000d6a80000)
 ParOldGen       total 68608K, used 51396K [0x0000000080000000, 0x0000000084300000, 0x00000000d5580000)
  object space 68608K, 74% used [0x0000000080000000,0x00000000832310b8,0x0000000084300000)
 Metaspace       used 50395K, committed 51840K, reserved 1114112K
  class space    used 5459K, committed 6080K, reserved 1048576K
}

